>>> t = 0 ===================================================================================================
setup_training %%%%%%%%%%%%%%%%%%%%%%%%%%%%%%%%%%%%%%%%%%%%
len(feats) = 72
<IKGHomoThree>
    <>~Market & (
        <>Return{.&pure&~digit&~TEN} & ~Since & Return{.&
            <>(oo|cc|aoo|acc|daoc)
            & index[0]
          }
        | Return{.&pure&~index} & ~Since & Return{.&
            <>(oo|aoo)
            & [3:,6:,9:,12:,15:,18:,6:3,9:6,12:9,15:12,18:15,21:18,9:3,12:6,            15:9,18:12,21:15,12:3,15:6,18:9,21:12,15:3,18:6,21:9,18:3,21:6,21:3]
          }
        | (
            <>Return{(oo{.&[1:]}|aoo[1:])}
            & (
                <> ~Drawdown&~Drawup&~Since{Min}&~Since{Max}
                | Drawdown[1:, 5:,10:]
                | Since{Max&index[0]}
                | Since{Min&index[0,10]}
              )
            & Since[21:,62:,125:,250:]
          )
      )
    
len(samps) = 14
[[2009.0, 2009.25], [2009.5, 2009.75], [2010.0, 2010.25], [2010.5, 2010.75], [2011.0, 2011.25], [2011.5, 2011.75], [2012.0, 2012.25], [2012.5, 2012.75], [2013.0, 2013.25], [2013.5, 2013.75], [2014.0, 2014.25], [2014.5, 2014.75], [2015.0, 2015.25], []]
>>>  k = 0 ---------------------------------------------------------------------------------------------------
{'learning_rate': 0.05, 'max_depth': -1, 'num_leaves': 4096}
{'min_data_in_leaf': 120, 'min_sum_hessian_in_leaf': 100, 'lambda_l1': 0, 'lambda_l2': 0}
<<<RESULTS>>>: walk 0 <IKGHomoThree>
nbest = 67
train = [1.6066011847996107, 1.4524517528697485, 1.4799339014223427, 1.4472445650773347, 1.464253775178037, 1.437031344147585, 1.396252719656102, 1.4621185076238685, 1.4406337605888067, 1.4725754989989992, 1.4866046674748323, 1.5064345893630453, 1.4493529486544208, 1.454752233966548]
scores = [0.6292725712022371, 0.48045929063143483, 0.5852698360140728, 0.5655539520456099, 0.6903331324225924, 0.4886982150052473, 1.0718042593870312, 0.6517918468806546, 0.6092262431427774, 0.7651037187186803, 0.4816162819891949, 0.6845617933790646, 0.4808503521795122, 1.454752233966548]
score = 0.6015766521369956
holdout = [[0.6895961565770492, 0.5230986778307478, 0.312661748757919], [0.6392046930890749, 0.49993230739333555, 0.30092841819890526], [0.6933370659600089, 0.560356226854801, 0.3033458587373469], [0.628846106360292, 0.5283897416156715, 0.30726223131773495], [0.6310300910958736, 0.526663204146635, 0.3334131786027829], [0.6267440488749977, 0.6089023513709009, 0.3329893060120003], [0.6378406108478998, 0.5550974777103563, 0.3560469785467439], [0.6616369619655879, 0.5044693221953813, 0.29763817674004933], [0.6279674857470563, 0.5244879251525509, 0.3357770749115311], [0.6890648454640732, 0.5315538477244693, 0.28097629960755566], [0.6481646225953485, 0.5111911735015301, 0.32261522033792644], [0.6199315722838792, 0.552650298849347, 0.3429383731897318], [0.6218474340675028, 0.5508580661854289, 0.34734251025691604], [0.6434405852792843, 0.5367469537184516, 0.3277347407912315]]
>>> t = 1 ===================================================================================================
setup_training %%%%%%%%%%%%%%%%%%%%%%%%%%%%%%%%%%%%%%%%%%%%
len(feats) = 89
<s21>    <>~Market & (
        <>Return{.&pure&~digit&~TEN} & ~Since & Return{.&
            <>(vp1dd)
            & index[0,2, 0:1]
          }
        | Return{.&pure&~index} & ~Since & Return{.&
            <>(doo|vp5dd|Volatility)
            & [5:,15:,10:5,15:10,20:15,15:5,20:5]
          }
        | (
            <>Return{(oo{.&[1:]}|aoo[1:]|oo{.&[10:]})}
            & (
                <> ~Drawdown&~Drawup&~Since{Min}&~Since{Max}
                | Drawdown[1:,10:,20:]
                | Since{Max&index[0,10]}
                | Since{Min&index[0,20]}
              )
            & Since[21:, 125:, 250:]
          )
      )
    | Market{.&
        <>(~Weight)
        & (Return| Volatility)
        & [20:,60:]
      }
    |
        | FracRec[21:,125:,250:]
    |
len(samps) = 14
[[2009.0, 2009.25], [2009.5, 2009.75], [2010.0, 2010.25], [2010.5, 2010.75], [2011.0, 2011.25], [2011.5, 2011.75], [2012.0, 2012.25], [2012.5, 2012.75], [2013.0, 2013.25], [2013.5, 2013.75], [2014.0, 2014.25], [2014.5, 2014.75], [2015.0, 2015.25], []]
>>>  k = 0 ---------------------------------------------------------------------------------------------------
{'learning_rate': 0.05, 'max_depth': -1, 'num_leaves': 4096}
{'min_data_in_leaf': 120, 'min_sum_hessian_in_leaf': 100, 'lambda_l1': 0, 'lambda_l2': 0}
<<<RESULTS>>>: walk 1 <s21>
nbest = 53
train = [1.7196993945925854, 1.6279557361112085, 1.6397790458884425, 1.6058650984555443, 1.6146252402460979, 1.6078063297764353, 1.580239161841773, 1.6326659253114655, 1.6203392545576465, 1.6231136162565372, 1.6338443702915657, 1.6605602028268223, 1.5728944429719056, 1.6171939556127852]
scores = [0.49884032673240475, 0.6748185711719545, 0.5730931044316354, 0.5439558107837654, 0.7046536495699804, 0.46117892245974373, 1.049061778024099, 0.7181047384726948, 0.43409739575895656, 0.760391581785296, 0.5888663402178688, 0.7105881696501265, 0.36871485056620207, 1.6171939556127852]
score = 0.5878293371764683
holdout = [[0.5206595056226705, 0.6091732029862341, 0.3330301803968249], [0.4823574791204323, 0.5919697021980675, 0.3548772734021587], [0.6053998932364922, 0.6328835865404716, 0.36600015351219894], [0.5343117558530717, 0.652504224632557, 0.3558271224127583], [0.5172424138238577, 0.5907958771872869, 0.34950480122688937], [0.5724157690955979, 0.5589795454067072, 0.32995364423385454], [0.5667586976686136, 0.5449127729641722, 0.35370269163072293], [0.5355370753358057, 0.5658300907975321, 0.3789025361391499], [0.5414979218668751, 0.5808935980051213, 0.3775057148543042], [0.5269253188288109, 0.5891808251336453, 0.2945175045214971], [0.5250100618033736, 0.6038899646002855, 0.3190837346843001], [0.4855768677089625, 0.6111884825527825, 0.35262575894278747], [0.5068040324195586, 0.5996996118089334, 0.3736078437397866], [0.503318116840178, 0.5574989585914212, 0.381854986080092]]
>>> t = 2 ===================================================================================================
setup_training %%%%%%%%%%%%%%%%%%%%%%%%%%%%%%%%%%%%%%%%%%%%
len(feats) = 127
<s10>    <>~Market & (
        <>Return{.&pure&~digit&~TEN} & ~Since & Return{.&
            <>(oo|cc|dcc)
            & index[0,1,2, 0:1,1:2]
          }
        | (
            <>Return{(oo{.&[1:]}|oo{.&[10:]}|doo[10:])}
            & (
                <> ~Drawdown&~Drawup&~Since{Min}&~Since{Max}
                | Drawdown[1:, 5:,10:, 10:5]
                | Since{Max&index[0]}
                | Since{Min&index[0,5]}
              )
            & Since[21:, 125:, 250:]
          )
        | (
            <>Return{dd} & VP[1:, 5:, 10:]
            & (
                <> ~Drawdown&~Drawup&~Since{Min}&~Since{Max}
                | Since{Max & index[5]}
                | Drawup[20:10]
                | Since{Min & index[20]}
              )
            & Since[21:, 125:, 250:]
          )
        | (
            <> Volatility[ 60:]
            | Volatility[10:]
            & (
                | Since{Max & index[20]}
                | Since{Min & index[20]}
              )
            & Since[21:, 125:, 250:]
          )
      )
    |
        Time{long| short}
len(samps) = 14
[[2009.0, 2009.25], [2009.5, 2009.75], [2010.0, 2010.25], [2010.5, 2010.75], [2011.0, 2011.25], [2011.5, 2011.75], [2012.0, 2012.25], [2012.5, 2012.75], [2013.0, 2013.25], [2013.5, 2013.75], [2014.0, 2014.25], [2014.5, 2014.75], [2015.0, 2015.25], []]
>>>  k = 0 ---------------------------------------------------------------------------------------------------
{'learning_rate': 0.05, 'max_depth': -1, 'num_leaves': 4096}
{'min_data_in_leaf': 120, 'min_sum_hessian_in_leaf': 100, 'lambda_l1': 0, 'lambda_l2': 0}
<<<RESULTS>>>: walk 2 <s10>
nbest = 61
train = [1.9356003943384459, 1.7609077199534167, 1.761611276645559, 1.7222948407388667, 1.7439575427578355, 1.7734163838215629, 1.7112924847897157, 1.7528720192395046, 1.7349243352181822, 1.7514296238806544, 1.7511860328628253, 1.7941203742438496, 1.727781555194118, 1.7514225698627484]
scores = [0.7410459209649741, 0.6744611996110652, 0.6298084669368142, 0.7915204878083758, 0.557322911500594, 0.5522438575464477, 1.084858519899631, 0.6784909215835861, 0.7295721774310304, 0.6786144074341927, 0.6205686095668378, 0.615464062395044, 0.48711304025039015, 1.7514225698627484]
score = 0.6524777713127985
holdout = [[0.6406174491594689, 0.33458854179015884, 0.4772908223756553], [0.6863454514373304, 0.4380371032471827, 0.44075161275248087], [0.7299025639848793, 0.4964317068804746, 0.4701261476708308], [0.6757852910000441, 0.5119753153490283, 0.33624211874113624], [0.7360621274215834, 0.526366424316691, 0.41714335672209996], [0.6565418588757618, 0.4564528364489926, 0.451025314389472], [0.8097249132175258, 0.5461012604096852, 0.45845342400407285], [0.7410746131647961, 0.45884347808916565, 0.4402391751546044], [0.704355961847368, 0.49294521070629826, 0.4688818696224274], [0.6747415692181274, 0.46135720806919794, 0.4752949389862222], [0.6919433218751583, 0.5015522824513229, 0.4430644214819127], [0.6410286487019888, 0.5318179996921526, 0.44447936122477655], [0.6435325988011446, 0.4529178400564763, 0.5003438484113952], [0.691410694017235, 0.4899077082477859, 0.4523837444078151]]
>>> t = 3 ===================================================================================================
setup_training %%%%%%%%%%%%%%%%%%%%%%%%%%%%%%%%%%%%%%%%%%%%
len(feats) = 64
<s00>    <>~Market & (
        <>Return{.&pure&~digit&~TEN} & ~Since & Return{.&
            <>(oo|cc|aoo|acc|doo|vp1dd)
            & index[0,1,2, 0:1,0:2]
          }
        | Return{.&pure&~index} & ~Since & Return{.&
            <>(oo|aoo|vp1dd)
            & [5:,10:,15:,15:10,20:15,15:5,20:10]
          }
        | (
            <>Return{(oo{.&[1:]})}
            & (
                | Drawdown[10:,20:]
                | Since{Max&index[10,20]}
                | Drawup[1:]
                | Since{Min&index[0,5]}
              )
            & Since[ 62:, 250:]
          )
        | (
            <> Volatility[ 60:]
            | Volatility[ 20:]
            & (
                | Since{Max & index[0,5]}
                | Drawup[ 10:5,20:10]
                | Since{Min & index[20]}
              )
            & Since[ 62:, 250:]
          )
      )
    |
        <>Return{pure&~dd} & VP[10:]
    |
len(samps) = 14
[[2009.0, 2009.25], [2009.5, 2009.75], [2010.0, 2010.25], [2010.5, 2010.75], [2011.0, 2011.25], [2011.5, 2011.75], [2012.0, 2012.25], [2012.5, 2012.75], [2013.0, 2013.25], [2013.5, 2013.75], [2014.0, 2014.25], [2014.5, 2014.75], [2015.0, 2015.25], []]
>>>  k = 0 ---------------------------------------------------------------------------------------------------
{'learning_rate': 0.05, 'max_depth': -1, 'num_leaves': 4096}
{'min_data_in_leaf': 120, 'min_sum_hessian_in_leaf': 100, 'lambda_l1': 0, 'lambda_l2': 0}
<<<RESULTS>>>: walk 3 <s00>
nbest = 94
train = [1.8667846699179118, 1.7362482267616515, 1.7784409853885188, 1.7211155427263496, 1.74537004899719, 1.7096277093309236, 1.6973783864606042, 1.7417206499157103, 1.727825303891402, 1.7623472010385786, 1.766627104596053, 1.7793880857176754, 1.6946619789243722, 1.743045803609573]
scores = [0.36250179127068877, 0.6416442562162915, 0.5583283636463687, 0.6057481742254892, 0.674732577286688, 0.42623476555364964, 1.0815181359694794, 0.6549407362694425, 0.5516976779788976, 0.49269908549318997, 0.5044802036766635, 0.7089054873198181, 0.5112862182770193, 1.743045803609573]
score = 0.5626565742265505
holdout = [[0.6639593805580164, 0.6325416343145773, 0.32232569788000837], [0.594562246575714, 0.6133939690883319, 0.28578841906233227], [0.6240259915368688, 0.6524455098067758, 0.3336854635008756], [0.626228168016522, 0.6450060562386681, 0.3283074002840757], [0.581496972247987, 0.6207280366374688, 0.33992232370419073], [0.5699071463233664, 0.69446804177093, 0.3335971223234869], [0.5305542441185874, 0.6422685581297464, 0.33480201065511456], [0.5952558785238667, 0.6039574590235353, 0.2996389810448177], [0.6168315485330443, 0.6268919480677905, 0.3441527114976598], [0.6372979496564882, 0.6732438757027092, 0.24398106270443903], [0.6131669575635299, 0.5976979118059534, 0.3037449982873065], [0.5824197148488804, 0.6123140582277048, 0.3369419139896795], [0.5671310379683968, 0.6346527461665107, 0.4035441067481293], [0.5876583999721106, 0.6435290070370239, 0.3262093517341673]]
>>> t = 4 ===================================================================================================
setup_training %%%%%%%%%%%%%%%%%%%%%%%%%%%%%%%%%%%%%%%%%%%%
len(feats) = 191
<Global>
    <>~Market & (
        <>Return{.&pure&~digit&~TEN} & ~Since & Return{.&
            <>(oo|cc|aoo|acc|doo|dcc|doc|daoc)
            & index[0,1,2]
          }
        | Return{.&pure&~index} & ~Since & Return{.&
            <>(oo|aoo|doo)
            & [3:,6:,9:,12:,15:,18:,6:3,9:6,12:9,15:12,18:15,21:18,9:3,12:6,            15:9,18:12,21:15,12:3,15:6,18:9,21:12,15:3,18:6,21:9,18:3,21:6,21:3]
          }
        | (
            <>Return{(oo{.&[1:]}|aoo[1:]|doo[1:])}
            & (
                <> ~Drawdown&~Drawup&~Since{Min}&~Since{Max}
                | Drawdown[1:,10:,20:,]
                | Since{Max&index[0,20]}
                | Since{Min&index[0,20]}
              )
            & Since[21:,62:,250:]
          )
        | (
            <> Volatility[20:,60:]
          )
      )
    | Market{.&
        <>(Weight)
        & (VP|Volatility)
        & [20:,60:]
      }
    |
        <>Return{pure&~dd} & VP[20:,60:]
        | FracRec[250:]
    
len(samps) = 14
[[2009.0, 2009.25], [2009.5, 2009.75], [2010.0, 2010.25], [2010.5, 2010.75], [2011.0, 2011.25], [2011.5, 2011.75], [2012.0, 2012.25], [2012.5, 2012.75], [2013.0, 2013.25], [2013.5, 2013.75], [2014.0, 2014.25], [2014.5, 2014.75], [2015.0, 2015.25], []]
>>>  k = 0 ---------------------------------------------------------------------------------------------------
{'learning_rate': 0.05, 'max_depth': -1, 'num_leaves': 4096}
{'min_data_in_leaf': 120, 'min_sum_hessian_in_leaf': 100, 'lambda_l1': 0, 'lambda_l2': 0}
<<<RESULTS>>>: walk 4 <Global>
nbest = 94
train = [2.132137343598828, 1.991592122126475, 1.9614450080791108, 1.92139346607661, 1.94574476856201, 1.9490201047736921, 1.9321827856493259, 1.9781192926321878, 1.9510616634780675, 1.9807419349790458, 1.9630453066555058, 1.973840227136895, 1.9103532507188326, 1.9699773360509172]
scores = [0.36198519309446336, 0.7015975980544213, 0.5620608430173056, 0.4912669704066326, 0.7745282503942128, 0.5044378328852349, 1.0929183611879605, 0.5968069167164389, 0.5050930365836249, 0.2585633135207131, 0.531605962720331, 0.6904126510069936, 0.3699011930617039, 1.9699773360509172]
score = 0.5514308292070905
holdout = [[0.5409873878596271, 0.7450569958073995, 0.2981958875981328], [0.5630524674206075, 0.6611863866185174, 0.2921407020274604], [0.5595020395853461, 0.6631490626995439, 0.34607116498283863], [0.5581532675431671, 0.7298462220433363, 0.24953424145460326], [0.4895157962634423, 0.7064154269938218, 0.2671581620723773], [0.5156674106768239, 0.7541691515404272, 0.2989488316656555], [0.5536047368708599, 0.6357454535619861, 0.30431967848481867], [0.5163851200302482, 0.6597442746875332, 0.3460108275938305], [0.5673306886137486, 0.6977194037366022, 0.3374298859775748], [0.5510119236423707, 0.7301951091572979, 0.1784135970370753], [0.5591427495245317, 0.7020692090311318, 0.27034805204152146], [0.48879868044854397, 0.6972509954533325, 0.32305299494185585], [0.4715464786580738, 0.7125637462933587, 0.37563445349249347], [0.5424753273135432, 0.683254764707673, 0.3053527369740893]]
>>> t = 5 ===================================================================================================
setup_training %%%%%%%%%%%%%%%%%%%%%%%%%%%%%%%%%%%%%%%%%%%%
len(feats) = 127
<s10>    <>~Market & (
        <>Return{.&pure&~digit&~TEN} & ~Since & Return{.&
            <>(oo|cc|dcc)
            & index[0,1,2, 0:1,1:2]
          }
        | (
            <>Return{(oo{.&[1:]}|oo{.&[10:]}|doo[10:])}
            & (
                <> ~Drawdown&~Drawup&~Since{Min}&~Since{Max}
                | Drawdown[1:, 5:,10:, 10:5]
                | Since{Max&index[0]}
                | Since{Min&index[0,5]}
              )
            & Since[21:, 125:, 250:]
          )
        | (
            <>Return{dd} & VP[1:, 5:, 10:]
            & (
                <> ~Drawdown&~Drawup&~Since{Min}&~Since{Max}
                | Since{Max & index[5]}
                | Drawup[20:10]
                | Since{Min & index[20]}
              )
            & Since[21:, 125:, 250:]
          )
        | (
            <> Volatility[ 60:]
            | Volatility[10:]
            & (
                | Since{Max & index[20]}
                | Since{Min & index[20]}
              )
            & Since[21:, 125:, 250:]
          )
      )
    |
        Time{long| short}
len(samps) = 14
[[2009.0, 2009.25], [2009.5, 2009.75], [2010.0, 2010.25], [2010.5, 2010.75], [2011.0, 2011.25], [2011.5, 2011.75], [2012.0, 2012.25], [2012.5, 2012.75], [2013.0, 2013.25], [2013.5, 2013.75], [2014.0, 2014.25], [2014.5, 2014.75], [2015.0, 2015.25], []]
>>>  k = 0 ---------------------------------------------------------------------------------------------------
{'learning_rate': 0.05, 'max_depth': -1, 'num_leaves': 4096}
{'min_data_in_leaf': 120, 'min_sum_hessian_in_leaf': 100, 'lambda_l1': 0, 'lambda_l2': 0}
<<<RESULTS>>>: walk 5 <s10>
nbest = 61
train = [1.9356003943384459, 1.7609077199534167, 1.761611276645559, 1.7222948407388667, 1.7439575427578355, 1.7734163838215629, 1.7112924847897157, 1.7528720192395046, 1.7349243352181822, 1.7514296238806544, 1.7511860328628253, 1.7941203742438496, 1.727781555194118, 1.7514225698627484]
scores = [0.7410459209649741, 0.6744611996110652, 0.6298084669368142, 0.7915204878083758, 0.557322911500594, 0.5522438575464477, 1.084858519899631, 0.6784909215835861, 0.7295721774310304, 0.6786144074341927, 0.6205686095668378, 0.615464062395044, 0.48711304025039015, 1.7514225698627484]
score = 0.6524777713127985
holdout = [[0.6406174491594689, 0.33458854179015884, 0.4772908223756553], [0.6863454514373304, 0.4380371032471827, 0.44075161275248087], [0.7299025639848793, 0.4964317068804746, 0.4701261476708308], [0.6757852910000441, 0.5119753153490283, 0.33624211874113624], [0.7360621274215834, 0.526366424316691, 0.41714335672209996], [0.6565418588757618, 0.4564528364489926, 0.451025314389472], [0.8097249132175258, 0.5461012604096852, 0.45845342400407285], [0.7410746131647961, 0.45884347808916565, 0.4402391751546044], [0.704355961847368, 0.49294521070629826, 0.4688818696224274], [0.6747415692181274, 0.46135720806919794, 0.4752949389862222], [0.6919433218751583, 0.5015522824513229, 0.4430644214819127], [0.6410286487019888, 0.5318179996921526, 0.44447936122477655], [0.6435325988011446, 0.4529178400564763, 0.5003438484113952], [0.691410694017235, 0.4899077082477859, 0.4523837444078151]]
>>> t = 6 ===================================================================================================
setup_training %%%%%%%%%%%%%%%%%%%%%%%%%%%%%%%%%%%%%%%%%%%%
len(feats) = 191
<Global>
    <>~Market & (
        <>Return{.&pure&~digit&~TEN} & ~Since & Return{.&
            <>(oo|cc|aoo|acc|doo|dcc|doc|daoc)
            & index[0,1,2]
          }
        | Return{.&pure&~index} & ~Since & Return{.&
            <>(oo|aoo|doo)
            & [3:,6:,9:,12:,15:,18:,6:3,9:6,12:9,15:12,18:15,21:18,9:3,12:6,            15:9,18:12,21:15,12:3,15:6,18:9,21:12,15:3,18:6,21:9,18:3,21:6,21:3]
          }
        | (
            <>Return{(oo{.&[1:]}|aoo[1:]|doo[1:])}
            & (
                <> ~Drawdown&~Drawup&~Since{Min}&~Since{Max}
                | Drawdown[1:,10:,20:,]
                | Since{Max&index[0,20]}
                | Since{Min&index[0,20]}
              )
            & Since[21:,62:,250:]
          )
        | (
            <> Volatility[20:,60:]
          )
      )
    | Market{.&
        <>(Weight)
        & (VP|Volatility)
        & [20:,60:]
      }
    |
        <>Return{pure&~dd} & VP[20:,60:]
        | FracRec[250:]
    
len(samps) = 14
[[2009.0, 2009.25], [2009.5, 2009.75], [2010.0, 2010.25], [2010.5, 2010.75], [2011.0, 2011.25], [2011.5, 2011.75], [2012.0, 2012.25], [2012.5, 2012.75], [2013.0, 2013.25], [2013.5, 2013.75], [2014.0, 2014.25], [2014.5, 2014.75], [2015.0, 2015.25], []]
>>>  k = 0 ---------------------------------------------------------------------------------------------------
{'learning_rate': 0.05, 'max_depth': -1, 'num_leaves': 4096}
{'min_data_in_leaf': 120, 'min_sum_hessian_in_leaf': 100, 'lambda_l1': 0, 'lambda_l2': 0}
<<<RESULTS>>>: walk 6 <Global>
nbest = 94
train = [2.132137343598828, 1.991592122126475, 1.9614450080791108, 1.92139346607661, 1.94574476856201, 1.9490201047736921, 1.9321827856493259, 1.9781192926321878, 1.9510616634780675, 1.9807419349790458, 1.9630453066555058, 1.973840227136895, 1.9103532507188326, 1.9699773360509172]
scores = [0.36198519309446336, 0.7015975980544213, 0.5620608430173056, 0.4912669704066326, 0.7745282503942128, 0.5044378328852349, 1.0929183611879605, 0.5968069167164389, 0.5050930365836249, 0.2585633135207131, 0.531605962720331, 0.6904126510069936, 0.3699011930617039, 1.9699773360509172]
score = 0.5514308292070905
holdout = [[0.5409873878596271, 0.7450569958073995, 0.2981958875981328], [0.5630524674206075, 0.6611863866185174, 0.2921407020274604], [0.5595020395853461, 0.6631490626995439, 0.34607116498283863], [0.5581532675431671, 0.7298462220433363, 0.24953424145460326], [0.4895157962634423, 0.7064154269938218, 0.2671581620723773], [0.5156674106768239, 0.7541691515404272, 0.2989488316656555], [0.5536047368708599, 0.6357454535619861, 0.30431967848481867], [0.5163851200302482, 0.6597442746875332, 0.3460108275938305], [0.5673306886137486, 0.6977194037366022, 0.3374298859775748], [0.5510119236423707, 0.7301951091572979, 0.1784135970370753], [0.5591427495245317, 0.7020692090311318, 0.27034805204152146], [0.48879868044854397, 0.6972509954533325, 0.32305299494185585], [0.4715464786580738, 0.7125637462933587, 0.37563445349249347], [0.5424753273135432, 0.683254764707673, 0.3053527369740893]]
>>> t = 7 ===================================================================================================
setup_training %%%%%%%%%%%%%%%%%%%%%%%%%%%%%%%%%%%%%%%%%%%%
len(feats) = 89
<s21>    <>~Market & (
        <>Return{.&pure&~digit&~TEN} & ~Since & Return{.&
            <>(vp1dd)
            & index[0,2, 0:1]
          }
        | Return{.&pure&~index} & ~Since & Return{.&
            <>(doo|vp5dd|Volatility)
            & [5:,15:,10:5,15:10,20:15,15:5,20:5]
          }
        | (
            <>Return{(oo{.&[1:]}|aoo[1:]|oo{.&[10:]})}
            & (
                <> ~Drawdown&~Drawup&~Since{Min}&~Since{Max}
                | Drawdown[1:,10:,20:]
                | Since{Max&index[0,10]}
                | Since{Min&index[0,20]}
              )
            & Since[21:, 125:, 250:]
          )
      )
    | Market{.&
        <>(~Weight)
        & (Return| Volatility)
        & [20:,60:]
      }
    |
        | FracRec[21:,125:,250:]
    |
len(samps) = 14
[[2009.0, 2009.25], [2009.5, 2009.75], [2010.0, 2010.25], [2010.5, 2010.75], [2011.0, 2011.25], [2011.5, 2011.75], [2012.0, 2012.25], [2012.5, 2012.75], [2013.0, 2013.25], [2013.5, 2013.75], [2014.0, 2014.25], [2014.5, 2014.75], [2015.0, 2015.25], []]
>>>  k = 0 ---------------------------------------------------------------------------------------------------
{'learning_rate': 0.05, 'max_depth': -1, 'num_leaves': 4096}
{'min_data_in_leaf': 120, 'min_sum_hessian_in_leaf': 100, 'lambda_l1': 0, 'lambda_l2': 0}
<<<RESULTS>>>: walk 7 <s21>
nbest = 53
train = [1.7196993945925854, 1.6279557361112085, 1.6397790458884425, 1.6058650984555443, 1.6146252402460979, 1.6078063297764353, 1.580239161841773, 1.6326659253114655, 1.6203392545576465, 1.6231136162565372, 1.6338443702915657, 1.6605602028268223, 1.5728944429719056, 1.6171939556127852]
scores = [0.49884032673240475, 0.6748185711719545, 0.5730931044316354, 0.5439558107837654, 0.7046536495699804, 0.46117892245974373, 1.049061778024099, 0.7181047384726948, 0.43409739575895656, 0.760391581785296, 0.5888663402178688, 0.7105881696501265, 0.36871485056620207, 1.6171939556127852]
score = 0.5878293371764683
holdout = [[0.5206595056226705, 0.6091732029862341, 0.3330301803968249], [0.4823574791204323, 0.5919697021980675, 0.3548772734021587], [0.6053998932364922, 0.6328835865404716, 0.36600015351219894], [0.5343117558530717, 0.652504224632557, 0.3558271224127583], [0.5172424138238577, 0.5907958771872869, 0.34950480122688937], [0.5724157690955979, 0.5589795454067072, 0.32995364423385454], [0.5667586976686136, 0.5449127729641722, 0.35370269163072293], [0.5355370753358057, 0.5658300907975321, 0.3789025361391499], [0.5414979218668751, 0.5808935980051213, 0.3775057148543042], [0.5269253188288109, 0.5891808251336453, 0.2945175045214971], [0.5250100618033736, 0.6038899646002855, 0.3190837346843001], [0.4855768677089625, 0.6111884825527825, 0.35262575894278747], [0.5068040324195586, 0.5996996118089334, 0.3736078437397866], [0.503318116840178, 0.5574989585914212, 0.381854986080092]]
>>> t = 8 ===================================================================================================
setup_training %%%%%%%%%%%%%%%%%%%%%%%%%%%%%%%%%%%%%%%%%%%%
len(feats) = 148
<TryIt>
    <>~Market & (
        <>Return{.&pure&~digit&~TEN} & ~Since & Return{.&
            <>(oo|aoo|doo|doc|daoc|vp1dd)
            & index[0,1,2]
          }
        | Return{.&pure&~index} & ~Since & Return{.&
            <>(oo|aoo|vp1dd)
            & [5:,10:,15:,10:5,15:10,20:15,15:5,20:10,20:5]
          }
        | (
            <>Return{(oo{.&[1:]}|aoo[1:]|oo{.&[10:]}|aoo[10:])}
            & (
                <> ~Drawdown&~Drawup&~Since{Min}&~Since{Max}
                | Drawdown[5:,10:,20:, 10:5,20:10]
                | Since{Min&index[0]}
              )
            & Since[21:,125:,250:]
          )
        | (
            <> Volatility[60:]
            | Volatility[20:]
            & (
                | Drawdown[20:]
                | Since{Max & index[0,20]}
                | Drawup[1:, 20:10]
              )
            & Since[21:,125:,250:]
          )
      )
    |
        <>Return{pure&~dd} & VP[10:,20:]
        | FracRec[21:,125:,250:]
    |
        <>AssetEnc{InUni}
    |
        Time{long | short}
    
len(samps) = 14
[[2009.0, 2009.25], [2009.5, 2009.75], [2010.0, 2010.25], [2010.5, 2010.75], [2011.0, 2011.25], [2011.5, 2011.75], [2012.0, 2012.25], [2012.5, 2012.75], [2013.0, 2013.25], [2013.5, 2013.75], [2014.0, 2014.25], [2014.5, 2014.75], [2015.0, 2015.25], []]
>>>  k = 0 ---------------------------------------------------------------------------------------------------
{'learning_rate': 0.05, 'max_depth': -1, 'num_leaves': 4096}
{'min_data_in_leaf': 120, 'min_sum_hessian_in_leaf': 100, 'lambda_l1': 0, 'lambda_l2': 0}
<<<RESULTS>>>: walk 8 <TryIt>
nbest = 28
train = [1.538032296811161, 1.3794074159116307, 1.4095954826693613, 1.3837382297741434, 1.3714375005357342, 1.3862705548203667, 1.3462854794160413, 1.3965920513999643, 1.3597224034678728, 1.4317550710056965, 1.3570749870842047, 1.4240786057807797, 1.3489889665786585, 1.407322438789512]
scores = [0.14834407232227903, 0.279052274788028, 0.5439911140108724, 0.47215272971520744, 0.596303867395896, 0.47147991194504435, 0.8352835706774718, 0.6729161366737325, 0.4361673055642457, 0.6127867420895338, 0.5055242894120207, 0.6444364190304853, 0.5628764099922857, 1.407322438789512]
score = 0.49856474322040567
holdout = [[0.6882975795797299, 0.5835660461274464, 0.4041914991407628], [0.64475000672956, 0.6558828823053764, 0.4055880684948902], [0.6743466454512334, 0.684752433309131, 0.4176737910230706], [0.6615867822489206, 0.5963648142064535, 0.34310911460409044], [0.7051108506415307, 0.5774408433795246, 0.3334247232012727], [0.5417105576561344, 0.651681872274281, 0.4144118197766287], [0.6487071886084916, 0.6568754646585722, 0.4062729317016405], [0.7478786327507576, 0.56588064091137, 0.4323661811499569], [0.7077633034334201, 0.608738551310235, 0.4580900151651268], [0.592995425430011, 0.6621925757022508, 0.29370358324060325], [0.7042106991737459, 0.5659655706844101, 0.38426100767386917], [0.724577203894924, 0.6103062936542062, 0.45817802722712286], [0.6136373544297434, 0.5137529749429793, 0.41677680884591245], [0.6955743973250629, 0.6443423191741565, 0.37973581599215017]]
>>> t = 9 ===================================================================================================
setup_training %%%%%%%%%%%%%%%%%%%%%%%%%%%%%%%%%%%%%%%%%%%%
len(feats) = 96
<ikg>IKG
len(samps) = 14
[[2009.0, 2009.25], [2009.5, 2009.75], [2010.0, 2010.25], [2010.5, 2010.75], [2011.0, 2011.25], [2011.5, 2011.75], [2012.0, 2012.25], [2012.5, 2012.75], [2013.0, 2013.25], [2013.5, 2013.75], [2014.0, 2014.25], [2014.5, 2014.75], [2015.0, 2015.25], []]
>>>  k = 0 ---------------------------------------------------------------------------------------------------
{'learning_rate': 0.05, 'max_depth': -1, 'num_leaves': 4096}
{'min_data_in_leaf': 120, 'min_sum_hessian_in_leaf': 100, 'lambda_l1': 0, 'lambda_l2': 0}
<<<RESULTS>>>: walk 9 <ikg>
nbest = 45
train = [1.4782030126427803, 1.3457833685419314, 1.3820574252332305, 1.352981875179806, 1.3588463110469478, 1.366419748092512, 1.308276302387291, 1.3565062192843669, 1.3428339316668692, 1.387215386627298, 1.382470397282149, 1.4056687652620388, 1.3551982466135317, 1.3595848488018332]
scores = [0.47028853642614166, 0.5464134209415865, 0.6383843764562266, 0.6282129343302773, 0.6677692082549839, 0.48239268752914877, 1.0198038742259787, 0.5732548400167349, 0.5267863111733305, 0.6443153810166581, 0.4697800284682758, 0.6534208508248084, 0.46539572823782205, 1.3595848488018332]
score = 0.5739471594438269
holdout = [[0.645176345943242, 0.5420990483982049, 0.2654182339841707], [0.614285589118034, 0.52494980382646, 0.23301732586607302], [0.6507734171488839, 0.5582489566845819, 0.26765524930367907], [0.6164229587264545, 0.5337010292321815, 0.2579547986011527], [0.5876986136208524, 0.5706161069500464, 0.29184253141985206], [0.5777111189550667, 0.6078977076072198, 0.2912719785425944], [0.5728396648026639, 0.5669922832703175, 0.3063206733732998], [0.5837102285639372, 0.5296696042034921, 0.2539148141050654], [0.5586831432962507, 0.5358741982570607, 0.28004648923880276], [0.5936216633089424, 0.5427010704489397, 0.2262470713784666], [0.6135438257090926, 0.5610835021782686, 0.2516107504588723], [0.5984930325697865, 0.56150770866435, 0.3165444110914633], [0.5763793091382559, 0.5635790715286766, 0.312916006835869], [0.6019060233428871, 0.5479990214321493, 0.27376889035063845]]
>>> t = 10 ===================================================================================================
setup_training %%%%%%%%%%%%%%%%%%%%%%%%%%%%%%%%%%%%%%%%%%%%
len(feats) = 92
<IKGZenVolatility>
    <>~Market & (
        <>Return{.&pure&~digit&~TEN} & ~Since & Return{.&
            <>(oo|cc|aoo|acc|daoc)
            & index[0]
          }
        | Return{.&pure&~index} & ~Since & Return{.&
            <>(oo|aoo)
            & [5:,10:,15:,10:5,15:10,20:15,15:5,20:10,20:5]
          }
        | (
            <>Return{(oo{.&[1:]}|aoo[1:])}
            & (
                <> ~Drawdown&~Drawup&~Since{Min}&~Since{Max}
                | Drawdown[1:, 5:,10:]
                | Since{Max&index[0]}
                | Since{Min&index[0,10]}
              )
            & Since[21:,62:,125:,250:]
          )
        | (
            <> Volatility[60:]
            | Volatility[20:]
            & (
                | Since{Max & index[0,10]}
                | Since{Min & index[0,10]}
              )
            & Since[21:,65:,125:,250:]
          )
      )
    |
        <>AssetEnc{RandMap[4,5]}
    
len(samps) = 14
[[2009.0, 2009.25], [2009.5, 2009.75], [2010.0, 2010.25], [2010.5, 2010.75], [2011.0, 2011.25], [2011.5, 2011.75], [2012.0, 2012.25], [2012.5, 2012.75], [2013.0, 2013.25], [2013.5, 2013.75], [2014.0, 2014.25], [2014.5, 2014.75], [2015.0, 2015.25], []]
>>>  k = 0 ---------------------------------------------------------------------------------------------------
{'learning_rate': 0.05, 'max_depth': -1, 'num_leaves': 4096}
{'min_data_in_leaf': 120, 'min_sum_hessian_in_leaf': 100, 'lambda_l1': 0, 'lambda_l2': 0}
<<<RESULTS>>>: walk 10 <IKGZenVolatility>
nbest = 110
train = [2.162438330292289, 1.9243044884966012, 1.9134889137656939, 1.8830480734879587, 1.910753539659659, 1.8748264785173745, 1.8630208541264965, 1.9096200359835638, 1.8981522665717743, 1.9276313648532548, 1.9340416781644478, 1.9369293170802893, 1.8572575966915121, 1.932316645120851]
scores = [0.49523036528224634, 0.6833911582468668, 0.5566420823861354, 0.49615937215019357, 0.6596087865895477, 0.41736611005282453, 1.11729705476991, 0.6075860961083158, 0.5252531764610248, 0.6229529974833693, 0.4706026163386796, 0.7640598885860151, 0.4641811038293203, 1.932316645120851]
score = 0.5744745180820855
holdout = [[0.7144519831985342, 0.5252621073590887, 0.30845632791067656], [0.66674863658338, 0.5626107753543474, 0.2790942971710506], [0.6876654524661329, 0.5790123711680033, 0.3154870801689011], [0.6638526670408937, 0.570420155914559, 0.3312175474278894], [0.6519852687828063, 0.5827878189424682, 0.35983244895936234], [0.5833765637190886, 0.629606135007486, 0.36965352504812365], [0.6524931739814416, 0.6058771745854811, 0.35918413329119947], [0.6249831069485396, 0.5376947149536567, 0.2914067611087424], [0.6265198884322308, 0.5601739407039233, 0.3115252455495714], [0.682855126891128, 0.5722075003376056, 0.2899813154081256], [0.654543847182312, 0.5283271500068206, 0.3096509957936509], [0.6617371846463418, 0.561098304837565, 0.3441930323252482], [0.5974330694966716, 0.5943437468708126, 0.39768772753367626], [0.6354443108776502, 0.5829830838356668, 0.332935009056084]]
>>> t = 11 ===================================================================================================
setup_training %%%%%%%%%%%%%%%%%%%%%%%%%%%%%%%%%%%%%%%%%%%%
len(feats) = 64
<s00>    <>~Market & (
        <>Return{.&pure&~digit&~TEN} & ~Since & Return{.&
            <>(oo|cc|aoo|acc|doo|vp1dd)
            & index[0,1,2, 0:1,0:2]
          }
        | Return{.&pure&~index} & ~Since & Return{.&
            <>(oo|aoo|vp1dd)
            & [5:,10:,15:,15:10,20:15,15:5,20:10]
          }
        | (
            <>Return{(oo{.&[1:]})}
            & (
                | Drawdown[10:,20:]
                | Since{Max&index[10,20]}
                | Drawup[1:]
                | Since{Min&index[0,5]}
              )
            & Since[ 62:, 250:]
          )
        | (
            <> Volatility[ 60:]
            | Volatility[ 20:]
            & (
                | Since{Max & index[0,5]}
                | Drawup[ 10:5,20:10]
                | Since{Min & index[20]}
              )
            & Since[ 62:, 250:]
          )
      )
    |
        <>Return{pure&~dd} & VP[10:]
    |
len(samps) = 14
[[2009.0, 2009.25], [2009.5, 2009.75], [2010.0, 2010.25], [2010.5, 2010.75], [2011.0, 2011.25], [2011.5, 2011.75], [2012.0, 2012.25], [2012.5, 2012.75], [2013.0, 2013.25], [2013.5, 2013.75], [2014.0, 2014.25], [2014.5, 2014.75], [2015.0, 2015.25], []]
>>>  k = 0 ---------------------------------------------------------------------------------------------------
{'learning_rate': 0.05, 'max_depth': -1, 'num_leaves': 4096}
{'min_data_in_leaf': 120, 'min_sum_hessian_in_leaf': 100, 'lambda_l1': 0, 'lambda_l2': 0}
<<<RESULTS>>>: walk 11 <s00>
nbest = 94
train = [1.8667846699179118, 1.7362482267616515, 1.7784409853885188, 1.7211155427263496, 1.74537004899719, 1.7096277093309236, 1.6973783864606042, 1.7417206499157103, 1.727825303891402, 1.7623472010385786, 1.766627104596053, 1.7793880857176754, 1.6946619789243722, 1.743045803609573]
scores = [0.36250179127068877, 0.6416442562162915, 0.5583283636463687, 0.6057481742254892, 0.674732577286688, 0.42623476555364964, 1.0815181359694794, 0.6549407362694425, 0.5516976779788976, 0.49269908549318997, 0.5044802036766635, 0.7089054873198181, 0.5112862182770193, 1.743045803609573]
score = 0.5626565742265505
holdout = [[0.6639593805580164, 0.6325416343145773, 0.32232569788000837], [0.594562246575714, 0.6133939690883319, 0.28578841906233227], [0.6240259915368688, 0.6524455098067758, 0.3336854635008756], [0.626228168016522, 0.6450060562386681, 0.3283074002840757], [0.581496972247987, 0.6207280366374688, 0.33992232370419073], [0.5699071463233664, 0.69446804177093, 0.3335971223234869], [0.5305542441185874, 0.6422685581297464, 0.33480201065511456], [0.5952558785238667, 0.6039574590235353, 0.2996389810448177], [0.6168315485330443, 0.6268919480677905, 0.3441527114976598], [0.6372979496564882, 0.6732438757027092, 0.24398106270443903], [0.6131669575635299, 0.5976979118059534, 0.3037449982873065], [0.5824197148488804, 0.6123140582277048, 0.3369419139896795], [0.5671310379683968, 0.6346527461665107, 0.4035441067481293], [0.5876583999721106, 0.6435290070370239, 0.3262093517341673]]
>>> t = 12 ===================================================================================================
setup_training %%%%%%%%%%%%%%%%%%%%%%%%%%%%%%%%%%%%%%%%%%%%
len(feats) = 55
<s20>    <>~Market & (
        | Return{.&pure&~index} & ~Since & Return{.&
            <>(oo|aoo|vp1dd|Volatility)
            & [15:,6:3,9:6,12:9,12:6,18:12,18:9,21:12,18:6,21:9,18:3,21:6,21:3]
          }
        | (
            <>Return{(oo{.&[10:]}|doo[10:])}
            & (
                | Drawdown[ 5:,10:,20:]
                | Since{Max&index[0,5]}
                | Since{Min&index[0,5]}
              )
            & Since[21:, 62:, 250:]
          )
        | (
            <> Volatility[ 60:]
            | Volatility[10:, 20:]
            & (
                | Since{Max & index[0,5]}
                | Since{Min & index[10]}
              )
            & Since[ 250:]
          )
      )
    |
        <>Return{pure&~dd} & VP[60:]
        | FracRec[21:]
    |
        Time{long}
len(samps) = 14
[[2009.0, 2009.25], [2009.5, 2009.75], [2010.0, 2010.25], [2010.5, 2010.75], [2011.0, 2011.25], [2011.5, 2011.75], [2012.0, 2012.25], [2012.5, 2012.75], [2013.0, 2013.25], [2013.5, 2013.75], [2014.0, 2014.25], [2014.5, 2014.75], [2015.0, 2015.25], []]
>>>  k = 0 ---------------------------------------------------------------------------------------------------
{'learning_rate': 0.05, 'max_depth': -1, 'num_leaves': 4096}
{'min_data_in_leaf': 120, 'min_sum_hessian_in_leaf': 100, 'lambda_l1': 0, 'lambda_l2': 0}
<<<RESULTS>>>: walk 12 <s20>
nbest = 35
train = [1.6637854192109631, 1.4893526744773258, 1.5154485688530657, 1.4638825783841707, 1.4816593112128869, 1.535439516908846, 1.4693089375726793, 1.4875439199281828, 1.4862823175532058, 1.4940031780039742, 1.4876667432449733, 1.4877656658890004, 1.4765693010079808, 1.482055640031496]
scores = [0.2285279141170074, 0.6497341089262594, 0.4670032189803768, 0.5890169120595328, 0.6054306582357021, 0.47981564779567604, 0.8703452907173144, 0.7001139333510579, 0.46182393411965295, 0.6108223630742537, 0.5004453902492275, 0.5464478766731077, 0.37411497576718394, 1.482055640031496]
score = 0.5062803928463855
holdout = [[0.4909977133099972, 0.5486824777330216, 0.5980863928924582], [0.523505174942983, 0.5225663359931371, 0.5918597037929727], [0.4818920889445374, 0.4531342205993066, 0.5653150557021526], [0.5329166388796551, 0.6026050801288874, 0.3849399108895897], [0.4911049519956164, 0.6505269473584127, 0.47531884972030075], [0.38435570630854554, 0.6666028708776001, 0.4335451121342047], [0.491356926367062, 0.6441054460226034, 0.5486862906655173], [0.4798146574946156, 0.5465153174612983, 0.5192153361825965], [0.4632198314218072, 0.5124603594450203, 0.5343319384487712], [0.45939050060585457, 0.6327998203053554, 0.4397374565897443], [0.5275384387111783, 0.5945663217993604, 0.48588311642242754], [0.35478305084856243, 0.5956038321442196, 0.475294797681724], [0.46936842876958756, 0.5559562275978873, 0.5600626052230095], [0.4834053675512388, 0.5772168512726329, 0.5185920017356456]]
>>> t = 13 ===================================================================================================
setup_training %%%%%%%%%%%%%%%%%%%%%%%%%%%%%%%%%%%%%%%%%%%%
len(feats) = 89
<s21>    <>~Market & (
        <>Return{.&pure&~digit&~TEN} & ~Since & Return{.&
            <>(vp1dd)
            & index[0,2, 0:1]
          }
        | Return{.&pure&~index} & ~Since & Return{.&
            <>(doo|vp5dd|Volatility)
            & [5:,15:,10:5,15:10,20:15,15:5,20:5]
          }
        | (
            <>Return{(oo{.&[1:]}|aoo[1:]|oo{.&[10:]})}
            & (
                <> ~Drawdown&~Drawup&~Since{Min}&~Since{Max}
                | Drawdown[1:,10:,20:]
                | Since{Max&index[0,10]}
                | Since{Min&index[0,20]}
              )
            & Since[21:, 125:, 250:]
          )
      )
    | Market{.&
        <>(~Weight)
        & (Return| Volatility)
        & [20:,60:]
      }
    |
        | FracRec[21:,125:,250:]
    |
len(samps) = 14
[[2009.0, 2009.25], [2009.5, 2009.75], [2010.0, 2010.25], [2010.5, 2010.75], [2011.0, 2011.25], [2011.5, 2011.75], [2012.0, 2012.25], [2012.5, 2012.75], [2013.0, 2013.25], [2013.5, 2013.75], [2014.0, 2014.25], [2014.5, 2014.75], [2015.0, 2015.25], []]
>>>  k = 0 ---------------------------------------------------------------------------------------------------
{'learning_rate': 0.05, 'max_depth': -1, 'num_leaves': 4096}
{'min_data_in_leaf': 120, 'min_sum_hessian_in_leaf': 100, 'lambda_l1': 0, 'lambda_l2': 0}
<<<RESULTS>>>: walk 13 <s21>
nbest = 53
train = [1.7196993945925854, 1.6279557361112085, 1.6397790458884425, 1.6058650984555443, 1.6146252402460979, 1.6078063297764353, 1.580239161841773, 1.6326659253114655, 1.6203392545576465, 1.6231136162565372, 1.6338443702915657, 1.6605602028268223, 1.5728944429719056, 1.6171939556127852]
scores = [0.49884032673240475, 0.6748185711719545, 0.5730931044316354, 0.5439558107837654, 0.7046536495699804, 0.46117892245974373, 1.049061778024099, 0.7181047384726948, 0.43409739575895656, 0.760391581785296, 0.5888663402178688, 0.7105881696501265, 0.36871485056620207, 1.6171939556127852]
score = 0.5878293371764683
holdout = [[0.5206595056226705, 0.6091732029862341, 0.3330301803968249], [0.4823574791204323, 0.5919697021980675, 0.3548772734021587], [0.6053998932364922, 0.6328835865404716, 0.36600015351219894], [0.5343117558530717, 0.652504224632557, 0.3558271224127583], [0.5172424138238577, 0.5907958771872869, 0.34950480122688937], [0.5724157690955979, 0.5589795454067072, 0.32995364423385454], [0.5667586976686136, 0.5449127729641722, 0.35370269163072293], [0.5355370753358057, 0.5658300907975321, 0.3789025361391499], [0.5414979218668751, 0.5808935980051213, 0.3775057148543042], [0.5269253188288109, 0.5891808251336453, 0.2945175045214971], [0.5250100618033736, 0.6038899646002855, 0.3190837346843001], [0.4855768677089625, 0.6111884825527825, 0.35262575894278747], [0.5068040324195586, 0.5996996118089334, 0.3736078437397866], [0.503318116840178, 0.5574989585914212, 0.381854986080092]]
>>> t = 14 ===================================================================================================
setup_training %%%%%%%%%%%%%%%%%%%%%%%%%%%%%%%%%%%%%%%%%%%%
len(feats) = 42
<s22>    <>~Market & (
        | Return{.&pure&~index} & ~Since & Return{.&
            <>(oo|aoo|doo|vp1dd|vp5dd)
            & [10:,10:5,15:10,15:5,20:5]
          }
        | (
            <>Return{(oo{.&[1:]})}
            & (
                | Drawdown[10:,20:10]
                | Since{Max&index[20]}
                | Since{Min&index[20]}
              )
            & Since[21:, 250:]
          )
        | (
            <>Return{dd} & VP[ 5:, 10:]
            & (
                | Drawdown[1:]
                | Since{Max & index[0]}
                | Since{Min & index[0]}
              )
            & Since[21:, 250:]
          )
      )
    |
        Time{long| short}
len(samps) = 14
[[2009.0, 2009.25], [2009.5, 2009.75], [2010.0, 2010.25], [2010.5, 2010.75], [2011.0, 2011.25], [2011.5, 2011.75], [2012.0, 2012.25], [2012.5, 2012.75], [2013.0, 2013.25], [2013.5, 2013.75], [2014.0, 2014.25], [2014.5, 2014.75], [2015.0, 2015.25], []]
>>>  k = 0 ---------------------------------------------------------------------------------------------------
{'learning_rate': 0.05, 'max_depth': -1, 'num_leaves': 4096}
{'min_data_in_leaf': 120, 'min_sum_hessian_in_leaf': 100, 'lambda_l1': 0, 'lambda_l2': 0}
<<<RESULTS>>>: walk 14 <s22>
nbest = 79
train = [1.7185826459984368, 1.6012398900629758, 1.6084446027791566, 1.5916648010396421, 1.600685350664432, 1.6130566200612912, 1.536239890167392, 1.599973750299445, 1.5726218527967273, 1.5836408605029073, 1.5964302012695661, 1.643969706619991, 1.5866580592921355, 1.5997406386432607]
scores = [0.2791089746119076, 0.6152099315777868, 0.6057582572844283, 0.5978450723514488, 0.5669523112937344, 0.5049915030118811, 0.8167239730827203, 0.7102341639035495, 0.5565268783498144, 0.9662930231088186, 0.530067126869086, 0.5660255383529419, 0.523931646637892, 1.5997406386432607]
score = 0.5649028958078053
holdout = [[0.7119625181497339, 0.4503773231667076, 0.5082488751211973], [0.6165982942812231, 0.527253980090182, 0.49807939894519004], [0.6923500301797058, 0.5854216750826285, 0.4838331592681141], [0.6448290392679097, 0.5580133935202655, 0.4008322089737268], [0.6868518978458678, 0.5258974272213139, 0.40904700702308666], [0.6057219146679358, 0.6083223515059659, 0.48103149621856267], [0.7251430256085892, 0.6898911365733236, 0.49833833468127103], [0.72277200084282, 0.5300502349204681, 0.48550056101359834], [0.658539724466267, 0.5585574243827216, 0.4950446331791489], [0.7254345025287887, 0.5243399702699402, 0.4992203169190136], [0.6656417433810516, 0.514661873339385, 0.4915456415159014], [0.6589661032971464, 0.5819706904160973, 0.5298481681726099], [0.6671441719024955, 0.5849380664099857, 0.5017189578992899], [0.663306581074455, 0.5846060821379699, 0.4950063735329179]]
>>> t = 15 ===================================================================================================
setup_training %%%%%%%%%%%%%%%%%%%%%%%%%%%%%%%%%%%%%%%%%%%%
len(feats) = 127
<s10>    <>~Market & (
        <>Return{.&pure&~digit&~TEN} & ~Since & Return{.&
            <>(oo|cc|dcc)
            & index[0,1,2, 0:1,1:2]
          }
        | (
            <>Return{(oo{.&[1:]}|oo{.&[10:]}|doo[10:])}
            & (
                <> ~Drawdown&~Drawup&~Since{Min}&~Since{Max}
                | Drawdown[1:, 5:,10:, 10:5]
                | Since{Max&index[0]}
                | Since{Min&index[0,5]}
              )
            & Since[21:, 125:, 250:]
          )
        | (
            <>Return{dd} & VP[1:, 5:, 10:]
            & (
                <> ~Drawdown&~Drawup&~Since{Min}&~Since{Max}
                | Since{Max & index[5]}
                | Drawup[20:10]
                | Since{Min & index[20]}
              )
            & Since[21:, 125:, 250:]
          )
        | (
            <> Volatility[ 60:]
            | Volatility[10:]
            & (
                | Since{Max & index[20]}
                | Since{Min & index[20]}
              )
            & Since[21:, 125:, 250:]
          )
      )
    |
        Time{long| short}
len(samps) = 14
[[2009.0, 2009.25], [2009.5, 2009.75], [2010.0, 2010.25], [2010.5, 2010.75], [2011.0, 2011.25], [2011.5, 2011.75], [2012.0, 2012.25], [2012.5, 2012.75], [2013.0, 2013.25], [2013.5, 2013.75], [2014.0, 2014.25], [2014.5, 2014.75], [2015.0, 2015.25], []]
>>>  k = 0 ---------------------------------------------------------------------------------------------------
{'learning_rate': 0.05, 'max_depth': -1, 'num_leaves': 4096}
{'min_data_in_leaf': 120, 'min_sum_hessian_in_leaf': 100, 'lambda_l1': 0, 'lambda_l2': 0}
<<<RESULTS>>>: walk 15 <s10>
nbest = 61
train = [1.9356003943384459, 1.7609077199534167, 1.761611276645559, 1.7222948407388667, 1.7439575427578355, 1.7734163838215629, 1.7112924847897157, 1.7528720192395046, 1.7349243352181822, 1.7514296238806544, 1.7511860328628253, 1.7941203742438496, 1.727781555194118, 1.7514225698627484]
scores = [0.7410459209649741, 0.6744611996110652, 0.6298084669368142, 0.7915204878083758, 0.557322911500594, 0.5522438575464477, 1.084858519899631, 0.6784909215835861, 0.7295721774310304, 0.6786144074341927, 0.6205686095668378, 0.615464062395044, 0.48711304025039015, 1.7514225698627484]
score = 0.6524777713127985
holdout = [[0.6406174491594689, 0.33458854179015884, 0.4772908223756553], [0.6863454514373304, 0.4380371032471827, 0.44075161275248087], [0.7299025639848793, 0.4964317068804746, 0.4701261476708308], [0.6757852910000441, 0.5119753153490283, 0.33624211874113624], [0.7360621274215834, 0.526366424316691, 0.41714335672209996], [0.6565418588757618, 0.4564528364489926, 0.451025314389472], [0.8097249132175258, 0.5461012604096852, 0.45845342400407285], [0.7410746131647961, 0.45884347808916565, 0.4402391751546044], [0.704355961847368, 0.49294521070629826, 0.4688818696224274], [0.6747415692181274, 0.46135720806919794, 0.4752949389862222], [0.6919433218751583, 0.5015522824513229, 0.4430644214819127], [0.6410286487019888, 0.5318179996921526, 0.44447936122477655], [0.6435325988011446, 0.4529178400564763, 0.5003438484113952], [0.691410694017235, 0.4899077082477859, 0.4523837444078151]]
>>> t = 16 ===================================================================================================
setup_training %%%%%%%%%%%%%%%%%%%%%%%%%%%%%%%%%%%%%%%%%%%%
len(feats) = 114
<s11>    <>~Market & (
        <>Return{.&pure&~digit&~TEN} & ~Since & Return{.&
            <>(oo|cc|acc|doo|dcc|daoc)
            & index[0,1]
          }
        | Return{.&pure&~index} & ~Since & Return{.&
            <>(aoo|doo|vp1dd|vp5dd|Volatility)
            & [10:,10:5,15:5,20:5]
          }
        | (
            <>Return{(oo{.&[1:]}|oo{.&[10:]})}
            & (
                | Drawdown[1:,10:, 10:5,20:10]
                | Since{Max&index[10]}
                | Drawup[20:10]
                | Since{Min&index[0]}
              )
            & Since[21:, 62:, 125:, 250:]
          )
        | (
            <>Return{dd} & VP[1:, 10:]
            & (
                <> ~Drawdown&~Drawup&~Since{Min}&~Since{Max}
                | Since{Max & index[0]}
                | Since{Min & index[0]}
              )
            & Since[21:, 62:, 125:, 250:]
          )
      )
    |
        <>FaceValue{ Close}
        | Return{mix[1,3,5,6,7,8,9,11,12,13,14,18,19]}
        | Return{rr}