>>> t = 0 ===================================================================================================
setup_training %%%%%%%%%%%%%%%%%%%%%%%%%%%%%%%%%%%%%%%%%%%%
len(feats) = 89
<s21>    <>~Market & (
        <>Return{.&pure&~digit&~TEN} & ~Since & Return{.&
            <>(vp1dd)
            & index[0,2, 0:1]
          }
        | Return{.&pure&~index} & ~Since & Return{.&
            <>(doo|vp5dd|Volatility)
            & [5:,15:,10:5,15:10,20:15,15:5,20:5]
          }
        | (
            <>Return{(oo{.&[1:]}|aoo[1:]|oo{.&[10:]})}
            & (
                <> ~Drawdown&~Drawup&~Since{Min}&~Since{Max}
                | Drawdown[1:,10:,20:]
                | Since{Max&index[0,10]}
                | Since{Min&index[0,20]}
              )
            & Since[21:, 125:, 250:]
          )
      )
    | Market{.&
        <>(~Weight)
        & (Return| Volatility)
        & [20:,60:]
      }
    |
        | FracRec[21:,125:,250:]
    |
len(samps) = 17
[[2009.0, 2009.25], [2009.5, 2009.75], [2010.0, 2010.25], [2010.5, 2010.75], [2011.0, 2011.25], [2011.5, 2011.75], [2012.0, 2012.25], [2012.5, 2012.75], [2013.0, 2013.25], [2013.5, 2013.75], [2014.0, 2014.25], [2014.5, 2014.75], [2015.0, 2015.25], [2015.5, 2015.75], [2016.0, 2016.25], [2016.5, 2016.75], []]
>>>  k = 0 ---------------------------------------------------------------------------------------------------
{'learning_rate': 0.05, 'max_depth': -1, 'num_leaves': 4096}
{'min_data_in_leaf': 120, 'min_sum_hessian_in_leaf': 100, 'lambda_l1': 0, 'lambda_l2': 0}
<<<RESULTS>>>: walk 0 <s21>
nbest = 25
train = [0.9897508236763649, 0.8737691528192691, 0.8880003395260543, 0.8832884720327098, 0.9065978122273566, 0.8808936917307849, 0.8665745486121147, 0.8906556381872592, 0.8767817346263883, 0.8896182476268384, 0.9084765696456815, 0.9020227795284477, 0.8955222859559204, 0.8699091289456048, 0.86990184992273, 0.9005623188599469, 0.8935842431786146]
scores = [0.1255471174853805, 0.6624771952229628, 0.48299160862827906, 0.6717081412128453, 0.83313442864614, 0.3972726810826183, 1.1831416136649429, 0.5838114781596454, 0.7820884139309828, 0.7634803854441995, 0.5399481776658186, 0.7911444194825487, 0.35261014681652947, 0.44151442311377087, 0.671309733837147, 0.36954815333867214, 0.8935842431786146]
score = 0.5190935625252167
holdout = [[1.0268615210921912, 1.3586151272379987, 0.7056466951462858], [1.0125836308487985, 1.2313138069053746, 0.7043666570672326], [1.0162556799931235, 1.3229333169389104, 0.699988802437191], [1.0083970333022125, 1.2691577954589868, 0.7076457265646863], [1.0094673952373128, 1.2823487058259426, 0.7247294368075269], [1.0035793413554532, 1.2740977570360423, 0.7109419418201538], [0.9810963301698757, 1.2507843537034908, 0.7069206598762495], [0.9982862059259112, 1.283639075391828, 0.7054783178384137], [1.01126734531019, 1.2854626623053018, 0.7171640931375037], [1.0198850009142055, 1.2791105548294401, 0.7079623706076266], [1.0204435386507238, 1.2647410282742575, 0.6945924789022042], [1.0390557765687927, 1.3358685155045469, 0.7313973935934838], [1.0117325302183175, 1.2527702558076648, 0.677726781408363], [0.44151442311377087, 1.2777999088473062, 0.7060579375584684], [0.9993999088422857, 0.671309733837147, 0.7057766573723381], [1.0002284404864288, 1.2422521041913523, 0.36954815333867214], [1.0243659305303303, 1.2672786355825216, 0.7072220054607505]]
>>>  k = 1 ---------------------------------------------------------------------------------------------------
{'learning_rate': 0.05, 'max_depth': -1, 'num_leaves': 4096}
{'min_data_in_leaf': 120, 'min_sum_hessian_in_leaf': 6.1, 'lambda_l1': 0, 'lambda_l2': 0}
<<<RESULTS>>>: walk 1 <s21>
nbest = 24
train = [1.448735054299075, 1.3012850435694714, 1.3149599979894426, 1.3021496275881668, 1.338807795538965, 1.3245079363032086, 1.3087432293766972, 1.3374407520901221, 1.3189316868989929, 1.334461646217747, 1.3437692395761018, 1.3230778032156643, 1.3146289298489695, 1.318741394300445, 1.3146150987501775, 1.347310904119308, 1.3284909860073102]
scores = [0.2158643700232913, 0.6433163538004272, 0.4804844298281243, 0.5597182166350613, 0.8533239894192095, 0.41267879448662403, 1.100375445530396, 0.5921425874612379, 0.7085144901988075, 0.7687892364843046, 0.5276684372557197, 0.673515182025225, 0.448876016146723, 0.456998882526377, 0.5842250609987796, 0.4735324647054146, 1.3284909860073102]
score = 0.5077582194688336
holdout = [[1.5377656731779703, 1.8905532260352653, 1.2475277833625769], [1.5040341895053433, 1.896571429218329, 1.2120856387226737], [1.4820281290830577, 1.8785379391591823, 1.2287938944973553], [1.5114719932344538, 1.8975159411428553, 1.2240927627391227], [1.5414802997560177, 1.8959356199477866, 1.2441130442409665], [1.5240925859233463, 1.9032713708758624, 1.247872784167633], [1.4982130923853234, 1.8844289856584733, 1.2384164502161452], [1.5635307743240485, 1.906177811285139, 1.2281557868869366], [1.5157179202184978, 1.8966982236468126, 1.2351147760454957], [1.5035970324046657, 1.8712257244320056, 1.2190533676381257], [1.5332936193149371, 1.8772061261522612, 1.241751525213082], [1.510931680730927, 1.8986161716528194, 1.2602068636423769], [1.4696812738972993, 1.8508258700023574, 1.2646789238348157], [0.456998882526377, 1.8291702670580885, 1.2243422971718534], [1.4335992510872495, 0.5842250609987796, 1.1834249945704283], [1.5094046427481418, 1.7929679210975937, 0.4735324647054146], [1.5280723721963414, 1.887421284770917, 1.2384298549318453]]
>>>  k = 2 ---------------------------------------------------------------------------------------------------
{'learning_rate': 0.05, 'max_depth': -1, 'num_leaves': 4096}
{'min_data_in_leaf': 120, 'min_sum_hessian_in_leaf': 100.0, 'lambda_l1': 0, 'lambda_l2': 0}
<<<RESULTS>>>: walk 2 <s21>
nbest = 25
train = [0.9897508236763649, 0.8737691528192691, 0.8880003395260543, 0.8832884720327098, 0.9065978122273566, 0.8808936917307849, 0.8665745486121147, 0.8906556381872592, 0.8767817346263883, 0.8896182476268384, 0.9084765696456815, 0.9020227795284477, 0.8955222859559204, 0.8699091289456048, 0.86990184992273, 0.9005623188599469, 0.8935842431786146]
scores = [0.1255471174853805, 0.6624771952229628, 0.48299160862827906, 0.6717081412128453, 0.83313442864614, 0.3972726810826183, 1.1831416136649429, 0.5838114781596454, 0.7820884139309828, 0.7634803854441995, 0.5399481776658186, 0.7911444194825487, 0.35261014681652947, 0.44151442311377087, 0.671309733837147, 0.36954815333867214, 0.8935842431786146]
score = 0.5190935625252167
holdout = [[1.0268615210921912, 1.3586151272379987, 0.7056466951462858], [1.0125836308487985, 1.2313138069053746, 0.7043666570672326], [1.0162556799931235, 1.3229333169389104, 0.699988802437191], [1.0083970333022125, 1.2691577954589868, 0.7076457265646863], [1.0094673952373128, 1.2823487058259426, 0.7247294368075269], [1.0035793413554532, 1.2740977570360423, 0.7109419418201538], [0.9810963301698757, 1.2507843537034908, 0.7069206598762495], [0.9982862059259112, 1.283639075391828, 0.7054783178384137], [1.01126734531019, 1.2854626623053018, 0.7171640931375037], [1.0198850009142055, 1.2791105548294401, 0.7079623706076266], [1.0204435386507238, 1.2647410282742575, 0.6945924789022042], [1.0390557765687927, 1.3358685155045469, 0.7313973935934838], [1.0117325302183175, 1.2527702558076648, 0.677726781408363], [0.44151442311377087, 1.2777999088473062, 0.7060579375584684], [0.9993999088422857, 0.671309733837147, 0.7057766573723381], [1.0002284404864288, 1.2422521041913523, 0.36954815333867214], [1.0243659305303303, 1.2672786355825216, 0.7072220054607505]]
>>>  k = 3 ---------------------------------------------------------------------------------------------------
{'learning_rate': 0.05, 'max_depth': -1, 'num_leaves': 4096}
{'min_data_in_leaf': 120, 'min_sum_hessian_in_leaf': 100, 'lambda_l1': 0.01, 'lambda_l2': 0}
<<<RESULTS>>>: walk 3 <s21>
nbest = 26
train = [0.995421775220731, 0.8799286258649074, 0.8936170838090287, 0.8830700217520139, 0.9065762968414471, 0.8842108499492771, 0.8704835288868594, 0.8891492922177229, 0.8824263760582544, 0.8928696761023526, 0.9111766329590397, 0.9055772137094911, 0.899088568801117, 0.8785094925408079, 0.879934927674162, 0.9047084345225347, 0.8970526925149339]
scores = [0.12047791991914031, 0.6579775251288037, 0.48047759279162433, 0.6877878598136201, 0.8270429543384131, 0.3953433162253642, 1.178266681428013, 0.5964360482071939, 0.7684550202715793, 0.7568674914980119, 0.5373939153037257, 0.7806354405663892, 0.3545143541721401, 0.4400735274403584, 0.6516290447824138, 0.3699086695190085, 0.8970526925149339]
score = 0.5192882876062741
holdout = [[1.0216422276995574, 1.353464703734005, 0.7126146348684371], [1.0217137464607862, 1.2533966973167538, 0.7049943693051804], [1.0257747567127795, 1.3384775510106366, 0.7013944670227197], [1.0128679342158633, 1.254174565634438, 0.7083836597595853], [1.0170387218278283, 1.2510727914100073, 0.7128363858474434], [1.010591973647496, 1.2783937010744755, 0.7138662903222789], [0.988862128659706, 1.2502410403664945, 0.7075943149005245], [1.0099266340885436, 1.284108578320411, 0.710683603744595], [1.0265137301274274, 1.2803080716294988, 0.7221369461093123], [1.0270649716907858, 1.2976207968015065, 0.7093144680984496], [1.022356056883254, 1.2683299512857371, 0.6985086385811785], [1.037796354382354, 1.328137231754135, 0.737929197494346], [1.020514277087668, 1.2673883239517119, 0.6810428031442339], [0.4400735274403584, 1.289611205554141, 0.7192440168240677], [1.0152216212545386, 0.6516290447824138, 0.7103061565894113], [1.0093044290265574, 1.2378707026779332, 0.3699086695190085], [1.0315036942825244, 1.2637019646477767, 0.7071358167357795]]
>>>  k = 4 ---------------------------------------------------------------------------------------------------
{'learning_rate': 0.05, 'max_depth': -1, 'num_leaves': 4096}
{'min_data_in_leaf': 120, 'min_sum_hessian_in_leaf': 100, 'lambda_l1': 0.11, 'lambda_l2': 0}
<<<RESULTS>>>: walk 4 <s21>
nbest = 24
train = [0.988238173976153, 0.8725898296365443, 0.8819282658200049, 0.8788761784579486, 0.8989530079157274, 0.8825504494073426, 0.8629449529061227, 0.8868823669998902, 0.8720793795784156, 0.8817461339937644, 0.9026372022189789, 0.8937963436236358, 0.8894903041604675, 0.8688891797420274, 0.8671300097201952, 0.9015704163908717, 0.8878652864579287]
scores = [0.1493888219951914, 0.6783978877642094, 0.4836731028977883, 0.6613811172881742, 0.8218308360194958, 0.40904284731077156, 1.1712003872514292, 0.6144270809757516, 0.8199754578886064, 0.7545875121625477, 0.553355847721787, 0.7778530508667338, 0.3509840753264555, 0.4284484560650594, 0.6344085924500947, 0.38858019584397274, 0.8878652864579287]
score = 0.5238502630147391
holdout = [[1.018826935861297, 1.364389714279898, 0.7087025695061747], [1.0234675871736445, 1.2488835042968638, 0.7099499993688616], [1.0053331854234449, 1.322992585379962, 0.7003081978724717], [1.0005531761097488, 1.2373985073826659, 0.6866535150354934], [1.0105905204074481, 1.2551750841449705, 0.7037889055395903], [1.002411736781833, 1.2886330104496775, 0.7257922703929772], [0.9711937830240154, 1.25523928626164, 0.704032207653908], [0.9947154004887602, 1.2547896177959468, 0.6992106599175212], [1.004885088334079, 1.2630894700080986, 0.7212276676725302], [1.003069784764973, 1.2628058191024711, 0.6903566956072013], [1.011092640154029, 1.2672562517106127, 0.6930643808599649], [1.0337720031711322, 1.296893096231035, 0.7257408986612858], [0.9732586411290658, 1.2492931458249936, 0.6850066091552021], [0.4284484560650594, 1.2845158834737995, 0.6928462630347761], [1.0072360944732357, 0.6344085924500947, 0.7007995213156437], [0.9985812028789678, 1.2359102612073267, 0.38858019584397274], [1.028466138903996, 1.2506396737037497, 0.6997186275896305]]
>>>  k = 5 ---------------------------------------------------------------------------------------------------
{'learning_rate': 0.05, 'max_depth': -1, 'num_leaves': 4096}
{'min_data_in_leaf': 120, 'min_sum_hessian_in_leaf': 100, 'lambda_l1': 0, 'lambda_l2': 0.01}
<<<RESULTS>>>: walk 5 <s21>
nbest = 25
train = [0.989747596144715, 0.8800910413845202, 0.888035356481354, 0.8797838923639296, 0.9019841672455964, 0.880890656413625, 0.8689985236274166, 0.8906511937551823, 0.876777340810251, 0.889613967675618, 0.9085395545469223, 0.9020025678413206, 0.8955185404487881, 0.869902566347075, 0.8698984076191894, 0.903561071451281, 0.8935788241920628]
scores = [0.12554872850255772, 0.6545876731020255, 0.48423726035776943, 0.6848617900012833, 0.8283881382414277, 0.3972719169893412, 1.1747638670238383, 0.5838134582916246, 0.7820889109823443, 0.7634801240417377, 0.5387339572313882, 0.7911438014325116, 0.3526121279918203, 0.4415136550252968, 0.67131054011481, 0.36799050903195635, 0.8935788241920628]
score = 0.5188318009663232
holdout = [[1.02685837392312, 1.3586111089428097, 0.7056431002838283], [1.0200239866164154, 1.2559892273869184, 0.7178768619358015], [1.020250630232934, 1.3297481574916763, 0.695190296919288], [1.006631966628324, 1.24951836471876, 0.6978505174450647], [1.0162232927482662, 1.2499725436487363, 0.7068588945207352], [1.0035743693372572, 1.2740962841200385, 0.710939721644098], [0.9870485951178305, 1.2507310850284592, 0.7077197944361715], [0.9982807386972578, 1.2836364318006597, 0.7054740277515918], [1.011261571116427, 1.2854609976381757, 0.7171617160396369], [1.0198798438518402, 1.279107382507646, 0.7079588012562833], [1.0191853898694434, 1.2656114585232416, 0.6943619376342892], [1.0390204185439176, 1.3358845014208436, 0.7313937993983757], [1.011728257849933, 1.252769015826198, 0.677723563389829], [0.4415136550252968, 1.2777702750119104, 0.7060639226945241], [0.9993963110756129, 0.67131054011481, 0.7057726906764279], [1.0076354661070874, 1.2410001218238955, 0.36799050903195635], [1.024367593217898, 1.26726340844144, 0.7072232639668881]]
>>>  k = 6 ---------------------------------------------------------------------------------------------------
{'learning_rate': 0.05, 'max_depth': -1, 'num_leaves': 4096}
{'min_data_in_leaf': 120, 'min_sum_hessian_in_leaf': 100, 'lambda_l1': 0, 'lambda_l2': 0.11}
<<<RESULTS>>>: walk 6 <s21>
nbest = 26
train = [0.9929378281513523, 0.8809579935949602, 0.8929699174665258, 0.8843363955838087, 0.9060285344208461, 0.8852162887999249, 0.871047881820554, 0.8941550582824546, 0.8875975478617841, 0.8911985544427646, 0.9092098860512617, 0.9062432760686797, 0.9002083342249291, 0.8766296759906115, 0.8803996736822006, 0.9022284773057455, 0.9001940228963792]
scores = [0.1358701941893699, 0.6827186002701329, 0.4662525521733976, 0.6804074439976249, 0.8220173267439356, 0.4017689533585942, 1.1832847137451123, 0.5915169544567036, 0.8085087458513761, 0.7708820639600751, 0.5485998743377187, 0.7800088854568146, 0.34976349967521236, 0.44618190037766586, 0.6563219095517674, 0.38006880407751004, 0.9001940228963792]
score = 0.5197140667704264
holdout = [[1.0193535378504694, 1.3717764623570792, 0.7101247379107759], [1.034267944061808, 1.2606519235515852, 0.7084765565912997], [1.0125184784758259, 1.3347211400011936, 0.7052093684343275], [1.009129611576577, 1.241433148236915, 0.6978172758530156], [1.0132884630028187, 1.2806153055367828, 0.7193001669575014], [1.0139824730213247, 1.2714938767642185, 0.707327012079451], [0.989849315486347, 1.2674823043299763, 0.7096904209592586], [1.014107251444104, 1.3009951848532886, 0.7042003622077706], [1.0148409913734988, 1.3106659521246853, 0.7394313243591977], [1.0053835284676207, 1.299787958860699, 0.7134414424463891], [1.019014639261277, 1.2803286968661185, 0.6938798407832095], [1.0507826765926644, 1.3306711864812435, 0.7430049623176701], [1.0018509884620395, 1.2570644789249183, 0.6774867047478317], [0.44618190037766586, 1.2851908678698887, 0.7090304310559616], [1.0122408828139493, 0.6563219095517674, 0.6970909940896788], [1.017264374644344, 1.2408780735221623, 0.38006880407751004], [1.0353227199880473, 1.2661580819450398, 0.7191192454252436]]
>>>  k = 7 ---------------------------------------------------------------------------------------------------
{'learning_rate': 0.05, 'max_depth': -1, 'num_leaves': 4096}
{'min_data_in_leaf': 120, 'min_sum_hessian_in_leaf': 100, 'lambda_l1': 0.11, 'lambda_l2': 0.11}
<<<RESULTS>>>: walk 7 <s21>
nbest = 27
train = [0.9985529565823965, 0.8792778385582, 0.8995163479911557, 0.886787847453776, 0.909557440613353, 0.8905389260497472, 0.8678799376803549, 0.8976738005264538, 0.8877986967820515, 0.9034581509907124, 0.9104239039018108, 0.9139779648729243, 0.8975626044191998, 0.8808104389098651, 0.8896190872055119, 0.908739314081487, 0.9020153111708624]
scores = [0.1167724058897895, 0.6597736562057519, 0.45776234032225765, 0.6648918449365507, 0.8234047418437856, 0.40059577056772677, 1.176625902790258, 0.6066350749410505, 0.821103925299576, 0.7532423783869604, 0.5533000368195516, 0.7827042041583268, 0.3481424750199049, 0.4461388584871543, 0.6486669843224095, 0.38357846465947615, 0.9020153111708624]
score = 0.5196927033000507
holdout = [[1.0211972817140136, 1.3732985099582795, 0.7163630488059943], [1.0292132289774611, 1.2677365779168888, 0.7174541266797518], [1.033662355913918, 1.3726929071218694, 0.7137655261517482], [1.0230725118372461, 1.2445897647437683, 0.6984408440736211], [1.020434521730073, 1.260776849856776, 0.7310169965668213], [1.0277179192664356, 1.2870700456298525, 0.7243545982522448], [0.9922847438331925, 1.2495202460884944, 0.7118276565881944], [1.015134054795771, 1.2926475370168682, 0.7056765709302911], [1.0212864167825135, 1.3000184722310364, 0.7317872512050981], [1.0232245786344265, 1.307097236175156, 0.7305008124038308], [1.021717975007442, 1.2698350841792083, 0.6991013889238679], [1.0363476309738617, 1.3459962002829697, 0.7566518474120267], [1.0130694273167768, 1.2670241699841271, 0.6854319779829281], [0.4461388584871543, 1.2975238774405622, 0.7085909351400741], [1.0210830558581456, 0.6486669843224095, 0.7119223905873902], [1.0082174566690925, 1.251683549825265, 0.38357846465947615], [1.0469668505807617, 1.2684481561224956, 0.7116752167638787]]
>>> t = 1 ===================================================================================================
setup_training %%%%%%%%%%%%%%%%%%%%%%%%%%%%%%%%%%%%%%%%%%%%
len(feats) = 64
<s00>    <>~Market & (
        <>Return{.&pure&~digit&~TEN} & ~Since & Return{.&
            <>(oo|cc|aoo|acc|doo|vp1dd)
            & index[0,1,2, 0:1,0:2]
          }
        | Return{.&pure&~index} & ~Since & Return{.&
            <>(oo|aoo|vp1dd)
            & [5:,10:,15:,15:10,20:15,15:5,20:10]
          }
        | (
            <>Return{(oo{.&[1:]})}
            & (
                | Drawdown[10:,20:]
                | Since{Max&index[10,20]}
                | Drawup[1:]
                | Since{Min&index[0,5]}
              )
            & Since[ 62:, 250:]
          )
        | (
            <> Volatility[ 60:]
            | Volatility[ 20:]
            & (
                | Since{Max & index[0,5]}
                | Drawup[ 10:5,20:10]
                | Since{Min & index[20]}
              )
            & Since[ 62:, 250:]
          )
      )
    |
        <>Return{pure&~dd} & VP[10:]
    |
len(samps) = 17
[[2009.0, 2009.25], [2009.5, 2009.75], [2010.0, 2010.25], [2010.5, 2010.75], [2011.0, 2011.25], [2011.5, 2011.75], [2012.0, 2012.25], [2012.5, 2012.75], [2013.0, 2013.25], [2013.5, 2013.75], [2014.0, 2014.25], [2014.5, 2014.75], [2015.0, 2015.25], [2015.5, 2015.75], [2016.0, 2016.25], [2016.5, 2016.75], []]
>>>  k = 0 ---------------------------------------------------------------------------------------------------
{'learning_rate': 0.05, 'max_depth': -1, 'num_leaves': 4096}
{'min_data_in_leaf': 120, 'min_sum_hessian_in_leaf': 100, 'lambda_l1': 0, 'lambda_l2': 0}
<<<RESULTS>>>: walk 8 <s00>
nbest = 322
train = [1.3423362548210434, 1.164379838381927, 1.170769401936685, 1.1762936890757232, 1.1811576606802443, 1.1625266177493727, 1.144922113518295, 1.185216338791762, 1.1659871994821447, 1.1763662403999258, 1.1947279999496982, 1.1905506385783755, 1.1807820663707045, 1.1517007817131069, 1.164432413130492, 1.19456704141858, 1.1818643181715314]
scores = [0.5912610286721585, 0.8874383855281591, 0.5785527255274029, 0.6142756001333011, 0.7892809776065484, 0.3832103312857176, 0.9630528548173991, 0.6451977898869697, 0.8872961406400782, 0.8545752421392182, 0.6411077346519676, 0.7129068400390516, 0.4451161550633577, 0.5380603844446872, 0.8411159461808458, 0.4277320864574385, 1.1818643181715314]
score = 0.6284617869417927
holdout = [[1.4781485572248174, 1.68361162473135, 1.0441636170524176], [1.511635092873583, 1.7248389592979114, 1.0439583800147318], [1.4958462686901748, 1.693526517812414, 1.0295142520637701], [1.4964163929540926, 1.7334617056890405, 1.0345122891801732], [1.5116078119498737, 1.6956589194533322, 1.0328321415109711], [1.4990154166767398, 1.6816286659240556, 1.0228622696226124], [1.5544205385410454, 1.7495899956832244, 1.0527610024444227], [1.520149922385604, 1.7155609911125145, 1.0463007612794009], [1.5130402749952934, 1.6864282131053336, 1.0382067715101075], [1.5285130163215646, 1.7052611982111667, 1.036823722178923], [1.4923610011100332, 1.7119100473538051, 1.0200308067924075], [1.5324714498706236, 1.7559503922828295, 1.0339498929015036], [1.4400432789505575, 1.6773836633494663, 1.039842326438534], [0.5380603844446872, 1.656697466698214, 1.0600095794357975], [1.4617417873539404, 0.8411159461808458, 1.0195715156710141], [1.5219684376291307, 1.7210614892749012, 0.4277320864574385], [1.51638084620075, 1.7056115872910815, 1.017692243085618]]
>>>  k = 1 ---------------------------------------------------------------------------------------------------
{'learning_rate': 0.05, 'max_depth': -1, 'num_leaves': 4096}
{'min_data_in_leaf': 120, 'min_sum_hessian_in_leaf': 6.1, 'lambda_l1': 0, 'lambda_l2': 0}
>>> training...
<<<RESULTS>>>: walk 9 <s00>
nbest = 52
train = (1.6494614008585222, 1.3393272114294363, 1.35541592709494, 1.35450456847963, 1.3655447621476864, 1.3427097251201043, 1.3257997731088924, 1.360131119130547, 1.3566157977425668, 1.3657579050770272, 1.386955967760757, 1.3659409162581004, 1.3460246257654813, 1.3240115591239987, 1.3431604177325847, 1.3738078983600026, 1.3576176077853666)
scores = (0.6388773586412609, 0.8543381348639294, 0.6133310375990548, 0.5974177366947582, 0.7584577632337124, 0.39077120190584624, 0.932041060830398, 0.6735274975226105, 0.8417562954997926, 0.8359927291688984, 0.5816581519003575, 0.7144914261991038, 0.471389030104472, 0.5176702263126542, 0.7993806302286597, 0.37949942179136, 1.3576176077853666)
score = 0.623202578321247
holdout = ((1.8613942340498202, 1.9461225762664551, 1.4587300178481994), (1.8862400175364646, 2.003203058348275, 1.4792226394736532), (1.9504504911849256, 1.982410405812791, 1.4543537407495877), (1.9191234435892788, 1.9766297458937168, 1.465225791325171), (1.954547498014333, 1.9866123382759024, 1.4596222059452648), (1.9366029833001777, 1.95185885689963, 1.4579499995107945), (1.9364444075340612, 1.9828960980291912, 1.4666511213682578), (1.9508455841121668, 1.9748612131386505, 1.4589988826591107), (1.9517963736501331, 1.9794699864486007, 1.451382360945267), (1.9400441859288717, 1.9905567129517172, 1.4754431996903914), (1.920015897999986, 2.0021058413045054, 1.4842405941550885), (1.954926283958156, 1.995973712763313, 1.4591624826317346), (1.8218373477918088, 1.9431646521090367, 1.416892121663488), (0.5176702263126542, 1.806452552616387, 1.4879271172739779), (1.8076653691165212, 0.7993806302286597, 1.3576500690812927), (1.9642496114171148, 1.9652050723269185, 0.37949942179136), (1.944310486867828, 1.9882052529135, 1.437070924022301))
>>>  k = 2 ---------------------------------------------------------------------------------------------------
{'learning_rate': 0.05, 'max_depth': -1, 'num_leaves': 4096}
{'min_data_in_leaf': 120, 'min_sum_hessian_in_leaf': 100.0, 'lambda_l1': 0, 'lambda_l2': 0}
<<<RESULTS>>>: walk 10 <s00>
nbest = 322
train = [1.3423362548210434, 1.164379838381927, 1.170769401936685, 1.1762936890757232, 1.1811576606802443, 1.1625266177493727, 1.144922113518295, 1.185216338791762, 1.1659871994821447, 1.1763662403999258, 1.1947279999496982, 1.1905506385783755, 1.1807820663707045, 1.1517007817131069, 1.164432413130492, 1.19456704141858, 1.1818643181715314]
scores = [0.5912610286721585, 0.8874383855281591, 0.5785527255274029, 0.6142756001333011, 0.7892809776065484, 0.3832103312857176, 0.9630528548173991, 0.6451977898869697, 0.8872961406400782, 0.8545752421392182, 0.6411077346519676, 0.7129068400390516, 0.4451161550633577, 0.5380603844446872, 0.8411159461808458, 0.4277320864574385, 1.1818643181715314]
score = 0.6284617869417927
holdout = [[1.4781485572248174, 1.68361162473135, 1.0441636170524176], [1.511635092873583, 1.7248389592979114, 1.0439583800147318], [1.4958462686901748, 1.693526517812414, 1.0295142520637701], [1.4964163929540926, 1.7334617056890405, 1.0345122891801732], [1.5116078119498737, 1.6956589194533322, 1.0328321415109711], [1.4990154166767398, 1.6816286659240556, 1.0228622696226124], [1.5544205385410454, 1.7495899956832244, 1.0527610024444227], [1.520149922385604, 1.7155609911125145, 1.0463007612794009], [1.5130402749952934, 1.6864282131053336, 1.0382067715101075], [1.5285130163215646, 1.7052611982111667, 1.036823722178923], [1.4923610011100332, 1.7119100473538051, 1.0200308067924075], [1.5324714498706236, 1.7559503922828295, 1.0339498929015036], [1.4400432789505575, 1.6773836633494663, 1.039842326438534], [0.5380603844446872, 1.656697466698214, 1.0600095794357975], [1.4617417873539404, 0.8411159461808458, 1.0195715156710141], [1.5219684376291307, 1.7210614892749012, 0.4277320864574385], [1.51638084620075, 1.7056115872910815, 1.017692243085618]]