>>> t = 0 ===================================================================================================
setup_training %%%%%%%%%%%%%%%%%%%%%%%%%%%%%%%%%%%%%%%%%%%%
len(feats) = 148
<TryIt>
    <>~Market & (
        <>Return{.&pure&~digit&~TEN} & ~Since & Return{.&
            <>(oo|aoo|doo|doc|daoc|vp1dd)
            & index[0,1,2]
          }
        | Return{.&pure&~index} & ~Since & Return{.&
            <>(oo|aoo|vp1dd)
            & [5:,10:,15:,10:5,15:10,20:15,15:5,20:10,20:5]
          }
        | (
            <>Return{(oo{.&[1:]}|aoo[1:]|oo{.&[10:]}|aoo[10:])}
            & (
                <> ~Drawdown&~Drawup&~Since{Min}&~Since{Max}
                | Drawdown[5:,10:,20:, 10:5,20:10]
                | Since{Min&index[0]}
              )
            & Since[21:,125:,250:]
          )
        | (
            <> Volatility[60:]
            | Volatility[20:]
            & (
                | Drawdown[20:]
                | Since{Max & index[0,20]}
                | Drawup[1:, 20:10]
              )
            & Since[21:,125:,250:]
          )
      )
    |
        <>Return{pure&~dd} & VP[10:,20:]
        | FracRec[21:,125:,250:]
    |
        <>AssetEnc{InUni}
    |
        Time{long | short}
    
len(samps) = 17
[[2009.0, 2009.25], [2009.5, 2009.75], [2010.0, 2010.25], [2010.5, 2010.75], [2011.0, 2011.25], [2011.5, 2011.75], [2012.0, 2012.25], [2012.5, 2012.75], [2013.0, 2013.25], [2013.5, 2013.75], [2014.0, 2014.25], [2014.5, 2014.75], [2015.0, 2015.25], [2015.5, 2015.75], [2016.0, 2016.25], [2016.5, 2016.75], []]
>>>  k = 0 ---------------------------------------------------------------------------------------------------
{'learning_rate': 0.05, 'max_depth': -1, 'num_leaves': 4096}
{'min_data_in_leaf': 120, 'min_sum_hessian_in_leaf': 100, 'lambda_l1': 0, 'lambda_l2': 0}
<<<RESULTS>>>: walk 0 <TryIt>
nbest = 751
train = [1.7391735818875715, 1.4829530696307107, 1.4906056829282883, 1.5015794600953205, 1.50675000111328, 1.4807536862768471, 1.4894649238701265, 1.506835372918037, 1.500659513787959, 1.504176844050155, 1.5243927858258848, 1.5187878864128046, 1.5044066680063088, 1.4905395016443461, 1.5008268652313432, 1.5205507133635696, 1.5136909025112397]
scores = [0.7755774600816514, 0.605331405509493, 0.6122338297923523, 0.4222912804656453, 0.8249065453177039, 0.33586119294636674, 0.7233619583116687, 0.6666135143864552, 1.0571938414830913, 0.8550067773944134, 0.6958425149828287, 0.686672732706571, 0.6839585533308109, 0.7095381430220109, 0.7790627171919959, 0.4964616606244912, 1.5136909025112397]
score = 0.6145515149280608
holdout = [[1.81471829903467, 2.008625270862922, 1.518804564962932], [1.8580473875370989, 1.9894413504084838, 1.5129494819356526], [1.8345198654723, 1.9802744031996078, 1.5229730170438438], [1.8529974883330067, 2.0395268784059057, 1.525331132686796], [1.8423398020987176, 1.993841503734021, 1.5410313172018404], [1.795782689692108, 2.0086912424127012, 1.518755880901748], [1.8420424820403436, 2.026389713589948, 1.5375385439448466], [1.843234023939794, 2.024272728980055, 1.5252704890688606], [1.8280321298940045, 1.9984700782363405, 1.5180891824951093], [1.8487307402512514, 2.003252534814937, 1.5233372572147534], [1.8311727427339295, 2.0641468333059527, 1.5388720052375735], [1.824628603737356, 2.050644988325548, 1.514986135684622], [1.699746571982268, 2.072649901518286, 1.5383044702059283], [0.7095381430220109, 1.7603546478616097, 1.5405892777956456], [1.6091486433262097, 0.7790627171919959, 1.4114285676479823], [1.8620703250167772, 1.9174693211117417, 0.4964616606244912], [1.82244777923989, 2.0120829825080864, 1.5179485201684482]]
>>>  k = 1 ---------------------------------------------------------------------------------------------------
{'learning_rate': 0.05, 'max_depth': -1, 'num_leaves': 4096}
{'min_data_in_leaf': 120, 'min_sum_hessian_in_leaf': 6.1, 'lambda_l1': 0, 'lambda_l2': 0}
<<<RESULTS>>>: walk 1 <TryIt>
nbest = 122
train = [2.034836861611656, 1.6890208566273208, 1.6969807864990345, 1.6970854279080851, 1.7137412815998274, 1.6800344815869255, 1.7004290501511992, 1.709474113640493, 1.7031423265849317, 1.726952667987141, 1.7220990027694525, 1.725697500895399, 1.7030080279975892, 1.6864440343834852, 1.7028641081938318, 1.7111418478946736, 1.7207563173365552]
scores = [0.7148766990851181, 0.5344403474184745, 0.6471233194255187, 0.43216763923322277, 0.8353852945975684, 0.3472024962649592, 0.6839507267277055, 0.6069490937850475, 1.0696652824711683, 0.7968527654769778, 0.6666900131255996, 0.6428936700153804, 0.6243652380564175, 0.6669183892998285, 0.7096110443554781, 0.4278244469010276, 1.7207563173365552]
score = 0.5860713339177506
holdout = [[2.2733979848769987, 2.2496210722968866, 1.9253536136886658], [2.2922778965760195, 2.242849171199131, 1.8981644029056841], [2.272303985716467, 2.243946415062789, 1.8968403279486798], [2.2895637815635026, 2.241540453766825, 1.9001377300957012], [2.254922200295973, 2.223706745373078, 1.9296442853997657], [2.2227046858821806, 2.2449085193579883, 1.896472360297056], [2.2346368843219198, 2.244021602755763, 1.9361824278845408], [2.2566589829316817, 2.2415162196589873, 1.9148521284251006], [2.2648384784972047, 2.2419118000342158, 1.9173850581613376], [2.306522227830458, 2.2588636356929244, 1.9269402179682815], [2.245751943868174, 2.2710058997961835, 1.9128505347949978], [2.263595697692903, 2.266402442775476, 1.895320437493611], [2.0262164360542725, 2.273704583465214, 1.9313399094599757], [0.6669183892998285, 1.8729345864719442, 1.9029179034546062], [1.8649396943757455, 0.7096110443554781, 1.6830797932861574], [2.2842398731138798, 2.0731984262483754, 0.4278244469010276], [2.2952935238542613, 2.249654648942382, 1.9183743478163524]]
>>>  k = 2 ---------------------------------------------------------------------------------------------------
{'learning_rate': 0.05, 'max_depth': -1, 'num_leaves': 4096}
{'min_data_in_leaf': 120, 'min_sum_hessian_in_leaf': 100.0, 'lambda_l1': 0, 'lambda_l2': 0}
<<<RESULTS>>>: walk 2 <TryIt>
nbest = 751
train = [1.7391735818875715, 1.4829530696307107, 1.4906056829282883, 1.5015794600953205, 1.50675000111328, 1.4807536862768471, 1.4894649238701265, 1.506835372918037, 1.500659513787959, 1.504176844050155, 1.5243927858258848, 1.5187878864128046, 1.5044066680063088, 1.4905395016443461, 1.5008268652313432, 1.5205507133635696, 1.5136909025112397]
scores = [0.7755774600816514, 0.605331405509493, 0.6122338297923523, 0.4222912804656453, 0.8249065453177039, 0.33586119294636674, 0.7233619583116687, 0.6666135143864552, 1.0571938414830913, 0.8550067773944134, 0.6958425149828287, 0.686672732706571, 0.6839585533308109, 0.7095381430220109, 0.7790627171919959, 0.4964616606244912, 1.5136909025112397]
score = 0.6145515149280608
holdout = [[1.81471829903467, 2.008625270862922, 1.518804564962932], [1.8580473875370989, 1.9894413504084838, 1.5129494819356526], [1.8345198654723, 1.9802744031996078, 1.5229730170438438], [1.8529974883330067, 2.0395268784059057, 1.525331132686796], [1.8423398020987176, 1.993841503734021, 1.5410313172018404], [1.795782689692108, 2.0086912424127012, 1.518755880901748], [1.8420424820403436, 2.026389713589948, 1.5375385439448466], [1.843234023939794, 2.024272728980055, 1.5252704890688606], [1.8280321298940045, 1.9984700782363405, 1.5180891824951093], [1.8487307402512514, 2.003252534814937, 1.5233372572147534], [1.8311727427339295, 2.0641468333059527, 1.5388720052375735], [1.824628603737356, 2.050644988325548, 1.514986135684622], [1.699746571982268, 2.072649901518286, 1.5383044702059283], [0.7095381430220109, 1.7603546478616097, 1.5405892777956456], [1.6091486433262097, 0.7790627171919959, 1.4114285676479823], [1.8620703250167772, 1.9174693211117417, 0.4964616606244912], [1.82244777923989, 2.0120829825080864, 1.5179485201684482]]
>>>  k = 3 ---------------------------------------------------------------------------------------------------
{'learning_rate': 0.05, 'max_depth': -1, 'num_leaves': 4096}
{'min_data_in_leaf': 120, 'min_sum_hessian_in_leaf': 100, 'lambda_l1': 0.01, 'lambda_l2': 0}
<<<RESULTS>>>: walk 3 <TryIt>
nbest = 467
train = [1.590782884480421, 1.3603872299490518, 1.3760152348766446, 1.3798624264092627, 1.3848700186449174, 1.3543228275614225, 1.3566780985974836, 1.381533247466264, 1.3733260736243789, 1.38500360472666, 1.4014326360733482, 1.398061794760304, 1.3842701496684464, 1.3683337585961712, 1.3763625623662732, 1.400054990127739, 1.3890004985399977]
scores = [0.7817487148915846, 0.6098557288139721, 0.607658584983755, 0.40607494647401715, 0.8305825036676134, 0.34267748671616566, 0.722971754719387, 0.6651190169616205, 1.04632024351133, 0.8366642724042562, 0.6671154976433342, 0.6778292092059875, 0.7247543557089698, 0.6977620788154801, 0.8074861137873246, 0.4855633552989509, 1.3890004985399977]
score = 0.6151456351084218
holdout = [[1.657276790797377, 1.9047440514332503, 1.3421813576404809], [1.6874054021537155, 1.8803609859274915, 1.3268255384604148], [1.6537045151471732, 1.888348832018285, 1.3343388218788668], [1.6943201774251535, 1.913598620335401, 1.3351371915176589], [1.6877383735918279, 1.8828055855364967, 1.345605097842505], [1.5989005940599954, 1.903224447810234, 1.3056882642385415], [1.6982726042596052, 1.911859184561099, 1.3314676894404156], [1.6660131839923191, 1.9148986193623154, 1.331539719952293], [1.672296737453739, 1.9041550950083643, 1.3408387631130136], [1.6968175504408087, 1.911854652421161, 1.345453402992099], [1.6892139945818734, 1.9633154097133634, 1.3577154327776022], [1.6844064515514594, 1.9746679844357575, 1.3416409695557152], [1.5927231894379732, 1.960053509491075, 1.3672947593245315], [0.6977620788154801, 1.697810556513174, 1.355660192204644], [1.4897193519350735, 0.8074861137873246, 1.2732498475688818], [1.7155909414506598, 1.8361660282117802, 0.4855633552989509], [1.7099813434785138, 1.9024975399563073, 1.3409745956740642]]
>>>  k = 4 ---------------------------------------------------------------------------------------------------
{'learning_rate': 0.05, 'max_depth': -1, 'num_leaves': 4096}
{'min_data_in_leaf': 120, 'min_sum_hessian_in_leaf': 100, 'lambda_l1': 0.11, 'lambda_l2': 0}
<<<RESULTS>>>: walk 4 <TryIt>
nbest = 553
train = [1.6441559753129085, 1.3968998665330188, 1.4126400861274633, 1.421913591731209, 1.427516310433622, 1.398708775886715, 1.399226826051177, 1.4227026827748501, 1.4177855556426358, 1.428112739283086, 1.4361927220024062, 1.4404255968574904, 1.4235165998413826, 1.405698805893022, 1.4153187451611113, 1.4356347600034371, 1.427719030505119]
scores = [0.7760123295943019, 0.608787615086283, 0.5919533328371521, 0.4257146834599585, 0.8290679302509162, 0.3365375800052929, 0.6963780120023038, 0.6858516474511296, 1.0630967646558906, 0.8698992947888237, 0.7061779159507509, 0.6692058758398438, 0.714556985155919, 0.7396474726318993, 0.8061283432568307, 0.5002603825202359, 1.427719030505119]
score = 0.6181802301237117
holdout = [[1.7181562361456184, 1.9451848473918, 1.4125352603484285], [1.7451991950660761, 1.9082234928691317, 1.3968376516204861], [1.7252521641966039, 1.9220155995551655, 1.4044609671297452], [1.7545008305295142, 1.9694094996892784, 1.4061702361443245], [1.7385062914188139, 1.9309788027157107, 1.4039781884793645], [1.6700983134119207, 1.9436015070970158, 1.3733834150039417], [1.75091889371947, 1.9601393475203146, 1.4168328016956981], [1.7233896901412438, 1.9489587556208594, 1.3688143620562585], [1.7491573368025755, 1.921983587115493, 1.4132781033457993], [1.7731948046444985, 1.9474437442990264, 1.4050518008188657], [1.7214383139574396, 1.98642016042837, 1.4148326784169587], [1.7349043680546816, 2.001011424970861, 1.4131561247341662], [1.6138839141586656, 1.9919054631362545, 1.42124653959363], [0.7396474726318993, 1.7135395442741272, 1.4034442937206362], [1.5342726561906272, 0.8061283432568307, 1.3031982322208076], [1.7753574001331953, 1.8506886090998405, 0.5002603825202359], [1.7147129026275356, 1.936843062219275, 1.3926094305256804]]
>>>  k = 5 ---------------------------------------------------------------------------------------------------
{'learning_rate': 0.05, 'max_depth': -1, 'num_leaves': 4096}
{'min_data_in_leaf': 120, 'min_sum_hessian_in_leaf': 100, 'lambda_l1': 0, 'lambda_l2': 0.01}
<<<RESULTS>>>: walk 5 <TryIt>
nbest = 714
train = [1.7224507314651094, 1.4718985891705352, 1.4849435471261003, 1.4856607542047406, 1.493529001040745, 1.4676152690739228, 1.4752337868131384, 1.4926696253076592, 1.4834933917428745, 1.4976926274545874, 1.5100317947595587, 1.5049460611138035, 1.4926905634644232, 1.475863216467715, 1.4954636705619848, 1.5053345323020815, 1.4955628505502643]
scores = [0.7846013632041837, 0.5747380846132165, 0.6056166008300533, 0.43968354667341997, 0.8092008854639355, 0.3319342077582476, 0.6731309500963539, 0.6565347817238756, 1.0667386083472672, 0.8517867920578683, 0.6841377451246892, 0.6692607472534282, 0.6859109726154835, 0.7132561860407521, 0.769061904060286, 0.5047618641509632, 1.4955628505502643]
score = 0.6095023200605777
holdout = [[1.8061325168039852, 1.9894004454660963, 1.5050608345686114], [1.8163637525403062, 1.9861025600984699, 1.4914605002756185], [1.8181465642515353, 1.9755097331852203, 1.5086599942860097], [1.816475717957575, 2.031772293825185, 1.5069464997267028], [1.8265090834946975, 1.9969230237572884, 1.5038161698692354], [1.7717910177628045, 2.0000247667667095, 1.4827483541618827], [1.831288837229497, 2.0053680601498116, 1.5027742443739744], [1.8208210626528516, 2.006732207236845, 1.4919390121696527], [1.8313732123429178, 1.9797656148730098, 1.505788065878225], [1.8297861863845488, 2.0043772931046933, 1.501042552322663], [1.8110512870967752, 2.0407562535885058, 1.5210885465247677], [1.816352844776294, 2.0424233735081647, 1.4828254659064202], [1.6745224487437702, 2.0592799512778814, 1.51842861193243], [0.7132561860407521, 1.7387802555148573, 1.5062869901933562], [1.610239236164552, 0.769061904060286, 1.3985724917404292], [1.847779246433642, 1.911958870739811, 0.5047618641509632], [1.83667610031124, 2.0101988910235127, 1.4931943656698599]]
>>>  k = 6 ---------------------------------------------------------------------------------------------------
{'learning_rate': 0.05, 'max_depth': -1, 'num_leaves': 4096}
{'min_data_in_leaf': 120, 'min_sum_hessian_in_leaf': 100, 'lambda_l1': 0, 'lambda_l2': 0.11}
<<<RESULTS>>>: walk 6 <TryIt>
nbest = 775
train = [1.7471157074337822, 1.4924545856045581, 1.5056482861322538, 1.504477910338295, 1.5182677225482675, 1.486754350056325, 1.4935695222662453, 1.513248433154147, 1.5087735344131858, 1.522604652357841, 1.5277153318346877, 1.5263240996054097, 1.5168886891305853, 1.4993571063226905, 1.5105736070679643, 1.5256525274685107, 1.519529477303818]
scores = [0.7886139409976464, 0.5979459878963234, 0.6100530075485926, 0.41580306682040163, 0.8301984494437968, 0.33182051337922214, 0.6955328060729955, 0.6278361806864998, 1.073016323951305, 0.8320408868732053, 0.7004338777859572, 0.6883498256648215, 0.6705370038374426, 0.7332143202262765, 0.7646822533483763, 0.4953984529829396, 1.519529477303818]
score = 0.6115543616620535
holdout = [[1.8289179734045093, 2.02107248914004, 1.5425931427260247], [1.8722311176665687, 1.989333129824713, 1.534424983710454], [1.8409671391134537, 1.9872244441595583, 1.5456142677271776], [1.8775864113453913, 2.0396481247386102, 1.5297391106625253], [1.8509864214179415, 1.9929525209320462, 1.5653841776207784], [1.8010635089115303, 2.0152142404077495, 1.5237192163364648], [1.8485284741729537, 2.0219111454810013, 1.5550275217189629], [1.8465689909805147, 2.0259628508843095, 1.5244380670628825], [1.8355121056821853, 2.0029082636829894, 1.5503009185281107], [1.8628579612834033, 2.0212947939679915, 1.5364965802309913], [1.8228804892795547, 2.0451761878167005, 1.5586757669201183], [1.8331511798719624, 2.0680853415780662, 1.5395267497765084], [1.7104958721751995, 2.082470403917474, 1.5588723556535302], [0.7332143202262765, 1.7646607810923842, 1.5466882734535892], [1.6217300498030187, 0.7646822533483763, 1.4306757839542412], [1.8826421483707134, 1.9113643852271278, 0.4953984529829396], [1.8445381954164057, 2.0247094501285376, 1.5198337532716075]]
>>>  k = 7 ---------------------------------------------------------------------------------------------------
{'learning_rate': 0.05, 'max_depth': -1, 'num_leaves': 4096}
{'min_data_in_leaf': 120, 'min_sum_hessian_in_leaf': 100, 'lambda_l1': 0.11, 'lambda_l2': 0}
<<<RESULTS>>>: walk 7 <TryIt>
nbest = 553
train = [1.6441559753129085, 1.3968998665330188, 1.4126400861274633, 1.421913591731209, 1.427516310433622, 1.398708775886715, 1.399226826051177, 1.4227026827748501, 1.4177855556426358, 1.428112739283086, 1.4361927220024062, 1.4404255968574904, 1.4235165998413826, 1.405698805893022, 1.4153187451611113, 1.4356347600034371, 1.427719030505119]