>>> t = 0 ===================================================================================================
setup_training %%%%%%%%%%%%%%%%%%%%%%%%%%%%%%%%%%%%%%%%%%%%
len(feats) = 72
<IKGHomoThree>
    <>~Market & (
        <>Return{.&pure&~digit&~TEN} & ~Since & Return{.&
            <>(oo|cc|aoo|acc|daoc)
            & index[0]
          }
        | Return{.&pure&~index} & ~Since & Return{.&
            <>(oo|aoo)
            & [3:,6:,9:,12:,15:,18:,6:3,9:6,12:9,15:12,18:15,21:18,9:3,12:6,            15:9,18:12,21:15,12:3,15:6,18:9,21:12,15:3,18:6,21:9,18:3,21:6,21:3]
          }
        | (
            <>Return{(oo{.&[1:]}|aoo[1:])}
            & (
                <> ~Drawdown&~Drawup&~Since{Min}&~Since{Max}
                | Drawdown[1:, 5:,10:]
                | Since{Max&index[0]}
                | Since{Min&index[0,10]}
              )
            & Since[21:,62:,125:,250:]
          )
      )
    
len(samps) = 14
[[2009.0, 2009.25], [2009.5, 2009.75], [2010.0, 2010.25], [2010.5, 2010.75], [2011.0, 2011.25], [2011.5, 2011.75], [2012.0, 2012.25], [2012.5, 2012.75], [2013.0, 2013.25], [2013.5, 2013.75], [2014.0, 2014.25], [2014.5, 2014.75], [2015.0, 2015.25], []]
>>>  k = 0 ---------------------------------------------------------------------------------------------------
{'learning_rate': 0.05, 'max_depth': -1, 'num_leaves': 4096}
{'min_data_in_leaf': 120, 'min_sum_hessian_in_leaf': 100.0, 'lambda_l1': 0, 'lambda_l2': 0}
<<<RESULTS>>>: walk 0 <IKGHomoThree>
nbest = 89
train = [1.3015781722156083, 1.1714399195725969, 1.1547507798970928, 1.1523283724967182, 1.1661524421746927, 1.140037276181518, 1.0980807622509734, 1.1542397564080975, 1.1381595390146606, 1.1432877589446493, 1.17787461833696, 1.1663562120655757, 1.1591637786966245, 1.1564100179856691]
scores = [0.756647529958755, 0.7309249062493816, 0.5205234118790044, 0.6404064513809133, 0.6629776236820786, 0.49823274852676835, 1.0601191849512135, 0.6464799559948118, 0.6553618904026669, 0.8101791464160957, 0.5415856504104611, 0.7012656348708041, 0.495055229319663, 1.1564100179856691]
score = 0.6356220036075623
holdout = [[0.6662261394283142, 0.5595812391644599, 0.3428891358901801], [0.6628665770890658, 0.5678686533715834, 0.33522472585310936], [0.6536463012762068, 0.5948580996025853, 0.3655444964881871], [0.6141453617498983, 0.565763071892578, 0.35725436585837816], [0.6061578389474935, 0.5880858790411873, 0.37495260649679274], [0.6157413860786584, 0.6730647812916888, 0.39370292955113845], [0.6586692757656145, 0.6282481216047779, 0.39655157450690776], [0.6417597713703357, 0.5885249344417222, 0.32759469749242304], [0.6287965401662804, 0.5685739492388835, 0.36822687610071037], [0.6639866871482321, 0.6001854636246718, 0.3199278666215713], [0.6401201010954596, 0.5654789658816373, 0.3414477340790278], [0.6280449923338928, 0.6196833760924013, 0.3880675612565101], [0.6090669612122784, 0.5902195607413572, 0.39665177099077226], [0.6306719216349292, 0.6196802351681143, 0.37190037981569374]]
>>> t = 1 ===================================================================================================
setup_training %%%%%%%%%%%%%%%%%%%%%%%%%%%%%%%%%%%%%%%%%%%%
len(feats) = 89
<s21>    <>~Market & (
        <>Return{.&pure&~digit&~TEN} & ~Since & Return{.&
            <>(vp1dd)
            & index[0,2, 0:1]
          }
        | Return{.&pure&~index} & ~Since & Return{.&
            <>(doo|vp5dd|Volatility)
            & [5:,15:,10:5,15:10,20:15,15:5,20:5]
          }
        | (
            <>Return{(oo{.&[1:]}|aoo[1:]|oo{.&[10:]})}
            & (
                <> ~Drawdown&~Drawup&~Since{Min}&~Since{Max}
                | Drawdown[1:,10:,20:]
                | Since{Max&index[0,10]}
                | Since{Min&index[0,20]}
              )
            & Since[21:, 125:, 250:]
          )
      )
    | Market{.&
        <>(~Weight)
        & (Return| Volatility)
        & [20:,60:]
      }
    |
        | FracRec[21:,125:,250:]
    |
len(samps) = 14
[[2009.0, 2009.25], [2009.5, 2009.75], [2010.0, 2010.25], [2010.5, 2010.75], [2011.0, 2011.25], [2011.5, 2011.75], [2012.0, 2012.25], [2012.5, 2012.75], [2013.0, 2013.25], [2013.5, 2013.75], [2014.0, 2014.25], [2014.5, 2014.75], [2015.0, 2015.25], []]
>>>  k = 0 ---------------------------------------------------------------------------------------------------
{'learning_rate': 0.05, 'max_depth': -1, 'num_leaves': 4096}
{'min_data_in_leaf': 120, 'min_sum_hessian_in_leaf': 100.0, 'lambda_l1': 0, 'lambda_l2': 0}
<<<RESULTS>>>: walk 1 <s21>
nbest = 74
train = [1.3565102889730545, 1.2857842182066808, 1.2615121936062315, 1.2561428523692022, 1.2656250087591356, 1.2465141825406971, 1.2248243801638294, 1.2599914991385084, 1.2462271747363667, 1.250621454531561, 1.2631624994803896, 1.2621300173047214, 1.2404106155279158, 1.2649966024038408]
scores = [0.4082318350178563, 0.689902129680139, 0.5316753412316647, 0.5702783529986443, 0.7148150449111921, 0.4366426889568787, 1.0590171439453184, 0.7168430557737091, 0.4882778387860714, 0.6644378704132925, 0.5978769619128946, 0.7308666471331021, 0.3607938461743306, 1.2649966024038408]
score = 0.5649275545320711
holdout = [[0.4991949492328567, 0.7605505048604208, 0.4152679735737334], [0.4982398609616993, 0.6485347459963954, 0.3858042176390902], [0.6167383879084878, 0.6400629310999083, 0.3679784884173056], [0.5499518164880269, 0.6662982060513819, 0.3741615479180453], [0.511489639327943, 0.6269976765961521, 0.3714865866316193], [0.548536154611349, 0.6056828756418697, 0.38557020499364686], [0.550832471744709, 0.5814760451670505, 0.4179300228261967], [0.5114856773459864, 0.6004411714933702, 0.41509616174253], [0.520393710156369, 0.6590075521469229, 0.48450991833838736], [0.48299643187293384, 0.6399140658682764, 0.33848269997195246], [0.5471233597703202, 0.6476645963821382, 0.37090138105797954], [0.5004289757117417, 0.5694655765438735, 0.3956936969153762], [0.5072156958472925, 0.5995723491176624, 0.3722325483072742], [0.5037878743345389, 0.6106922055022785, 0.3976107856774794]]
>>> t = 2 ===================================================================================================
setup_training %%%%%%%%%%%%%%%%%%%%%%%%%%%%%%%%%%%%%%%%%%%%
len(feats) = 127
<s10>    <>~Market & (
        <>Return{.&pure&~digit&~TEN} & ~Since & Return{.&
            <>(oo|cc|dcc)
            & index[0,1,2, 0:1,1:2]
          }
        | (
            <>Return{(oo{.&[1:]}|oo{.&[10:]}|doo[10:])}
            & (
                <> ~Drawdown&~Drawup&~Since{Min}&~Since{Max}
                | Drawdown[1:, 5:,10:, 10:5]
                | Since{Max&index[0]}
                | Since{Min&index[0,5]}
              )
            & Since[21:, 125:, 250:]
          )
        | (
            <>Return{dd} & VP[1:, 5:, 10:]
            & (
                <> ~Drawdown&~Drawup&~Since{Min}&~Since{Max}
                | Since{Max & index[5]}
                | Drawup[20:10]
                | Since{Min & index[20]}
              )
            & Since[21:, 125:, 250:]
          )
        | (
            <> Volatility[ 60:]
            | Volatility[10:]
            & (
                | Since{Max & index[20]}
                | Since{Min & index[20]}
              )
            & Since[21:, 125:, 250:]
          )
      )
    |
        Time{long| short}
len(samps) = 14
[[2009.0, 2009.25], [2009.5, 2009.75], [2010.0, 2010.25], [2010.5, 2010.75], [2011.0, 2011.25], [2011.5, 2011.75], [2012.0, 2012.25], [2012.5, 2012.75], [2013.0, 2013.25], [2013.5, 2013.75], [2014.0, 2014.25], [2014.5, 2014.75], [2015.0, 2015.25], []]
>>>  k = 0 ---------------------------------------------------------------------------------------------------
{'learning_rate': 0.05, 'max_depth': -1, 'num_leaves': 4096}
{'min_data_in_leaf': 120, 'min_sum_hessian_in_leaf': 100.0, 'lambda_l1': 0, 'lambda_l2': 0}
<<<RESULTS>>>: walk 2 <s10>
nbest = 60
train = [1.3869181943496645, 1.2594334737246071, 1.237330602938414, 1.2409728518010852, 1.2588937937767997, 1.2269469565717634, 1.2004936873274177, 1.2435439581278929, 1.2143151364286089, 1.2388675457694367, 1.2503379425958017, 1.281213114796609, 1.2455704164656776, 1.2434822462297381]
scores = [0.6802414006648719, 0.6915714641874398, 0.6290114995041303, 0.8453023740115357, 0.5569484925346281, 0.5713479159432321, 1.1039065052737886, 0.7010822770620376, 0.6070090957951729, 0.8391853280873863, 0.6516696689950057, 0.616700698928865, 0.4390744742208384, 1.2434822462297381]
score = 0.6428326884417016
holdout = [[0.6499291290926605, 0.399615306489676, 0.5009142624847619], [0.6656837240359981, 0.5066856728550232, 0.44204072001832645], [0.6498888226472899, 0.5267866242120492, 0.4562754882523908], [0.710944350200218, 0.5486435235401019, 0.3787423288932177], [0.6819034507881276, 0.5331403038308206, 0.4191664076021846], [0.5280572734549018, 0.5160761102205783, 0.4703504828448291], [0.7709223506298666, 0.611920867072858, 0.4485352435824331], [0.715220194096735, 0.4935775425375693, 0.43899880019672505], [0.6446775048473531, 0.4840429995338978, 0.47230489038004064], [0.7121340767726356, 0.5285903575758668, 0.4365327071468161], [0.7391581800762921, 0.4456472029998484, 0.45407249831215596], [0.6418346928417347, 0.5325385022870155, 0.49256964564095435], [0.6383107761209368, 0.5163085801868408, 0.4949647656186005], [0.6701377165224383, 0.5354112111944275, 0.45386417407290525]]
>>> t = 3 ===================================================================================================
setup_training %%%%%%%%%%%%%%%%%%%%%%%%%%%%%%%%%%%%%%%%%%%%
len(feats) = 64
<s00>    <>~Market & (
        <>Return{.&pure&~digit&~TEN} & ~Since & Return{.&
            <>(oo|cc|aoo|acc|doo|vp1dd)
            & index[0,1,2, 0:1,0:2]
          }
        | Return{.&pure&~index} & ~Since & Return{.&
            <>(oo|aoo|vp1dd)
            & [5:,10:,15:,15:10,20:15,15:5,20:10]
          }
        | (
            <>Return{(oo{.&[1:]})}
            & (
                | Drawdown[10:,20:]
                | Since{Max&index[10,20]}
                | Drawup[1:]
                | Since{Min&index[0,5]}
              )
            & Since[ 62:, 250:]
          )
        | (
            <> Volatility[ 60:]
            | Volatility[ 20:]
            & (
                | Since{Max & index[0,5]}
                | Drawup[ 10:5,20:10]
                | Since{Min & index[20]}
              )
            & Since[ 62:, 250:]
          )
      )
    |
        <>Return{pure&~dd} & VP[10:]
    |
len(samps) = 14
[[2009.0, 2009.25], [2009.5, 2009.75], [2010.0, 2010.25], [2010.5, 2010.75], [2011.0, 2011.25], [2011.5, 2011.75], [2012.0, 2012.25], [2012.5, 2012.75], [2013.0, 2013.25], [2013.5, 2013.75], [2014.0, 2014.25], [2014.5, 2014.75], [2015.0, 2015.25], []]
>>>  k = 0 ---------------------------------------------------------------------------------------------------
{'learning_rate': 0.05, 'max_depth': -1, 'num_leaves': 4096}
{'min_data_in_leaf': 120, 'min_sum_hessian_in_leaf': 100.0, 'lambda_l1': 0, 'lambda_l2': 0}
<<<RESULTS>>>: walk 3 <s00>
nbest = 185
train = [1.5689411542248322, 1.4579360450656718, 1.4209288784958929, 1.408187610645413, 1.4367575705215294, 1.3956996742104972, 1.391448456690555, 1.4377303072846401, 1.388291157075097, 1.4162390148936834, 1.4252957251579148, 1.4315598797280844, 1.424130992577939, 1.431733201784519]
scores = [0.4614893006986065, 0.736852546205934, 0.5012024198710546, 0.7522486540795184, 0.7676089480441318, 0.40884839892446334, 0.9935582746905308, 0.672100309514697, 0.4862474299237879, 0.45511532578952485, 0.5455274162649547, 0.7428332598503246, 0.6271903073313827, 1.431733201784519]
score = 0.58363709660764
holdout = [[0.701945940549541, 0.6613463827754413, 0.42025027293947465], [0.578694002671826, 0.6827029876008152, 0.35009577195093644], [0.5754750518059312, 0.667887464854407, 0.40585280784741806], [0.563797501628805, 0.634177809852456, 0.3949643978842732], [0.5886569823246394, 0.6685979186085644, 0.4388408016206893], [0.5893738588357735, 0.7329313692920154, 0.4335731893280153], [0.5295752259188201, 0.6747328758994113, 0.4160152403218728], [0.5858130709892331, 0.6751988134463074, 0.36795206546359155], [0.6133576740529657, 0.6620461208871258, 0.45319120774234545], [0.6102943183515981, 0.7152347479282763, 0.28913751895259376], [0.5802987374194637, 0.6755118377952188, 0.3704061495815663], [0.5660320571542694, 0.6607366328469652, 0.4236082368914049], [0.5867133566079653, 0.7103831906658998, 0.44988554521179863], [0.5883932163556601, 0.6755942988600783, 0.4184483225976217]]
>>> t = 4 ===================================================================================================
setup_training %%%%%%%%%%%%%%%%%%%%%%%%%%%%%%%%%%%%%%%%%%%%
len(feats) = 191
<Global>
    <>~Market & (
        <>Return{.&pure&~digit&~TEN} & ~Since & Return{.&
            <>(oo|cc|aoo|acc|doo|dcc|doc|daoc)
            & index[0,1,2]
          }
        | Return{.&pure&~index} & ~Since & Return{.&
            <>(oo|aoo|doo)
            & [3:,6:,9:,12:,15:,18:,6:3,9:6,12:9,15:12,18:15,21:18,9:3,12:6,            15:9,18:12,21:15,12:3,15:6,18:9,21:12,15:3,18:6,21:9,18:3,21:6,21:3]
          }
        | (
            <>Return{(oo{.&[1:]}|aoo[1:]|doo[1:])}
            & (
                <> ~Drawdown&~Drawup&~Since{Min}&~Since{Max}
                | Drawdown[1:,10:,20:,]
                | Since{Max&index[0,20]}
                | Since{Min&index[0,20]}
              )
            & Since[21:,62:,250:]
          )
        | (
            <> Volatility[20:,60:]
          )
      )
    | Market{.&
        <>(Weight)
        & (VP|Volatility)
        & [20:,60:]
      }
    |
        <>Return{pure&~dd} & VP[20:,60:]
        | FracRec[250:]
    
len(samps) = 14
[[2009.0, 2009.25], [2009.5, 2009.75], [2010.0, 2010.25], [2010.5, 2010.75], [2011.0, 2011.25], [2011.5, 2011.75], [2012.0, 2012.25], [2012.5, 2012.75], [2013.0, 2013.25], [2013.5, 2013.75], [2014.0, 2014.25], [2014.5, 2014.75], [2015.0, 2015.25], []]
>>>  k = 0 ---------------------------------------------------------------------------------------------------
{'learning_rate': 0.05, 'max_depth': -1, 'num_leaves': 4096}
{'min_data_in_leaf': 120, 'min_sum_hessian_in_leaf': 100.0, 'lambda_l1': 0, 'lambda_l2': 0}
<<<RESULTS>>>: walk 4 <Global>
nbest = 104
train = [1.502761336767957, 1.4279313992837868, 1.3711517652250587, 1.364584084318569, 1.3966879464111877, 1.3540983582722737, 1.3407596242915147, 1.4011137170087118, 1.3559501127028775, 1.3854439128403495, 1.3834020534390334, 1.3909602778974055, 1.3725835242851492, 1.3735516118284232]
scores = [0.24290592931521057, 0.743901334112241, 0.5240909139573089, 0.7667238042361418, 0.7250374618603664, 0.521280720937861, 1.1293308056866975, 0.6716372905518238, 0.5249930856802695, 0.3125786039962806, 0.5281802110152732, 0.6391138709072178, 0.37659021853480706, 1.3735516118284232]
score = 0.55443739149993
holdout = [[0.44985735898654367, 0.7837433949940774, 0.3131666516985617], [0.5104379079337246, 0.741772582450358, 0.34604344059342323], [0.5318593320069493, 0.7862301513553247, 0.3244903331611011], [0.5087054487968404, 0.8024336864528335, 0.2832737091622387], [0.4788692634933633, 0.7489508506280506, 0.2501050301913951], [0.48988059522522137, 0.7663737697376777, 0.35073706559960716], [0.5005635353819773, 0.7017802538813166, 0.3909634343418464], [0.4967654520118526, 0.7190450066000598, 0.34543408291899097], [0.49899199176860093, 0.7711800439820984, 0.3690008854055572], [0.5014728147052806, 0.7759597487509805, 0.2114574344850403], [0.5454792988530905, 0.7728733957299033, 0.33021204883113886], [0.4795618801826317, 0.7444831814594562, 0.3864688385353265], [0.4100125625107864, 0.7786473244428526, 0.35806977389628664], [0.44128597643991124, 0.7880277979000533, 0.3126595684018987]]
>>> t = 5 ===================================================================================================
setup_training %%%%%%%%%%%%%%%%%%%%%%%%%%%%%%%%%%%%%%%%%%%%
len(feats) = 72
<IKGHomoThree>
    <>~Market & (
        <>Return{.&pure&~digit&~TEN} & ~Since & Return{.&
            <>(oo|cc|aoo|acc|daoc)
            & index[0]
          }
        | Return{.&pure&~index} & ~Since & Return{.&
            <>(oo|aoo)
            & [3:,6:,9:,12:,15:,18:,6:3,9:6,12:9,15:12,18:15,21:18,9:3,12:6,            15:9,18:12,21:15,12:3,15:6,18:9,21:12,15:3,18:6,21:9,18:3,21:6,21:3]
          }
        | (
            <>Return{(oo{.&[1:]}|aoo[1:])}
            & (
                <> ~Drawdown&~Drawup&~Since{Min}&~Since{Max}
                | Drawdown[1:, 5:,10:]
                | Since{Max&index[0]}
                | Since{Min&index[0,10]}
              )
            & Since[21:,62:,125:,250:]
          )
      )
    
len(samps) = 14
[[2009.0, 2009.25], [2009.5, 2009.75], [2010.0, 2010.25], [2010.5, 2010.75], [2011.0, 2011.25], [2011.5, 2011.75], [2012.0, 2012.25], [2012.5, 2012.75], [2013.0, 2013.25], [2013.5, 2013.75], [2014.0, 2014.25], [2014.5, 2014.75], [2015.0, 2015.25], []]
>>>  k = 0 ---------------------------------------------------------------------------------------------------
{'learning_rate': 0.05, 'max_depth': -1, 'num_leaves': 4096}
{'min_data_in_leaf': 120, 'min_sum_hessian_in_leaf': 100.0, 'lambda_l1': 0, 'lambda_l2': 0}
<<<RESULTS>>>: walk 5 <IKGHomoThree>
nbest = 89
train = [1.3015781722156083, 1.1714399195725969, 1.1547507798970928, 1.1523283724967182, 1.1661524421746927, 1.140037276181518, 1.0980807622509734, 1.1542397564080975, 1.1381595390146606, 1.1432877589446493, 1.17787461833696, 1.1663562120655757, 1.1591637786966245, 1.1564100179856691]
scores = [0.756647529958755, 0.7309249062493816, 0.5205234118790044, 0.6404064513809133, 0.6629776236820786, 0.49823274852676835, 1.0601191849512135, 0.6464799559948118, 0.6553618904026669, 0.8101791464160957, 0.5415856504104611, 0.7012656348708041, 0.495055229319663, 1.1564100179856691]
score = 0.6356220036075623
holdout = [[0.6662261394283142, 0.5595812391644599, 0.3428891358901801], [0.6628665770890658, 0.5678686533715834, 0.33522472585310936], [0.6536463012762068, 0.5948580996025853, 0.3655444964881871], [0.6141453617498983, 0.565763071892578, 0.35725436585837816], [0.6061578389474935, 0.5880858790411873, 0.37495260649679274], [0.6157413860786584, 0.6730647812916888, 0.39370292955113845], [0.6586692757656145, 0.6282481216047779, 0.39655157450690776], [0.6417597713703357, 0.5885249344417222, 0.32759469749242304], [0.6287965401662804, 0.5685739492388835, 0.36822687610071037], [0.6639866871482321, 0.6001854636246718, 0.3199278666215713], [0.6401201010954596, 0.5654789658816373, 0.3414477340790278], [0.6280449923338928, 0.6196833760924013, 0.3880675612565101], [0.6090669612122784, 0.5902195607413572, 0.39665177099077226], [0.6306719216349292, 0.6196802351681143, 0.37190037981569374]]
>>> t = 6 ===================================================================================================
setup_training %%%%%%%%%%%%%%%%%%%%%%%%%%%%%%%%%%%%%%%%%%%%
len(feats) = 78
<IKGHomo>
    <>~Market & (
        <>Return{.&pure&~digit&~TEN} & ~Since & Return{.&
            <>(oo|cc|aoo|acc|daoc)
            & index[0]
          }
        | Return{.&pure&~index} & ~Since & Return{.&
            <>(oo|aoo)
            & [5:,10:,15:,10:5,15:10,20:15,15:5,20:10,20:5]
          }
        | (
            <>Return{(oo{.&[1:]}|aoo[1:])}
            & (
                <> ~Drawdown&~Drawup&~Since{Min}&~Since{Max}
                | Drawdown[1:, 5:,10:]
                | Since{Max&index[0]}
                | Since{Min&index[0,10]}
              )
            & Since[21:,62:,125:,250:]
          )
      )
    
len(samps) = 14
[[2009.0, 2009.25], [2009.5, 2009.75], [2010.0, 2010.25], [2010.5, 2010.75], [2011.0, 2011.25], [2011.5, 2011.75], [2012.0, 2012.25], [2012.5, 2012.75], [2013.0, 2013.25], [2013.5, 2013.75], [2014.0, 2014.25], [2014.5, 2014.75], [2015.0, 2015.25], []]
>>>  k = 0 ---------------------------------------------------------------------------------------------------
{'learning_rate': 0.05, 'max_depth': -1, 'num_leaves': 4096}
{'min_data_in_leaf': 120, 'min_sum_hessian_in_leaf': 100.0, 'lambda_l1': 0, 'lambda_l2': 0}
<<<RESULTS>>>: walk 6 <IKGHomo>
nbest = 103
train = [1.3407810476218174, 1.210734629519307, 1.1891684029845304, 1.192950773267712, 1.2066644851603876, 1.1628382576449174, 1.1418951743881747, 1.1951276846277716, 1.1734036798014669, 1.1812985929187725, 1.2071537618340593, 1.211748238053155, 1.1968777303426918, 1.1922888900327921]
scores = [0.7438875896749256, 0.7108593797095064, 0.5293564322634549, 0.6549861624729912, 0.6767414415859946, 0.47868107928665005, 1.1035991592439718, 0.6292186228592672, 0.6303859950356693, 0.7902093949538481, 0.5640953709060315, 0.6899413120427497, 0.4918955548937609, 1.1922888900327921]
score = 0.633229773190642
holdout = [[0.6418442341856452, 0.6155724548516005, 0.36204688373001953], [0.6264124360095765, 0.5760997114516733, 0.3319625013935665], [0.6545810236351574, 0.6229215325452091, 0.3640380514078129], [0.6053974331323567, 0.5917076378204216, 0.3524055899678722], [0.5991388994450124, 0.6054149297679967, 0.3802579641978951], [0.5971918093525937, 0.6798018779371908, 0.39826019309798116], [0.5929709238403501, 0.6216333469164894, 0.41827927376829477], [0.6209857766686392, 0.6122227495494199, 0.35310030235313955], [0.5813527646128703, 0.6053128494499488, 0.3863174291517748], [0.6351295161835661, 0.5961584184024498, 0.32525207157476854], [0.6012144156269404, 0.5856055791063154, 0.3794561346156082], [0.6114250981536481, 0.6222265755629709, 0.3761509554020784], [0.6204005000225454, 0.6078791039021687, 0.3965758008600348], [0.6019763720536256, 0.6053902187519146, 0.3757574851982347]]
>>> t = 7 ===================================================================================================
setup_training %%%%%%%%%%%%%%%%%%%%%%%%%%%%%%%%%%%%%%%%%%%%
len(feats) = 134
<IKGHomoTenDraw>
    <>~Market & (
        <>Return{.&pure&~digit&~TEN} & ~Since & Return{.&
            <>(oo|cc|aoo|acc|daoc)
            & index[0]
          }
        | Return{.&pure&~index} & ~Since & Return{.&
            <>(oo|aoo)
            & [5:,10:,15:,10:5,15:10,20:15,15:5,20:10,20:5]
          }
        | (
            <>Return{(oo{.&[1:]}|aoo[1:]|oo{.&[10:]}|aoo[10:])}
            & (
                <> ~Drawdown&~Drawup&~Since{Min}&~Since{Max}
                | Drawdown[1:, 5:,10:]
                | Since{Max&index[0]}
                | Since{Min&index[0,10]}
              )
            & Since[21:,62:,125:,250:]
          )
      )
    
len(samps) = 14
[[2009.0, 2009.25], [2009.5, 2009.75], [2010.0, 2010.25], [2010.5, 2010.75], [2011.0, 2011.25], [2011.5, 2011.75], [2012.0, 2012.25], [2012.5, 2012.75], [2013.0, 2013.25], [2013.5, 2013.75], [2014.0, 2014.25], [2014.5, 2014.75], [2015.0, 2015.25], []]
>>>  k = 0 ---------------------------------------------------------------------------------------------------
{'learning_rate': 0.05, 'max_depth': -1, 'num_leaves': 4096}
{'min_data_in_leaf': 120, 'min_sum_hessian_in_leaf': 100.0, 'lambda_l1': 0, 'lambda_l2': 0}
<<<RESULTS>>>: walk 7 <IKGHomoTenDraw>
nbest = 201
train = [1.6640809555611025, 1.5032711517778474, 1.4501220158454804, 1.4441370116781589, 1.4634803711724138, 1.417726699625624, 1.4080162285848201, 1.4599882825273465, 1.4384903379904352, 1.4396816783701607, 1.4631752426265472, 1.4655060880730637, 1.4609960447433477, 1.4668603959507913]
scores = [0.7142133491483484, 0.7684278028490744, 0.5530435108667044, 0.6767660828070963, 0.7036088942353064, 0.4943190398731678, 1.1421587318333941, 0.580418952254036, 0.6190076115993189, 0.8722439091583358, 0.5957993198781262, 0.7002161730581729, 0.43655015734881203, 1.4668603959507913]
score = 0.6413567891228238
holdout = [[0.545415849835445, 0.5096864685967496, 0.4216641487645002], [0.5180783782923273, 0.5055321872002403, 0.395207516636964], [0.5741246848183919, 0.5412715878282307, 0.42058772112571796], [0.5166699494630198, 0.5265813909126043, 0.43183572461589603], [0.5184522560158841, 0.5419570427389291, 0.4687241527949823], [0.5468756171227421, 0.6176820377297764, 0.45471342348567817], [0.5299029923085988, 0.5678623717517656, 0.4896511395340821], [0.5556104237264121, 0.481261746238329, 0.39078591309741206], [0.5421026619928653, 0.5037916839946338, 0.46017727994618857], [0.5708686436974676, 0.5119583167230591, 0.37736341425783515], [0.5474743914531289, 0.45852242668386595, 0.40882085284148706], [0.5856117172937898, 0.5447416785119189, 0.45513102423441054], [0.5517330161015442, 0.5308052768455976, 0.464257117617964], [0.5406878374536107, 0.541789632463683, 0.4498330369197357]]
>>> t = 8 ===================================================================================================
setup_training %%%%%%%%%%%%%%%%%%%%%%%%%%%%%%%%%%%%%%%%%%%%
len(feats) = 42
<s22>    <>~Market & (
        | Return{.&pure&~index} & ~Since & Return{.&
            <>(oo|aoo|doo|vp1dd|vp5dd)
            & [10:,10:5,15:10,15:5,20:5]
          }
        | (
            <>Return{(oo{.&[1:]})}
            & (
                | Drawdown[10:,20:10]
                | Since{Max&index[20]}
                | Since{Min&index[20]}
              )
            & Since[21:, 250:]
          )
        | (
            <>Return{dd} & VP[ 5:, 10:]
            & (
                | Drawdown[1:]
                | Since{Max & index[0]}
                | Since{Min & index[0]}
              )
            & Since[21:, 250:]
          )
      )
    |
        Time{long| short}
len(samps) = 14
[[2009.0, 2009.25], [2009.5, 2009.75], [2010.0, 2010.25], [2010.5, 2010.75], [2011.0, 2011.25], [2011.5, 2011.75], [2012.0, 2012.25], [2012.5, 2012.75], [2013.0, 2013.25], [2013.5, 2013.75], [2014.0, 2014.25], [2014.5, 2014.75], [2015.0, 2015.25], []]
>>>  k = 0 ---------------------------------------------------------------------------------------------------
{'learning_rate': 0.05, 'max_depth': -1, 'num_leaves': 4096}
{'min_data_in_leaf': 120, 'min_sum_hessian_in_leaf': 100.0, 'lambda_l1': 0, 'lambda_l2': 0}
<<<RESULTS>>>: walk 8 <s22>
nbest = 77
train = [1.273141625435587, 1.2081082030885844, 1.1743546166728942, 1.1754439656702664, 1.1906333332107077, 1.1736144235249466, 1.1407878415913004, 1.1752908447956807, 1.1585258521927584, 1.159178669774332, 1.1819014626196849, 1.2037078846103155, 1.1830858255510508, 1.1862440901229863]
scores = [0.41558028028059024, 0.68192902975711, 0.6153234852557106, 0.6687901329952377, 0.6303875360680576, 0.5485060227007242, 1.0168273351194286, 0.7472300322014573, 0.5289287082984866, 0.9755075776665989, 0.5657732869986054, 0.580848888492669, 0.45845372934962947, 1.1862440901229863]
score = 0.6064502969934763
holdout = [[0.648211832931936, 0.474387220776617, 0.5278567622047696], [0.6250185841365475, 0.5474600636534254, 0.5164950619487393], [0.6499727748255244, 0.5912627003419046, 0.5227422032289094], [0.6180200754096438, 0.5504116021833437, 0.4720170649293387], [0.6729404366933656, 0.5796261497385509, 0.45452461137404165], [0.5382226896616699, 0.6140592649758991, 0.5319024483944765], [0.668599826062122, 0.6159216141279303, 0.5014509463388539], [0.7310469917783222, 0.5421665005124626, 0.5211756084796896], [0.6897958822064443, 0.5586939946784265, 0.5499926411535655], [0.6611713283061524, 0.5303707716707392, 0.4803967773326489], [0.6828084059217912, 0.5321638346627047, 0.5494665367433844], [0.6460718116933463, 0.5704904384926747, 0.5849453787094536], [0.6417201077485097, 0.6127291076459513, 0.5393967028713849], [0.6277966916010542, 0.5613328000552585, 0.5377382571136965]]
>>> t = 9 ===================================================================================================
setup_training %%%%%%%%%%%%%%%%%%%%%%%%%%%%%%%%%%%%%%%%%%%%
len(feats) = 55
<s20>    <>~Market & (
        | Return{.&pure&~index} & ~Since & Return{.&
            <>(oo|aoo|vp1dd|Volatility)
            & [15:,6:3,9:6,12:9,12:6,18:12,18:9,21:12,18:6,21:9,18:3,21:6,21:3]
          }
        | (
            <>Return{(oo{.&[10:]}|doo[10:])}
            & (
                | Drawdown[ 5:,10:,20:]
                | Since{Max&index[0,5]}
                | Since{Min&index[0,5]}
              )
            & Since[21:, 62:, 250:]
          )
        | (
            <> Volatility[ 60:]
            | Volatility[10:, 20:]
            & (
                | Since{Max & index[0,5]}
                | Since{Min & index[10]}
              )
            & Since[ 250:]
          )
      )
    |
        <>Return{pure&~dd} & VP[60:]
        | FracRec[21:]
    |
        Time{long}
len(samps) = 14
[[2009.0, 2009.25], [2009.5, 2009.75], [2010.0, 2010.25], [2010.5, 2010.75], [2011.0, 2011.25], [2011.5, 2011.75], [2012.0, 2012.25], [2012.5, 2012.75], [2013.0, 2013.25], [2013.5, 2013.75], [2014.0, 2014.25], [2014.5, 2014.75], [2015.0, 2015.25], []]
>>>  k = 0 ---------------------------------------------------------------------------------------------------
{'learning_rate': 0.05, 'max_depth': -1, 'num_leaves': 4096}
{'min_data_in_leaf': 120, 'min_sum_hessian_in_leaf': 100.0, 'lambda_l1': 0, 'lambda_l2': 0}
>>> training...
<<<RESULTS>>>: walk 9 <s20>
nbest = 73
train = (1.4424396880058972, 1.3304519705116389, 1.3093642433534156, 1.2752251712707012, 1.2795817858613439, 1.2782021612494996, 1.2609441428713648, 1.2976764191769716, 1.2707812190207521, 1.2833839372931104, 1.2800900676753104, 1.2978202883042185, 1.3013555476122165, 1.2953144232407943)
scores = (0.33668952818744391, 0.69242098357646009, 0.52834664207775817, 0.55752703778225232, 0.61584425069111226, 0.49766611283634626, 0.92822274459273968, 0.65541885252562448, 0.55410368921206277, 0.52251556890863771, 0.71085929048451513, 0.54247220009711639, 0.31006205310287904, 1.2953144232407943)
score = 0.5345248252260623
holdout = ((0.38475157734045323, 0.59390059349832836, 0.64588551632340185), (0.36352038440635365, 0.57880236333155444, 0.60884660117883327), (0.40123726937678217, 0.52427205761927187, 0.62911076185522963), (0.54269933704642237, 0.56768852982626095, 0.49266728298382212), (0.41605782876178904, 0.6002152684415798, 0.53387732147368305), (0.40882085884940461, 0.60153950432709646, 0.61275739381960959), (0.39906047976919096, 0.68424629744830412, 0.6151267389937457), (0.4089680459493491, 0.54132723438836439, 0.57009178297573515), (0.43382610571304925, 0.53738718245087391, 0.64786549527576565), (0.31864249859068006, 0.64872104415777354, 0.50384646738214534), (0.4138539158878502, 0.60434265667742304, 0.59673980982353703), (0.35429856149940719, 0.5780005430839521, 0.62467928706266618), (0.33199524754297555, 0.58115412069389338, 0.64901248616609009), (0.34811119294175474, 0.5742031008535482, 0.58708714692168718))
>>> t = 10 ===================================================================================================
setup_training %%%%%%%%%%%%%%%%%%%%%%%%%%%%%%%%%%%%%%%%%%%%
len(feats) = 89
<s21>    <>~Market & (
        <>Return{.&pure&~digit&~TEN} & ~Since & Return{.&
            <>(vp1dd)
            & index[0,2, 0:1]
          }
        | Return{.&pure&~index} & ~Since & Return{.&
            <>(doo|vp5dd|Volatility)
            & [5:,15:,10:5,15:10,20:15,15:5,20:5]
          }
        | (
            <>Return{(oo{.&[1:]}|aoo[1:]|oo{.&[10:]})}
            & (
                <> ~Drawdown&~Drawup&~Since{Min}&~Since{Max}
                | Drawdown[1:,10:,20:]
                | Since{Max&index[0,10]}
                | Since{Min&index[0,20]}
              )
            & Since[21:, 125:, 250:]
          )
      )
    | Market{.&
        <>(~Weight)
        & (Return| Volatility)
        & [20:,60:]
      }
    |
        | FracRec[21:,125:,250:]
    |
len(samps) = 14
[[2009.0, 2009.25], [2009.5, 2009.75], [2010.0, 2010.25], [2010.5, 2010.75], [2011.0, 2011.25], [2011.5, 2011.75], [2012.0, 2012.25], [2012.5, 2012.75], [2013.0, 2013.25], [2013.5, 2013.75], [2014.0, 2014.25], [2014.5, 2014.75], [2015.0, 2015.25], []]
>>>  k = 0 ---------------------------------------------------------------------------------------------------
{'learning_rate': 0.05, 'max_depth': -1, 'num_leaves': 4096}
{'min_data_in_leaf': 120, 'min_sum_hessian_in_leaf': 100.0, 'lambda_l1': 0, 'lambda_l2': 0}
<<<RESULTS>>>: walk 10 <s21>
nbest = 74
train = [1.3565102889730545, 1.2857842182066808, 1.2615121936062315, 1.2561428523692022, 1.2656250087591356, 1.2465141825406971, 1.2248243801638294, 1.2599914991385084, 1.2462271747363667, 1.250621454531561, 1.2631624994803896, 1.2621300173047214, 1.2404106155279158, 1.2649966024038408]
scores = [0.4082318350178563, 0.689902129680139, 0.5316753412316647, 0.5702783529986443, 0.7148150449111921, 0.4366426889568787, 1.0590171439453184, 0.7168430557737091, 0.4882778387860714, 0.6644378704132925, 0.5978769619128946, 0.7308666471331021, 0.3607938461743306, 1.2649966024038408]
score = 0.5649275545320711
holdout = [[0.4991949492328567, 0.7605505048604208, 0.4152679735737334], [0.4982398609616993, 0.6485347459963954, 0.3858042176390902], [0.6167383879084878, 0.6400629310999083, 0.3679784884173056], [0.5499518164880269, 0.6662982060513819, 0.3741615479180453], [0.511489639327943, 0.6269976765961521, 0.3714865866316193], [0.548536154611349, 0.6056828756418697, 0.38557020499364686], [0.550832471744709, 0.5814760451670505, 0.4179300228261967], [0.5114856773459864, 0.6004411714933702, 0.41509616174253], [0.520393710156369, 0.6590075521469229, 0.48450991833838736], [0.48299643187293384, 0.6399140658682764, 0.33848269997195246], [0.5471233597703202, 0.6476645963821382, 0.37090138105797954], [0.5004289757117417, 0.5694655765438735, 0.3956936969153762], [0.5072156958472925, 0.5995723491176624, 0.3722325483072742], [0.5037878743345389, 0.6106922055022785, 0.3976107856774794]]
>>> t = 11 ===================================================================================================
setup_training %%%%%%%%%%%%%%%%%%%%%%%%%%%%%%%%%%%%%%%%%%%%
len(feats) = 64
<s00>    <>~Market & (
        <>Return{.&pure&~digit&~TEN} & ~Since & Return{.&
            <>(oo|cc|aoo|acc|doo|vp1dd)
            & index[0,1,2, 0:1,0:2]
          }
        | Return{.&pure&~index} & ~Since & Return{.&
            <>(oo|aoo|vp1dd)
            & [5:,10:,15:,15:10,20:15,15:5,20:10]
          }
        | (
            <>Return{(oo{.&[1:]})}
            & (
                | Drawdown[10:,20:]
                | Since{Max&index[10,20]}
                | Drawup[1:]
                | Since{Min&index[0,5]}
              )
            & Since[ 62:, 250:]
          )
        | (
            <> Volatility[ 60:]
            | Volatility[ 20:]
            & (
                | Since{Max & index[0,5]}
                | Drawup[ 10:5,20:10]
                | Since{Min & index[20]}
              )
            & Since[ 62:, 250:]
          )
      )
    |
        <>Return{pure&~dd} & VP[10:]
    |
len(samps) = 14
[[2009.0, 2009.25], [2009.5, 2009.75], [2010.0, 2010.25], [2010.5, 2010.75], [2011.0, 2011.25], [2011.5, 2011.75], [2012.0, 2012.25], [2012.5, 2012.75], [2013.0, 2013.25], [2013.5, 2013.75], [2014.0, 2014.25], [2014.5, 2014.75], [2015.0, 2015.25], []]
>>>  k = 0 ---------------------------------------------------------------------------------------------------
{'learning_rate': 0.05, 'max_depth': -1, 'num_leaves': 4096}
{'min_data_in_leaf': 120, 'min_sum_hessian_in_leaf': 100.0, 'lambda_l1': 0, 'lambda_l2': 0}
<<<RESULTS>>>: walk 11 <s00>
nbest = 185
train = [1.5689411542248322, 1.4579360450656718, 1.4209288784958929, 1.408187610645413, 1.4367575705215294, 1.3956996742104972, 1.391448456690555, 1.4377303072846401, 1.388291157075097, 1.4162390148936834, 1.4252957251579148, 1.4315598797280844, 1.424130992577939, 1.431733201784519]
scores = [0.4614893006986065, 0.736852546205934, 0.5012024198710546, 0.7522486540795184, 0.7676089480441318, 0.40884839892446334, 0.9935582746905308, 0.672100309514697, 0.4862474299237879, 0.45511532578952485, 0.5455274162649547, 0.7428332598503246, 0.6271903073313827, 1.431733201784519]
score = 0.58363709660764
holdout = [[0.701945940549541, 0.6613463827754413, 0.42025027293947465], [0.578694002671826, 0.6827029876008152, 0.35009577195093644], [0.5754750518059312, 0.667887464854407, 0.40585280784741806], [0.563797501628805, 0.634177809852456, 0.3949643978842732], [0.5886569823246394, 0.6685979186085644, 0.4388408016206893], [0.5893738588357735, 0.7329313692920154, 0.4335731893280153], [0.5295752259188201, 0.6747328758994113, 0.4160152403218728], [0.5858130709892331, 0.6751988134463074, 0.36795206546359155], [0.6133576740529657, 0.6620461208871258, 0.45319120774234545], [0.6102943183515981, 0.7152347479282763, 0.28913751895259376], [0.5802987374194637, 0.6755118377952188, 0.3704061495815663], [0.5660320571542694, 0.6607366328469652, 0.4236082368914049], [0.5867133566079653, 0.7103831906658998, 0.44988554521179863], [0.5883932163556601, 0.6755942988600783, 0.4184483225976217]]
>>> t = 12 ===================================================================================================
setup_training %%%%%%%%%%%%%%%%%%%%%%%%%%%%%%%%%%%%%%%%%%%%
len(feats) = 127
<s10>    <>~Market & (
        <>Return{.&pure&~digit&~TEN} & ~Since & Return{.&
            <>(oo|cc|dcc)
            & index[0,1,2, 0:1,1:2]
          }
        | (
            <>Return{(oo{.&[1:]}|oo{.&[10:]}|doo[10:])}
            & (
                <> ~Drawdown&~Drawup&~Since{Min}&~Since{Max}
                | Drawdown[1:, 5:,10:, 10:5]
                | Since{Max&index[0]}
                | Since{Min&index[0,5]}
              )
            & Since[21:, 125:, 250:]
          )
        | (
            <>Return{dd} & VP[1:, 5:, 10:]
            & (
                <> ~Drawdown&~Drawup&~Since{Min}&~Since{Max}
                | Since{Max & index[5]}
                | Drawup[20:10]
                | Since{Min & index[20]}
              )
            & Since[21:, 125:, 250:]
          )
        | (
            <> Volatility[ 60:]
            | Volatility[10:]
            & (
                | Since{Max & index[20]}
                | Since{Min & index[20]}
              )
            & Since[21:, 125:, 250:]
          )
      )
    |
        Time{long| short}
len(samps) = 14
[[2009.0, 2009.25], [2009.5, 2009.75], [2010.0, 2010.25], [2010.5, 2010.75], [2011.0, 2011.25], [2011.5, 2011.75], [2012.0, 2012.25], [2012.5, 2012.75], [2013.0, 2013.25], [2013.5, 2013.75], [2014.0, 2014.25], [2014.5, 2014.75], [2015.0, 2015.25], []]
>>>  k = 0 ---------------------------------------------------------------------------------------------------
{'learning_rate': 0.05, 'max_depth': -1, 'num_leaves': 4096}
{'min_data_in_leaf': 120, 'min_sum_hessian_in_leaf': 100.0, 'lambda_l1': 0, 'lambda_l2': 0}
<<<RESULTS>>>: walk 12 <s10>
nbest = 60
train = [1.3869181943496645, 1.2594334737246071, 1.237330602938414, 1.2409728518010852, 1.2588937937767997, 1.2269469565717634, 1.2004936873274177, 1.2435439581278929, 1.2143151364286089, 1.2388675457694367, 1.2503379425958017, 1.281213114796609, 1.2455704164656776, 1.2434822462297381]
scores = [0.6802414006648719, 0.6915714641874398, 0.6290114995041303, 0.8453023740115357, 0.5569484925346281, 0.5713479159432321, 1.1039065052737886, 0.7010822770620376, 0.6070090957951729, 0.8391853280873863, 0.6516696689950057, 0.616700698928865, 0.4390744742208384, 1.2434822462297381]
score = 0.6428326884417016
holdout = [[0.6499291290926605, 0.399615306489676, 0.5009142624847619], [0.6656837240359981, 0.5066856728550232, 0.44204072001832645], [0.6498888226472899, 0.5267866242120492, 0.4562754882523908], [0.710944350200218, 0.5486435235401019, 0.3787423288932177], [0.6819034507881276, 0.5331403038308206, 0.4191664076021846], [0.5280572734549018, 0.5160761102205783, 0.4703504828448291], [0.7709223506298666, 0.611920867072858, 0.4485352435824331], [0.715220194096735, 0.4935775425375693, 0.43899880019672505], [0.6446775048473531, 0.4840429995338978, 0.47230489038004064], [0.7121340767726356, 0.5285903575758668, 0.4365327071468161], [0.7391581800762921, 0.4456472029998484, 0.45407249831215596], [0.6418346928417347, 0.5325385022870155, 0.49256964564095435], [0.6383107761209368, 0.5163085801868408, 0.4949647656186005], [0.6701377165224383, 0.5354112111944275, 0.45386417407290525]]
>>> t = 13 ===================================================================================================
setup_training %%%%%%%%%%%%%%%%%%%%%%%%%%%%%%%%%%%%%%%%%%%%
len(feats) = 42
<s22>    <>~Market & (
        | Return{.&pure&~index} & ~Since & Return{.&
            <>(oo|aoo|doo|vp1dd|vp5dd)
            & [10:,10:5,15:10,15:5,20:5]
          }
        | (
            <>Return{(oo{.&[1:]})}
            & (
                | Drawdown[10:,20:10]
                | Since{Max&index[20]}
                | Since{Min&index[20]}
              )
            & Since[21:, 250:]
          )
        | (
            <>Return{dd} & VP[ 5:, 10:]
            & (
                | Drawdown[1:]
                | Since{Max & index[0]}
                | Since{Min & index[0]}
              )
            & Since[21:, 250:]
          )
      )
    |
        Time{long| short}
len(samps) = 14
[[2009.0, 2009.25], [2009.5, 2009.75], [2010.0, 2010.25], [2010.5, 2010.75], [2011.0, 2011.25], [2011.5, 2011.75], [2012.0, 2012.25], [2012.5, 2012.75], [2013.0, 2013.25], [2013.5, 2013.75], [2014.0, 2014.25], [2014.5, 2014.75], [2015.0, 2015.25], []]
>>>  k = 0 ---------------------------------------------------------------------------------------------------
{'learning_rate': 0.05, 'max_depth': -1, 'num_leaves': 4096}
{'min_data_in_leaf': 120, 'min_sum_hessian_in_leaf': 100.0, 'lambda_l1': 0, 'lambda_l2': 0}
<<<RESULTS>>>: walk 13 <s22>
nbest = 77
train = [1.273141625435587, 1.2081082030885844, 1.1743546166728942, 1.1754439656702664, 1.1906333332107077, 1.1736144235249466, 1.1407878415913004, 1.1752908447956807, 1.1585258521927584, 1.159178669774332, 1.1819014626196849, 1.2037078846103155, 1.1830858255510508, 1.1862440901229863]
scores = [0.41558028028059024, 0.68192902975711, 0.6153234852557106, 0.6687901329952377, 0.6303875360680576, 0.5485060227007242, 1.0168273351194286, 0.7472300322014573, 0.5289287082984866, 0.9755075776665989, 0.5657732869986054, 0.580848888492669, 0.45845372934962947, 1.1862440901229863]