>>> t = 0 ===================================================================================================
setup_training %%%%%%%%%%%%%%%%%%%%%%%%%%%%%%%%%%%%%%%%%%%%
len(feats) = 72
<IKGHomoThree>
    <>~Market & (
        <>Return{.&pure&~digit&~TEN} & ~Since & Return{.&
            <>(oo|cc|aoo|acc|daoc)
            & index[0]
          }
        | Return{.&pure&~index} & ~Since & Return{.&
            <>(oo|aoo)
            & [3:,6:,9:,12:,15:,18:,6:3,9:6,12:9,15:12,18:15,21:18,9:3,12:6,            15:9,18:12,21:15,12:3,15:6,18:9,21:12,15:3,18:6,21:9,18:3,21:6,21:3]
          }
        | (
            <>Return{(oo{.&[1:]}|aoo[1:])}
            & (
                <> ~Drawdown&~Drawup&~Since{Min}&~Since{Max}
                | Drawdown[1:, 5:,10:]
                | Since{Max&index[0]}
                | Since{Min&index[0,10]}
              )
            & Since[21:,62:,125:,250:]
          )
      )
    
len(samps) = 14
[[2009.0, 2009.25], [2009.5, 2009.75], [2010.0, 2010.25], [2010.5, 2010.75], [2011.0, 2011.25], [2011.5, 2011.75], [2012.0, 2012.25], [2012.5, 2012.75], [2013.0, 2013.25], [2013.5, 2013.75], [2014.0, 2014.25], [2014.5, 2014.75], [2015.0, 2015.25], []]
>>>  k = 0 ---------------------------------------------------------------------------------------------------
{'learning_rate': 0.05, 'max_depth': -1, 'num_leaves': 4096}
{'min_data_in_leaf': 120, 'min_sum_hessian_in_leaf': 50, 'lambda_l1': 0, 'lambda_l2': 0}
>>> training...

<<<RESULTS>>>: walk 0 <IKGHomoThree>
nbest = 31
train = (1.1125216818620294, 1.0462194328665197, 1.0867085226496591, 1.0661916181528954, 1.0552225447648533, 1.060693802059909, 1.0073446430130688, 1.0615682409326106, 1.0383129067815384, 1.0769082457742332, 1.0777053739106404, 1.0854767125296199, 1.0456928476212399, 1.0575142310993315)
scores = (0.61497097106243459, 0.57954798904829607, 0.59762918265260068, 0.46999552533902972, 0.69604625250706731, 0.46500412091028387, 0.92902896218941333, 0.63720252459557203, 0.61434472878716118, 0.64233731986166798, 0.41546956433999555, 0.65986471963488103, 0.4978218204551238, 1.0575142310993315)
score = 0.571463413049344
holdout = ((0.72652158307992043, 0.59369930531274195, 0.31784987827362343), (0.67976397836069125, 0.59731699365922042, 0.30143140298964588), (0.69214709517358397, 0.59229263455166736, 0.31263112953465261), (0.66124954789838131, 0.5883973075831449, 0.31200279291625527), (0.65342794196218601, 0.58661004666066519, 0.33389437230275709), (0.65851374363996729, 0.63760806076657928, 0.34018522604521195), (0.68829375539880244, 0.5960490743642487, 0.3484432385877943), (0.67223399192097422, 0.59187295888487068, 0.31611437089411132), (0.68604176581006615, 0.58556179162731148, 0.35464857876520994), (0.66827099387072164, 0.59747633658855381, 0.29865225415473512), (0.65512527744024895, 0.5719565200338026, 0.32128949912185606), (0.64768485728310965, 0.59575588425370896, 0.3318336478572243), (0.65285827891007753, 0.6038959079490559, 0.35660566381032022), (0.65482905648092071, 0.60041154788400364, 0.32955502403508602))
>>> t = 1 ===================================================================================================
setup_training %%%%%%%%%%%%%%%%%%%%%%%%%%%%%%%%%%%%%%%%%%%%
len(feats) = 89
<s21>    <>~Market & (
        <>Return{.&pure&~digit&~TEN} & ~Since & Return{.&
            <>(vp1dd)
            & index[0,2, 0:1]
          }
        | Return{.&pure&~index} & ~Since & Return{.&
            <>(doo|vp5dd|Volatility)
            & [5:,15:,10:5,15:10,20:15,15:5,20:5]
          }
        | (
            <>Return{(oo{.&[1:]}|aoo[1:]|oo{.&[10:]})}
            & (
                <> ~Drawdown&~Drawup&~Since{Min}&~Since{Max}
                | Drawdown[1:,10:,20:]
                | Since{Max&index[0,10]}
                | Since{Min&index[0,20]}
              )
            & Since[21:, 125:, 250:]
          )
      )
    | Market{.&
        <>(~Weight)
        & (Return| Volatility)
        & [20:,60:]
      }
    |
        | FracRec[21:,125:,250:]
    |
len(samps) = 14
[[2009.0, 2009.25], [2009.5, 2009.75], [2010.0, 2010.25], [2010.5, 2010.75], [2011.0, 2011.25], [2011.5, 2011.75], [2012.0, 2012.25], [2012.5, 2012.75], [2013.0, 2013.25], [2013.5, 2013.75], [2014.0, 2014.25], [2014.5, 2014.75], [2015.0, 2015.25], []]
>>>  k = 0 ---------------------------------------------------------------------------------------------------
{'learning_rate': 0.05, 'max_depth': -1, 'num_leaves': 4096}
{'min_data_in_leaf': 120, 'min_sum_hessian_in_leaf': 100, 'lambda_l1': 0, 'lambda_l2': 0}
>>> training...
<<<RESULTS>>>: walk 1 <s21>
nbest = 54
train = (1.5299595141446038, 1.4479788670798801, 1.4779263347248561, 1.432325140770137, 1.4342607688256312, 1.431062207691302, 1.3949484082225694, 1.4517766721889624, 1.41777421527878, 1.450293680948495, 1.4334147999120426, 1.4636945529162029, 1.3959442322066227, 1.4378766501403859)
scores = (0.43962881194840409, 0.78998163559734469, 0.57869013904029398, 0.50762580028732196, 0.72708580343786033, 0.50861145664665908, 1.047430027865053, 0.65361566235575996, 0.41437085400000534, 0.70204414018262251, 0.52190851897537494, 0.67732706756750627, 0.39209290260255886, 1.4378766501403859)
score = 0.5758394766079602
holdout = ((0.49637548587552832, 0.65434287990836926, 0.36850509813365268), (0.5477621843553373, 0.62813118868153894, 0.3637056190901467), (0.56444220761280817, 0.58316729772212905, 0.36777430642339304), (0.59581243225771019, 0.66226990524678042, 0.35630399002903101), (0.53627027649415959, 0.57043980847977194, 0.35585001674092226), (0.60057558779459952, 0.59178485549174109, 0.3760351066457982), (0.57202612089854765, 0.54118063154930296, 0.39899392211614693), (0.51978643642892919, 0.56427762734991738, 0.36748386119152721), (0.5584068394885171, 0.62379488772756775, 0.40580415681547555), (0.54687850746961586, 0.64092992260965831, 0.35787720888341734), (0.51349843331025569, 0.59236147449664489, 0.34987346795514934), (0.5050501918689293, 0.59926241537549219, 0.36716805055691804), (0.52265534556779403, 0.59986106195954114, 0.37683455481395084), (0.5352481679634864, 0.57484663376394884, 0.39175116030319246))
>>> t = 2 ===================================================================================================
setup_training %%%%%%%%%%%%%%%%%%%%%%%%%%%%%%%%%%%%%%%%%%%%
len(feats) = 127
<s10>    <>~Market & (
        <>Return{.&pure&~digit&~TEN} & ~Since & Return{.&
            <>(oo|cc|dcc)
            & index[0,1,2, 0:1,1:2]
          }
        | (
            <>Return{(oo{.&[1:]}|oo{.&[10:]}|doo[10:])}
            & (
                <> ~Drawdown&~Drawup&~Since{Min}&~Since{Max}
                | Drawdown[1:, 5:,10:, 10:5]
                | Since{Max&index[0]}
                | Since{Min&index[0,5]}
              )
            & Since[21:, 125:, 250:]
          )
        | (
            <>Return{dd} & VP[1:, 5:, 10:]
            & (
                <> ~Drawdown&~Drawup&~Since{Min}&~Since{Max}
                | Since{Max & index[5]}
                | Drawup[20:10]
                | Since{Min & index[20]}
              )
            & Since[21:, 125:, 250:]
          )
        | (
            <> Volatility[ 60:]
            | Volatility[10:]
            & (
                | Since{Max & index[20]}
                | Since{Min & index[20]}
              )
            & Since[21:, 125:, 250:]
          )
      )
    |
        Time{long| short}
len(samps) = 14
[[2009.0, 2009.25], [2009.5, 2009.75], [2010.0, 2010.25], [2010.5, 2010.75], [2011.0, 2011.25], [2011.5, 2011.75], [2012.0, 2012.25], [2012.5, 2012.75], [2013.0, 2013.25], [2013.5, 2013.75], [2014.0, 2014.25], [2014.5, 2014.75], [2015.0, 2015.25], []]
>>>  k = 0 ---------------------------------------------------------------------------------------------------
{'learning_rate': 0.05, 'max_depth': -1, 'num_leaves': 4096}
{'min_data_in_leaf': 120, 'min_sum_hessian_in_leaf': 100, 'lambda_l1': 0, 'lambda_l2': 0}
>>> training...
<<<RESULTS>>>: walk 2 <s10>
nbest = 72
train = (1.7554343378632296, 1.6213417432625021, 1.6340543185937941, 1.5911502234908685, 1.6131292794165348, 1.6175696910529398, 1.5629467620990884, 1.6138463412800912, 1.5686516484686166, 1.6045072206121398, 1.6200834538905733, 1.6356386962731937, 1.5990299102791856, 1.6130652997280188)
scores = (0.69601454798817286, 0.60568700666051334, 0.65618665303741253, 0.70701275134795527, 0.57337383581777224, 0.52219617545939156, 1.0252251936821173, 0.65526216992460051, 0.64318058635456032, 0.69760617268721992, 0.55780892534946813, 0.62589776088703342, 0.51227118334735933, 1.6130652997280188)
score = 0.6266386373196765
holdout = ((0.61971911781967426, 0.39144512580154678, 0.49723616801516096), (0.66828598593379107, 0.56275075419591558, 0.50851230892862287), (0.65063000953715733, 0.59160732540337546, 0.49789879945079885), (0.64853586176721001, 0.62358385280659256, 0.40686283311355342), (0.68250512365988669, 0.58891529459745406, 0.46500859528702809), (0.59877268003295392, 0.61320294163231259, 0.49373834619377216), (0.72096120836932931, 0.65595349087198929, 0.49517598836008742), (0.66777360698579635, 0.54029891328579338, 0.52550063393978286), (0.62549112505620263, 0.5721620564032337, 0.50496794541516321), (0.64422154283049238, 0.58342248509737504, 0.49048447253425104), (0.68814012580738937, 0.56120771320561247, 0.46705213088133213), (0.60372824869529407, 0.62131615023853592, 0.49907614633340441), (0.6038239910763995, 0.5676154642547947, 0.51575772656993057), (0.63496133889094697, 0.53956736481437162, 0.48402656208555978))
>>> t = 3 ===================================================================================================
setup_training %%%%%%%%%%%%%%%%%%%%%%%%%%%%%%%%%%%%%%%%%%%%
len(feats) = 64
<s00>    <>~Market & (
        <>Return{.&pure&~digit&~TEN} & ~Since & Return{.&
            <>(oo|cc|aoo|acc|doo|vp1dd)
            & index[0,1,2, 0:1,0:2]
          }
        | Return{.&pure&~index} & ~Since & Return{.&
            <>(oo|aoo|vp1dd)
            & [5:,10:,15:,15:10,20:15,15:5,20:10]
          }
        | (
            <>Return{(oo{.&[1:]})}
            & (
                | Drawdown[10:,20:]
                | Since{Max&index[10,20]}
                | Drawup[1:]
                | Since{Min&index[0,5]}
              )
            & Since[ 62:, 250:]
          )
        | (
            <> Volatility[ 60:]
            | Volatility[ 20:]
            & (
                | Since{Max & index[0,5]}
                | Drawup[ 10:5,20:10]
                | Since{Min & index[20]}
              )
            & Since[ 62:, 250:]
          )
      )
    |
        <>Return{pure&~dd} & VP[10:]
    |
len(samps) = 14
[[2009.0, 2009.25], [2009.5, 2009.75], [2010.0, 2010.25], [2010.5, 2010.75], [2011.0, 2011.25], [2011.5, 2011.75], [2012.0, 2012.25], [2012.5, 2012.75], [2013.0, 2013.25], [2013.5, 2013.75], [2014.0, 2014.25], [2014.5, 2014.75], [2015.0, 2015.25], []]
>>>  k = 0 ---------------------------------------------------------------------------------------------------
{'learning_rate': 0.05, 'max_depth': -1, 'num_leaves': 4096}
{'min_data_in_leaf': 120, 'min_sum_hessian_in_leaf': 100, 'lambda_l1': 0, 'lambda_l2': 0}
>>> training...
<<<RESULTS>>>: walk 3 <s00>
nbest = 115
train = (1.7327198429498365, 1.6012077485983549, 1.6741999080797025, 1.6073905098986858, 1.626483975777014, 1.6120016324235891, 1.587794940993779, 1.6229168510504091, 1.6025713481348602, 1.6519730793597314, 1.631958927423538, 1.6484176003229905, 1.6091263456046299, 1.6258885825653149)
scores = (0.34174824921196639, 0.66857226698767591, 0.52906070451900256, 0.57145991288923326, 0.67126031260789309, 0.41875041306292299, 1.0054704213931656, 0.66294551895940912, 0.58818288717101141, 0.4984658328191755, 0.46737558086131098, 0.68911281923457957, 0.51719512342455876, 1.6258885825653149)
score = 0.5512280827162981
holdout = ((0.68485872617312171, 0.66036033591200616, 0.3878526586625633), (0.66064078904156787, 0.67899243536524234, 0.34055297378469018), (0.68208892018036782, 0.68904145527510996, 0.37174609821034854), (0.64531555631801507, 0.63644817921013241, 0.36847479953382284), (0.66797429083892912, 0.66872394855041173, 0.38142239109139259), (0.61279794162005008, 0.73682490376565624, 0.37485204334550964), (0.62370497865212171, 0.6568820746086671, 0.39095149622854042), (0.62070694916842162, 0.65361234254283085, 0.34040052161023882), (0.66171810387779595, 0.66598827993135046, 0.38484502598824688), (0.67044116124324804, 0.66571333079302097, 0.34055398779164286), (0.67049165958649237, 0.65047970420977042, 0.35615586795714332), (0.63045446256237214, 0.65149321728046716, 0.38685448105360942), (0.62072474251828313, 0.67250207902460013, 0.41606390376424057), (0.65360740209959578, 0.66966332741899393, 0.38676433684561878))
>>> t = 4 ===================================================================================================
setup_training %%%%%%%%%%%%%%%%%%%%%%%%%%%%%%%%%%%%%%%%%%%%
len(feats) = 191
<Global>
    <>~Market & (
        <>Return{.&pure&~digit&~TEN} & ~Since & Return{.&
            <>(oo|cc|aoo|acc|doo|dcc|doc|daoc)
            & index[0,1,2]
          }
        | Return{.&pure&~index} & ~Since & Return{.&
            <>(oo|aoo|doo)
            & [3:,6:,9:,12:,15:,18:,6:3,9:6,12:9,15:12,18:15,21:18,9:3,12:6,            15:9,18:12,21:15,12:3,15:6,18:9,21:12,15:3,18:6,21:9,18:3,21:6,21:3]
          }
        | (
            <>Return{(oo{.&[1:]}|aoo[1:]|doo[1:])}
            & (
                <> ~Drawdown&~Drawup&~Since{Min}&~Since{Max}
                | Drawdown[1:,10:,20:,]
                | Since{Max&index[0,20]}
                | Since{Min&index[0,20]}
              )
            & Since[21:,62:,250:]
          )
        | (
            <> Volatility[20:,60:]
          )
      )
    | Market{.&
        <>(Weight)
        & (VP|Volatility)
        & [20:,60:]
      }
    |
        <>Return{pure&~dd} & VP[20:,60:]
        | FracRec[250:]
    
len(samps) = 14
[[2009.0, 2009.25], [2009.5, 2009.75], [2010.0, 2010.25], [2010.5, 2010.75], [2011.0, 2011.25], [2011.5, 2011.75], [2012.0, 2012.25], [2012.5, 2012.75], [2013.0, 2013.25], [2013.5, 2013.75], [2014.0, 2014.25], [2014.5, 2014.75], [2015.0, 2015.25], []]
>>>  k = 0 ---------------------------------------------------------------------------------------------------
{'learning_rate': 0.05, 'max_depth': -1, 'num_leaves': 4096}
{'min_data_in_leaf': 120, 'min_sum_hessian_in_leaf': 100, 'lambda_l1': 0, 'lambda_l2': 0}
>>> training...
<<<RESULTS>>>: walk 4 <Global>
nbest = 78
train = (1.8067069352176757, 1.6750967608078575, 1.6991817280839681, 1.6268212915481368, 1.6483967276433658, 1.6063721772457384, 1.6258561718371562, 1.6680416272000376, 1.6320661820486575, 1.6931069427787622, 1.6607688460456274, 1.6817049408999942, 1.6370615453899755, 1.6564087324179837)
scores = (0.47221150403990603, 0.69482062192359195, 0.5776704296440559, 0.51554837983301294, 0.71994171830838838, 0.54037832847680534, 0.98311328508195628, 0.61348326517544061, 0.52347451350378094, 0.43139946882865859, 0.47245974400262242, 0.63671439497699844, 0.38060043069995503, 1.6564087324179837)
score = 0.5583166637985798
holdout = ((0.61366488024749088, 0.80723052984884414, 0.34518889805501296), (0.6200654224271871, 0.71123442332349729, 0.32421186359250848), (0.61616331737109875, 0.72292454106826076, 0.34766411828337973), (0.63236493141330696, 0.74072717349771411, 0.33012148323788443), (0.58977218529465092, 0.74011517395183457, 0.34274438915436628), (0.60944943850795064, 0.78043555158633338, 0.34322632719686347), (0.60391628164294575, 0.68215800252501102, 0.37273365222539329), (0.59656625705781718, 0.76464509993161089, 0.35891589662828199), (0.63582950982893727, 0.70968046462022272, 0.40036263410340212), (0.61947024709219756, 0.75368179220317089, 0.27092989367356279), (0.64253685430971597, 0.7158519920046259, 0.31549065619228417), (0.58189302297997592, 0.7306497857747577, 0.3704971715014988), (0.54678143152245795, 0.7219522047280218, 0.41972801340330707), (0.58158285269480114, 0.74765861443085513, 0.35133492607391414))
>>> t = 5 ===================================================================================================
setup_training %%%%%%%%%%%%%%%%%%%%%%%%%%%%%%%%%%%%%%%%%%%%
len(feats) = 127
<s10>    <>~Market & (
        <>Return{.&pure&~digit&~TEN} & ~Since & Return{.&
            <>(oo|cc|dcc)
            & index[0,1,2, 0:1,1:2]
          }
        | (
            <>Return{(oo{.&[1:]}|oo{.&[10:]}|doo[10:])}
            & (
                <> ~Drawdown&~Drawup&~Since{Min}&~Since{Max}
                | Drawdown[1:, 5:,10:, 10:5]
                | Since{Max&index[0]}
                | Since{Min&index[0,5]}
              )
            & Since[21:, 125:, 250:]
          )
        | (
            <>Return{dd} & VP[1:, 5:, 10:]
            & (
                <> ~Drawdown&~Drawup&~Since{Min}&~Since{Max}
                | Since{Max & index[5]}
                | Drawup[20:10]
                | Since{Min & index[20]}
              )
            & Since[21:, 125:, 250:]
          )
        | (
            <> Volatility[ 60:]
            | Volatility[10:]
            & (
                | Since{Max & index[20]}
                | Since{Min & index[20]}
              )
            & Since[21:, 125:, 250:]
          )
      )
    |
        Time{long| short}
len(samps) = 14
[[2009.0, 2009.25], [2009.5, 2009.75], [2010.0, 2010.25], [2010.5, 2010.75], [2011.0, 2011.25], [2011.5, 2011.75], [2012.0, 2012.25], [2012.5, 2012.75], [2013.0, 2013.25], [2013.5, 2013.75], [2014.0, 2014.25], [2014.5, 2014.75], [2015.0, 2015.25], []]
>>>  k = 0 ---------------------------------------------------------------------------------------------------
{'learning_rate': 0.05, 'max_depth': -1, 'num_leaves': 4096}
{'min_data_in_leaf': 120, 'min_sum_hessian_in_leaf': 100, 'lambda_l1': 0, 'lambda_l2': 0}
<<<RESULTS>>>: walk 5 <s10>
nbest = 72
train = (1.7554343378632296, 1.6213417432625021, 1.6340543185937941, 1.5911502234908685, 1.6131292794165348, 1.6175696910529398, 1.5629467620990884, 1.6138463412800912, 1.5686516484686166, 1.6045072206121398, 1.6200834538905733, 1.6356386962731937, 1.5990299102791856, 1.6130652997280188)
scores = (0.69601454798817286, 0.60568700666051334, 0.65618665303741253, 0.70701275134795527, 0.57337383581777224, 0.52219617545939156, 1.0252251936821173, 0.65526216992460051, 0.64318058635456032, 0.69760617268721992, 0.55780892534946813, 0.62589776088703342, 0.51227118334735933, 1.6130652997280188)
score = 0.6266386373196765
holdout = ((0.61971911781967426, 0.39144512580154678, 0.49723616801516096), (0.66828598593379107, 0.56275075419591558, 0.50851230892862287), (0.65063000953715733, 0.59160732540337546, 0.49789879945079885), (0.64853586176721001, 0.62358385280659256, 0.40686283311355342), (0.68250512365988669, 0.58891529459745406, 0.46500859528702809), (0.59877268003295392, 0.61320294163231259, 0.49373834619377216), (0.72096120836932931, 0.65595349087198929, 0.49517598836008742), (0.66777360698579635, 0.54029891328579338, 0.52550063393978286), (0.62549112505620263, 0.5721620564032337, 0.50496794541516321), (0.64422154283049238, 0.58342248509737504, 0.49048447253425104), (0.68814012580738937, 0.56120771320561247, 0.46705213088133213), (0.60372824869529407, 0.62131615023853592, 0.49907614633340441), (0.6038239910763995, 0.5676154642547947, 0.51575772656993057), (0.63496133889094697, 0.53956736481437162, 0.48402656208555978))
>>> t = 6 ===================================================================================================
setup_training %%%%%%%%%%%%%%%%%%%%%%%%%%%%%%%%%%%%%%%%%%%%
len(feats) = 191
<Global>
    <>~Market & (
        <>Return{.&pure&~digit&~TEN} & ~Since & Return{.&
            <>(oo|cc|aoo|acc|doo|dcc|doc|daoc)
            & index[0,1,2]
          }
        | Return{.&pure&~index} & ~Since & Return{.&
            <>(oo|aoo|doo)
            & [3:,6:,9:,12:,15:,18:,6:3,9:6,12:9,15:12,18:15,21:18,9:3,12:6,            15:9,18:12,21:15,12:3,15:6,18:9,21:12,15:3,18:6,21:9,18:3,21:6,21:3]
          }
        | (
            <>Return{(oo{.&[1:]}|aoo[1:]|doo[1:])}
            & (
                <> ~Drawdown&~Drawup&~Since{Min}&~Since{Max}
                | Drawdown[1:,10:,20:,]
                | Since{Max&index[0,20]}
                | Since{Min&index[0,20]}
              )
            & Since[21:,62:,250:]
          )
        | (
            <> Volatility[20:,60:]
          )
      )
    | Market{.&
        <>(Weight)
        & (VP|Volatility)
        & [20:,60:]
      }
    |
        <>Return{pure&~dd} & VP[20:,60:]
        | FracRec[250:]
    
len(samps) = 14
[[2009.0, 2009.25], [2009.5, 2009.75], [2010.0, 2010.25], [2010.5, 2010.75], [2011.0, 2011.25], [2011.5, 2011.75], [2012.0, 2012.25], [2012.5, 2012.75], [2013.0, 2013.25], [2013.5, 2013.75], [2014.0, 2014.25], [2014.5, 2014.75], [2015.0, 2015.25], []]
>>>  k = 0 ---------------------------------------------------------------------------------------------------
{'learning_rate': 0.05, 'max_depth': -1, 'num_leaves': 4096}
{'min_data_in_leaf': 120, 'min_sum_hessian_in_leaf': 100, 'lambda_l1': 0, 'lambda_l2': 0}
<<<RESULTS>>>: walk 6 <Global>
nbest = 78
train = (1.8067069352176757, 1.6750967608078575, 1.6991817280839681, 1.6268212915481368, 1.6483967276433658, 1.6063721772457384, 1.6258561718371562, 1.6680416272000376, 1.6320661820486575, 1.6931069427787622, 1.6607688460456274, 1.6817049408999942, 1.6370615453899755, 1.6564087324179837)
scores = (0.47221150403990603, 0.69482062192359195, 0.5776704296440559, 0.51554837983301294, 0.71994171830838838, 0.54037832847680534, 0.98311328508195628, 0.61348326517544061, 0.52347451350378094, 0.43139946882865859, 0.47245974400262242, 0.63671439497699844, 0.38060043069995503, 1.6564087324179837)
score = 0.5583166637985798
holdout = ((0.61366488024749088, 0.80723052984884414, 0.34518889805501296), (0.6200654224271871, 0.71123442332349729, 0.32421186359250848), (0.61616331737109875, 0.72292454106826076, 0.34766411828337973), (0.63236493141330696, 0.74072717349771411, 0.33012148323788443), (0.58977218529465092, 0.74011517395183457, 0.34274438915436628), (0.60944943850795064, 0.78043555158633338, 0.34322632719686347), (0.60391628164294575, 0.68215800252501102, 0.37273365222539329), (0.59656625705781718, 0.76464509993161089, 0.35891589662828199), (0.63582950982893727, 0.70968046462022272, 0.40036263410340212), (0.61947024709219756, 0.75368179220317089, 0.27092989367356279), (0.64253685430971597, 0.7158519920046259, 0.31549065619228417), (0.58189302297997592, 0.7306497857747577, 0.3704971715014988), (0.54678143152245795, 0.7219522047280218, 0.41972801340330707), (0.58158285269480114, 0.74765861443085513, 0.35133492607391414))
>>> t = 7 ===================================================================================================
setup_training %%%%%%%%%%%%%%%%%%%%%%%%%%%%%%%%%%%%%%%%%%%%
len(feats) = 89
<s21>    <>~Market & (
        <>Return{.&pure&~digit&~TEN} & ~Since & Return{.&
            <>(vp1dd)
            & index[0,2, 0:1]
          }
        | Return{.&pure&~index} & ~Since & Return{.&
            <>(doo|vp5dd|Volatility)
            & [5:,15:,10:5,15:10,20:15,15:5,20:5]
          }
        | (
            <>Return{(oo{.&[1:]}|aoo[1:]|oo{.&[10:]})}
            & (
                <> ~Drawdown&~Drawup&~Since{Min}&~Since{Max}
                | Drawdown[1:,10:,20:]
                | Since{Max&index[0,10]}
                | Since{Min&index[0,20]}
              )
            & Since[21:, 125:, 250:]
          )
      )
    | Market{.&
        <>(~Weight)
        & (Return| Volatility)
        & [20:,60:]
      }
    |
        | FracRec[21:,125:,250:]
    |
len(samps) = 14
[[2009.0, 2009.25], [2009.5, 2009.75], [2010.0, 2010.25], [2010.5, 2010.75], [2011.0, 2011.25], [2011.5, 2011.75], [2012.0, 2012.25], [2012.5, 2012.75], [2013.0, 2013.25], [2013.5, 2013.75], [2014.0, 2014.25], [2014.5, 2014.75], [2015.0, 2015.25], []]
>>>  k = 0 ---------------------------------------------------------------------------------------------------
{'learning_rate': 0.05, 'max_depth': -1, 'num_leaves': 4096}
{'min_data_in_leaf': 120, 'min_sum_hessian_in_leaf': 100, 'lambda_l1': 0, 'lambda_l2': 0}
<<<RESULTS>>>: walk 7 <s21>
nbest = 54
train = (1.5299595141446038, 1.4479788670798801, 1.4779263347248561, 1.432325140770137, 1.4342607688256312, 1.431062207691302, 1.3949484082225694, 1.4517766721889624, 1.41777421527878, 1.450293680948495, 1.4334147999120426, 1.4636945529162029, 1.3959442322066227, 1.4378766501403859)
scores = (0.43962881194840409, 0.78998163559734469, 0.57869013904029398, 0.50762580028732196, 0.72708580343786033, 0.50861145664665908, 1.047430027865053, 0.65361566235575996, 0.41437085400000534, 0.70204414018262251, 0.52190851897537494, 0.67732706756750627, 0.39209290260255886, 1.4378766501403859)
score = 0.5758394766079602
holdout = ((0.49637548587552832, 0.65434287990836926, 0.36850509813365268), (0.5477621843553373, 0.62813118868153894, 0.3637056190901467), (0.56444220761280817, 0.58316729772212905, 0.36777430642339304), (0.59581243225771019, 0.66226990524678042, 0.35630399002903101), (0.53627027649415959, 0.57043980847977194, 0.35585001674092226), (0.60057558779459952, 0.59178485549174109, 0.3760351066457982), (0.57202612089854765, 0.54118063154930296, 0.39899392211614693), (0.51978643642892919, 0.56427762734991738, 0.36748386119152721), (0.5584068394885171, 0.62379488772756775, 0.40580415681547555), (0.54687850746961586, 0.64092992260965831, 0.35787720888341734), (0.51349843331025569, 0.59236147449664489, 0.34987346795514934), (0.5050501918689293, 0.59926241537549219, 0.36716805055691804), (0.52265534556779403, 0.59986106195954114, 0.37683455481395084), (0.5352481679634864, 0.57484663376394884, 0.39175116030319246))