>>> t = 0 ===================================================================================================
(pair) putting together... (pair) done
setup_training %%%%%%%%%%%%%%%%%%%%%%%%%%%%%%%%%%%%%%%%%%%%
len(feats) = 320

    <>~Market & (
        <>Return{.&pure&~digit&~TEN} & ~Since & Return{.&
            <>(oo|doo|doc)
            & index[0,1,2, 0:1,1:2,0:2]
          }
        | Return{.&pure&~index} & ~Since & Return{.&
            <>(oo|doo|vp5dd|Volatility)
            & [5:,15:,10:5,20:10,20:5]
          }
        | (
            <>Return{(oo{.&[1:]}|aoo[1:])}
            & (
                | Drawdown[1:]
                | Since{Max&index[0]}
                | Drawup[1:,10:]
                | Since{Min&index[0,10]}
              )
            & Since[21:, 62:, 125:, 250:]
          )
        | (
            <> Volatility[20:]
            | Volatility[ 20:]
            & (
                <>Drawdown[20:10]
                | Since{Max & index[10]}
                | Since{Min & index[5,10]}
              )
            & Since[21:, 62:, 125:, 250:]
          )
      )
#<>#
    <>~Market & (
        | Return{.&pure&~index} & ~Since & Return{.&
            <>(oo|aoo|vp5dd)
            & [5:,20:10,20:5]
          }
      )
#<>#
0
#<>#
    <>0
    | Corr & Corr{
        <>[10,21,250]
        & ay[1]
      }
    | Corr{Uni}
    
len(samps) = 12
[[2010.0, 2010.25], [2010.5, 2010.75], [2011.0, 2011.25], [2011.5, 2011.75], [2012.0, 2012.25], [2012.5, 2012.75], [2013.0, 2013.25], [2013.5, 2013.75], [2014.0, 2014.25], [2014.5, 2014.75], [2015.0, 2015.25], []]
>>>  k = 0 ---------------------------------------------------------------------------------------------------
{'learning_rate': 0.05, 'max_depth': -1, 'num_leaves': 4096, 'num_iterations': 500}
{'min_data_in_leaf': 120, 'min_sum_hessian_in_leaf': 10, 'lambda_l1': 0, 'lambda_l2': 0}
>>> training...
nbest = 261
train = (2.0243347900845095, 2.009051025268263, 2.0275425193444852, 1.9905864281529724, 2.0680985785654227, 2.0064970520721443, 2.0100248357125987, 2.0299493560924753, 2.0381072927191943, 2.0145427878748685, 1.980099327687431, 2.0394488742038548)
scores = (0.68783607414505088, 0.74672894558044556, 0.72976709808554163, 0.55028354621596898, 0.31979911817791717, 0.63265881315377026, 0.71947287609001653, 0.70173484236646466, 0.45025810825709606, 0.53757377332521261, 0.41482315392166236, 2.0394488742038548)
score = 0.5669546608643721
holdout = ((0.42446215745859134, 0.27765210093240517, 0.19155486628577512), (0.36718537645253441, 0.22744093735875723, 0.21129756904614833), (0.38100109120828307, 0.28035586023128023, 0.26631651471165685), (0.32114995844106603, 0.35521090327545207, 0.2297536796409054), (0.3675431780881811, 0.30771925415360074, 0.192702936328948), (0.3440695161903814, 0.26515822807242523, 0.1209051366069227), (0.36290940866147064, 0.26237912008595549, 0.16462449487266195), (0.30485251468512431, 0.25777794719652419, 0.15374709002662784), (0.33804517528140354, 0.32027157113933408, 0.24692661703551511), (0.23572199028186147, 0.40694730034224857, 0.16055231273985138), (0.21324024060690333, 0.34112574105377813, 0.23739699244686743), (0.38837672905767645, 0.31617531087632039, 0.21520490352416094))
>>> t = 1 ===================================================================================================
(pair) putting together... (pair) done
setup_training %%%%%%%%%%%%%%%%%%%%%%%%%%%%%%%%%%%%%%%%%%%%
len(feats) = 316

    <>~Market & (
        <>Return{.&pure&~digit&~TEN} & ~Since & Return{.&
            <>(oo|doo|doc)
            & index[0,1,2, 0:1,1:2,0:2]
          }
        | Return{.&pure&~index} & ~Since & Return{.&
            <>(oo|doo|vp5dd|Volatility)
            & [5:,15:,10:5,20:10,20:5]
          }
        | (
            <>Return{(oo{.&[1:]}|aoo[1:])}
            & (
                | Drawdown[1:]
                | Since{Max&index[0]}
                | Drawup[1:,10:]
                | Since{Min&index[0,10]}
              )
            & Since[21:, 62:, 125:, 250:]
          )
        | (
            <> Volatility[20:]
            | Volatility[ 20:]
            & (
                <>Drawdown[20:10]
                | Since{Max & index[10]}
                | Since{Min & index[5,10]}
              )
            & Since[21:, 62:, 125:, 250:]
          )
      )
#<>#
    <>~Market & (
        | Return{.&pure&~index} & ~Since & Return{.&
            <>(oo|aoo|vp5dd)
            & [5:,20:10,20:5]
          }
      )
#<>#
0
#<>#0
len(samps) = 12
[[2010.0, 2010.25], [2010.5, 2010.75], [2011.0, 2011.25], [2011.5, 2011.75], [2012.0, 2012.25], [2012.5, 2012.75], [2013.0, 2013.25], [2013.5, 2013.75], [2014.0, 2014.25], [2014.5, 2014.75], [2015.0, 2015.25], []]
>>>  k = 0 ---------------------------------------------------------------------------------------------------
{'learning_rate': 0.05, 'max_depth': -1, 'num_leaves': 4096, 'num_iterations': 500}
{'min_data_in_leaf': 120, 'min_sum_hessian_in_leaf': 10, 'lambda_l1': 0, 'lambda_l2': 0}
>>> training...
nbest = 473
train = (2.2329350394474932, 2.2172228788147397, 2.2341651494215391, 2.1950079264722286, 2.286981359292529, 2.2067959089269205, 2.2184811933797741, 2.2314871176795514, 2.2405054190997009, 2.2319419533184726, 2.1800618382994497, 2.2417082833340336)
scores = (0.7407380008670027, 0.67451014854227187, 0.70460371126122112, 0.52725684059006961, 0.39572125479024689, 0.63284526528979002, 0.67250454624921441, 0.63481367911167152, 0.43132941066515074, 0.48742870216466883, 0.38544245766321267, 2.2417082833340336)
score = 0.5501171025546099
holdout = ((0.40281651065032709, 0.25795536628529209, 0.22512215656909701), (0.35889456838876582, 0.26388538599641498, 0.19643075618649772), (0.332529310581966, 0.23095160452780775, 0.25831525298536645), (0.36756180296543484, 0.3396978014612797, 0.21907109008972209), (0.34961046575101634, 0.2755522333767344, 0.19855729459909163), (0.35003523916649965, 0.21159090945665962, 0.080600758972464617), (0.34478023185539358, 0.20192375314589536, 0.20420850911752916), (0.24900096429874988, 0.23004502964195392, 0.20299632528594036), (0.26007656382438538, 0.37241920948708729, 0.22362780338508675), (0.21725238778631387, 0.30567366300455112, 0.18799713330589427), (0.23537781034649538, 0.38583961013849788, 0.27919961870405291), (0.29275182598469668, 0.29927754311245708, 0.23099403002943805))
>>> t = 2 ===================================================================================================
(pair) putting together... (pair) done
setup_training %%%%%%%%%%%%%%%%%%%%%%%%%%%%%%%%%%%%%%%%%%%%
len(feats) = 215

    <>~Market & (
        <>Return{.&pure&~digit&~TEN} & ~Since & Return{.&
            <>(oo|cc|aoo|acc|daoc)
            & index[0]
          }
        | Return{.&pure&~index} & ~Since & Return{.&
            <>(oo|aoo)
            & [5:,10:,15:,10:5,15:10,20:15,15:5,20:10,20:5]
          }
        | (
            <>Return{(oo{.&[1:]}|aoo[1:])}
            & (
                <> ~Drawdown&~Drawup&~Since{Min}&~Since{Max}
                | Drawdown[1:, 5:,10:]
                | Since{Max&index[0]}
                | Since{Min&index[0,10]}
              )
            & Since[21:,62:,125:,250:]
          )
      )
    |
        <>AssetEnc{InUni}
        | AssetEnc{Code}
    |
        <>FaceValue{Volume}
        | Return{mix[1,2,3,4,5,6,7,8,9,11,12,13,14,15,16,17,18,19]}
        | Return{rr|af|it}
#<># 0 #<># 0 #<>#
    <>0
    | Corr & Corr{
        <>[21,62,125,250]
        & ay[1,10]
      }
    | Corr{Uni}
    
len(samps) = 12
[[2010.0, 2010.25], [2010.5, 2010.75], [2011.0, 2011.25], [2011.5, 2011.75], [2012.0, 2012.25], [2012.5, 2012.75], [2013.0, 2013.25], [2013.5, 2013.75], [2014.0, 2014.25], [2014.5, 2014.75], [2015.0, 2015.25], []]
>>>  k = 0 ---------------------------------------------------------------------------------------------------
{'learning_rate': 0.05, 'max_depth': -1, 'num_leaves': 4096, 'num_iterations': 500}
{'min_data_in_leaf': 120, 'min_sum_hessian_in_leaf': 10, 'lambda_l1': 0, 'lambda_l2': 0}
>>> training...
nbest = 296
train = (2.0423169846649056, 2.0297229437112199, 2.0448550330530657, 2.0166025749422074, 2.1075484097891026, 2.0228913442636722, 2.0346220223179041, 2.0496610805022066, 2.056217217760886, 2.0442516516747387, 2.0015452228652029, 2.064588781432906)
scores = (0.74348498487923753, 0.7796821376749693, 0.74978788159839083, 0.5993016179104439, 0.21174637799815699, 0.66721198840197649, 0.59698366889197829, 0.77623922724553329, 0.41640372865572478, 0.42559567688932404, 0.53789619749021489, 2.064588781432906)
score = 0.5699867450631143
holdout = ((0.25371205521063989, 0.55464373220538099, 0.16990834545865124), (0.21807377697631264, 0.55167800798016287, 0.16501351370028078), (0.29396885095810599, 0.52926821303736737, 0.16140629081524274), (0.26367193805948652, 0.53818986203875019, 0.22707214523112365), (0.33459500129653624, 0.48561530754074766, 0.16573389474932015), (0.21491459978386698, 0.49791504072959814, 0.20475382463893307), (0.28315219734750713, 0.56900601615539981, 0.20722826112315593), (0.26020175244769905, 0.53252971954264428, 0.2300154494297362), (0.22965567501069231, 0.58048926483666163, 0.27699758091459725), (0.22676521134578892, 0.63141112710131975, 0.1983494562537757), (0.1350192439023466, 0.60698984829494662, 0.25072899874934279), (0.26976335210605401, 0.55776536590853121, 0.20513883132793559))
>>> t = 3 ===================================================================================================
(pair) putting together... (pair) done
setup_training %%%%%%%%%%%%%%%%%%%%%%%%%%%%%%%%%%%%%%%%%%%%
len(feats) = 208

    <>~Market & (
        <>Return{.&pure&~digit&~TEN} & ~Since & Return{.&
            <>(oo|cc|aoo|acc|daoc)
            & index[0]
          }
        | Return{.&pure&~index} & ~Since & Return{.&
            <>(oo|aoo)
            & [5:,10:,15:,10:5,15:10,20:15,15:5,20:10,20:5]
          }
        | (
            <>Return{(oo{.&[1:]}|aoo[1:])}
            & (
                <> ~Drawdown&~Drawup&~Since{Min}&~Since{Max}
                | Drawdown[1:, 5:,10:]
                | Since{Max&index[0]}
                | Since{Min&index[0,10]}
              )
            & Since[21:,62:,125:,250:]
          )
      )
    |
        <>AssetEnc{InUni}
        | AssetEnc{Code}
    |
        <>FaceValue{Volume}
        | Return{mix[1,2,3,4,5,6,7,8,9,11,12,13,14,15,16,17,18,19]}
        | Return{rr|af|it}
#<># 0 #<># 0 #<>#0
len(samps) = 12
[[2010.0, 2010.25], [2010.5, 2010.75], [2011.0, 2011.25], [2011.5, 2011.75], [2012.0, 2012.25], [2012.5, 2012.75], [2013.0, 2013.25], [2013.5, 2013.75], [2014.0, 2014.25], [2014.5, 2014.75], [2015.0, 2015.25], []]
>>>  k = 0 ---------------------------------------------------------------------------------------------------
{'learning_rate': 0.05, 'max_depth': -1, 'num_leaves': 4096, 'num_iterations': 500}
{'min_data_in_leaf': 120, 'min_sum_hessian_in_leaf': 10, 'lambda_l1': 0, 'lambda_l2': 0}
>>> training...
nbest = 442
train = (2.1502539295197471, 2.1343749731382453, 2.1531442123635838, 2.1195732390052631, 2.2094737213386226, 2.1273486171846852, 2.1379973106318153, 2.1618904980393325, 2.1596023220490475, 2.1621123568502316, 2.10726618060496, 2.164047692320417)
scores = (0.7850578968019245, 0.76392020183384479, 0.69752171905750615, 0.57862424332490436, 0.2298411932418617, 0.68715455089911315, 0.52535420758656959, 0.76927495969583159, 0.40436243237731395, 0.3998317005723977, 0.52087805099530771, 2.164047692320417)
score = 0.5586829631153724
holdout = ((0.2088963028911901, 0.52974949568925978, 0.21828441605941806), (0.17894928312860428, 0.57507849664962751, 0.20125723708100027), (0.22009429658184534, 0.55130162403750027, 0.1842198476236622), (0.15823709202617126, 0.49439942643269219, 0.29051605408957809), (0.23816696216507299, 0.47855666566532418, 0.17919455579378485), (0.23895537768399325, 0.55866604121402019, 0.21260230342748881), (0.13853453581686931, 0.56315832064143334, 0.26218413479906932), (0.15216975681173292, 0.51668066509285704, 0.2339617588242219), (0.19484156853546294, 0.56824260715086883, 0.30791162311174269), (0.16728452875321764, 0.64269163001495255, 0.25399855544807026), (0.082063196100891203, 0.54622138354986471, 0.24090719018494117), (0.21261903693297576, 0.59355511560346041, 0.20146547832454151))
>>> t = 4 ===================================================================================================
(pair) putting together... (pair) done
setup_training %%%%%%%%%%%%%%%%%%%%%%%%%%%%%%%%%%%%%%%%%%%%
len(feats) = 319

    <>~Market & (
        <>Return{.&pure&~digit&~TEN} & ~Since & Return{.&
            <>(oo|cc|aoo|acc|daoc)
            & index[0]
          }
        | Return{.&pure&~index} & ~Since & Return{.&
            <>(oo|aoo)
            & [5:,10:,15:,10:5,15:10,20:15,15:5,20:10,20:5]
          }
        | (
            <>Return{(oo{.&[1:]}|aoo[1:])}
            & (
                <> ~Drawdown&~Drawup&~Since{Min}&~Since{Max}
                | Drawdown[1:, 5:,10:]
                | Since{Max&index[0]}
                | Since{Min&index[0,10]}
              )
            & Since[21:,62:,125:,250:]
          )
      )
    |
        <>AssetEnc{InUni}
        | AssetEnc{Code}
    |
        <>FaceValue{Volume}
        | Return{mix[1,2,3,4,5,6,7,8,9,11,12,13,14,15,16,17,18,19]}
        | Return{rr|af|it}
#<>#
    <>~Market & (
        <>Return{.&pure&~digit&~TEN} & ~Since & Return{.&
            <>(oo|cc|aoo|acc|daoc)
            & index[0]
          }
        | Return{.&pure&~index} & ~Since & Return{.&
            <>(oo|aoo)
            & [5:,10:,15:,10:5,15:10,20:15,15:5,20:10,20:5]
          }
        | (
            <>Return{(oo{.&[1:]}|aoo[1:])}
            & (
                <> ~Drawdown&~Drawup&~Since{Min}&~Since{Max}
                | Drawdown[1:, 5:,10:]
                | Since{Max&index[0]}
                | Since{Min&index[0,10]}
              )
            & Since[21:,62:,125:,250:]
          )
      )
    |
        <>AssetEnc{InUni}
        | AssetEnc{Code}
    |
        <>FaceValue{Volume}
        | Return{mix[1,2,3,4,5,6,7,8,9,11,12,13,14,15,16,17,18,19]}
        | Return{rr|af|it}
#<># 0 #<>#
    <>0
    | Corr & Corr{
        <>[21,62,125,250]
        & ay[1,10]
      }
    | Corr{Uni}
    
len(samps) = 12
[[2010.0, 2010.25], [2010.5, 2010.75], [2011.0, 2011.25], [2011.5, 2011.75], [2012.0, 2012.25], [2012.5, 2012.75], [2013.0, 2013.25], [2013.5, 2013.75], [2014.0, 2014.25], [2014.5, 2014.75], [2015.0, 2015.25], []]
>>>  k = 0 ---------------------------------------------------------------------------------------------------
{'learning_rate': 0.05, 'max_depth': -1, 'num_leaves': 4096, 'num_iterations': 500}
{'min_data_in_leaf': 120, 'min_sum_hessian_in_leaf': 10, 'lambda_l1': 0, 'lambda_l2': 0}
>>> training...
nbest = 355
train = (2.0967396234930145, 2.0898897188206829, 2.1030953299524171, 2.0742395363901394, 2.1559762518257988, 2.0829143855158474, 2.0887404463449024, 2.1006730155193076, 2.109824577248653, 2.1093810297379578, 2.0643709352288266, 2.1241356931903379)
scores = (0.70454355013218684, 0.76909490161690408, 0.68988066652987701, 0.59182575686311323, 0.16806628253439293, 0.62431179791122571, 0.64169093148896572, 0.69882900553077199, 0.40249458932799576, 0.47306901116681438, 0.53698948977945582, 2.1241356931903379)
score = 0.5566033439941354
holdout = ((0.24651096105854006, 0.60868674913843446, 0.14240987958207138), (0.21426452741743707, 0.62133037663988677, 0.12586718796056717), (0.25243010780895642, 0.58128308334129652, 0.1590459001955869), (0.22614907520948949, 0.54665502933615051, 0.1789532191737073), (0.32902269525039485, 0.44069729178809408, 0.12175720572495555), (0.27038564798463871, 0.57238183938733977, 0.088020610419859743), (0.29385669297787859, 0.59054134931346736, 0.10996896629870019), (0.167949788929532, 0.53824359244409459, 0.15930437294129474), (0.2533409590643193, 0.58261716054337109, 0.2156726312647807), (0.23095081948927992, 0.68464529090231085, 0.17379190013226789), (0.087922648369681222, 0.65792836019203005, 0.13993534650584516), (0.23376355778835106, 0.609530528038014, 0.158799353088908))
>>> t = 5 ===================================================================================================
(pair) putting together... (pair) done
setup_training %%%%%%%%%%%%%%%%%%%%%%%%%%%%%%%%%%%%%%%%%%%%
len(feats) = 312

    <>~Market & (
        <>Return{.&pure&~digit&~TEN} & ~Since & Return{.&
            <>(oo|cc|aoo|acc|daoc)
            & index[0]
          }
        | Return{.&pure&~index} & ~Since & Return{.&
            <>(oo|aoo)
            & [5:,10:,15:,10:5,15:10,20:15,15:5,20:10,20:5]
          }
        | (
            <>Return{(oo{.&[1:]}|aoo[1:])}
            & (
                <> ~Drawdown&~Drawup&~Since{Min}&~Since{Max}
                | Drawdown[1:, 5:,10:]
                | Since{Max&index[0]}
                | Since{Min&index[0,10]}
              )
            & Since[21:,62:,125:,250:]
          )
      )
    |
        <>AssetEnc{InUni}
        | AssetEnc{Code}
    |
        <>FaceValue{Volume}
        | Return{mix[1,2,3,4,5,6,7,8,9,11,12,13,14,15,16,17,18,19]}
        | Return{rr|af|it}
#<>#
    <>~Market & (
        <>Return{.&pure&~digit&~TEN} & ~Since & Return{.&
            <>(oo|cc|aoo|acc|daoc)
            & index[0]
          }
        | Return{.&pure&~index} & ~Since & Return{.&
            <>(oo|aoo)
            & [5:,10:,15:,10:5,15:10,20:15,15:5,20:10,20:5]
          }
        | (
            <>Return{(oo{.&[1:]}|aoo[1:])}
            & (
                <> ~Drawdown&~Drawup&~Since{Min}&~Since{Max}
                | Drawdown[1:, 5:,10:]
                | Since{Max&index[0]}
                | Since{Min&index[0,10]}
              )
            & Since[21:,62:,125:,250:]
          )
      )
    |
        <>AssetEnc{InUni}
        | AssetEnc{Code}
    |
        <>FaceValue{Volume}
        | Return{mix[1,2,3,4,5,6,7,8,9,11,12,13,14,15,16,17,18,19]}
        | Return{rr|af|it}
#<># 0 #<>#0
len(samps) = 12
[[2010.0, 2010.25], [2010.5, 2010.75], [2011.0, 2011.25], [2011.5, 2011.75], [2012.0, 2012.25], [2012.5, 2012.75], [2013.0, 2013.25], [2013.5, 2013.75], [2014.0, 2014.25], [2014.5, 2014.75], [2015.0, 2015.25], []]
>>>  k = 0 ---------------------------------------------------------------------------------------------------
{'learning_rate': 0.05, 'max_depth': -1, 'num_leaves': 4096, 'num_iterations': 500}
{'min_data_in_leaf': 120, 'min_sum_hessian_in_leaf': 10, 'lambda_l1': 0, 'lambda_l2': 0}
>>> training...
nbest = 408
train = (2.1270142515854165, 2.1207762674584489, 2.1360593008425037, 2.092746086434182, 2.1904900383983779, 2.109659317109136, 2.1226131222156539, 2.1282245729632017, 2.1381365855010523, 2.1375603843834314, 2.0908018279774381, 2.1516755895130282)
scores = (0.70002482693139056, 0.75763911002765016, 0.65682944088246398, 0.50539745460090468, 0.21264413669826673, 0.69800296116127625, 0.61659372603789964, 0.75776054409719407, 0.43353906442640067, 0.45178496619912212, 0.48724309448033126, 2.1516755895130282)
score = 0.5553241381213424
holdout = ((0.16241199812257351, 0.57057209254120145, 0.22086474189077684), (0.16005075643893144, 0.49890678647729758, 0.10797206868538958), (0.15591704075239612, 0.55094174405399143, 0.1829263746213971), (0.1511944479381882, 0.58645940890104564, 0.19088131812528769), (0.26788601329946116, 0.44818066305822468, 0.14012604318261768), (0.22466510557192132, 0.53492592875222356, 0.1741505053549611), (0.18010459778023363, 0.5583385557270607, 0.17222650869561296), (0.1224868170923627, 0.56565848546136521, 0.1564062042090987), (0.13189042536059156, 0.61411220472722061, 0.20560665456199584), (0.19333600734970649, 0.71360007284615334, 0.21250656738739862), (0.069961737384258149, 0.60491758534411788, 0.18659248293998845), (0.23447137880696747, 0.55095257642663475, 0.12284474305399191))
>>> t = 6 ===================================================================================================
(pair) putting together... (pair) done
setup_training %%%%%%%%%%%%%%%%%%%%%%%%%%%%%%%%%%%%%%%%%%%%
len(feats) = 256

    <>~Market & (
        <>Return{.&pure&~digit&~TEN} & ~Since & Return{.&
            <>(oo|aoo|doo|doc|daoc|vp1dd)
            & index[0,1,2]
          }
        | Return{.&pure&~index} & ~Since & Return{.&
            <>(oo|aoo|doo|vp1dd)
            & [5:,10:,15:,10:5,15:10,20:15,15:5,20:10,20:5]
          }
        | (
            <>Return{(oo{.&[1:]}|aoo[1:])}
            & (
                | Drawdown[1:,10:,20:10]
                | Since{Max&index[0]}
                | Drawup[1:,10:,20:10]
                | Since{Min&index[0,10]}
              )
            & Since[21:, 125:, 250:]
          )
        | (
            <> Volatility[60:]
            | Volatility[ 20:]
            & (
                <>Drawdown[20:]
                | Since{Max & index[10]}
                | Since{Min & index[10]}
              )
            & Since[21:, 125:, 250:]
          )
      )
#<>#
    <>~Market & (
        | Return{.&pure&~index} & ~Since & Return{.&
            <>(oo|aoo|vp1dd)
            & [5:,10:,15:,10:5,15:10,20:15,15:5,20:10,20:5]
          }
      )
#<>#
0
#<>#
    <>0
    | Corr & Corr{
        <>[21,250]
        & ay[1]
      }
    | Corr{Uni}
    
len(samps) = 12
[[2010.0, 2010.25], [2010.5, 2010.75], [2011.0, 2011.25], [2011.5, 2011.75], [2012.0, 2012.25], [2012.5, 2012.75], [2013.0, 2013.25], [2013.5, 2013.75], [2014.0, 2014.25], [2014.5, 2014.75], [2015.0, 2015.25], []]
>>>  k = 0 ---------------------------------------------------------------------------------------------------
{'learning_rate': 0.05, 'max_depth': -1, 'num_leaves': 4096, 'num_iterations': 500}
{'min_data_in_leaf': 120, 'min_sum_hessian_in_leaf': 10, 'lambda_l1': 0, 'lambda_l2': 0}
>>> training...
nbest = 394
train = (2.1644298280781546, 2.1477830665988273, 2.1619120412582609, 2.1215312013381005, 2.2232964294662914, 2.14004945624596, 2.1582918301656639, 2.1610332277199507, 2.1754025422844543, 2.1689363534166057, 2.1202729012455661, 2.1767402690031101)
scores = (0.68934377927707147, 0.77990538593459902, 0.59070335019242504, 0.40006024523362621, 0.51289369444290367, 0.69416575043071349, 0.75527101348065673, 0.73151336605473694, 0.41681818321514746, 0.57455218958874821, 0.29667692532023321, 2.1767402690031101)
score = 0.5689495505580543
holdout = ((0.47236073329933503, 0.29070086429643355, 0.29827826012260472), (0.47164701520707525, 0.29206334545801882, 0.18890044916407817), (0.43614943265407724, 0.32314290252939076, 0.19336179289084951), (0.48532561523130674, 0.36688527349646383, 0.15792821896099821), (0.4019731577379238, 0.23134367801673161, 0.18107327628004813), (0.37614305619594973, 0.2886786780933599, 0.13103522017845989), (0.4453020169046259, 0.28987242873567287, 0.18189759081376794), (0.3683452880905958, 0.26227078440856727, 0.19098729665059738), (0.3979201941236708, 0.36461360410291799, 0.23345234618467231), (0.33161095073962976, 0.40626609201226205, 0.11812159587829209), (0.30092517515560163, 0.36075818665951481, 0.25036175124358856), (0.46038035064015359, 0.26230071157492163, 0.16809975060953364))
>>> t = 7 ===================================================================================================
(pair) putting together... (pair) done
setup_training %%%%%%%%%%%%%%%%%%%%%%%%%%%%%%%%%%%%%%%%%%%%
len(feats) = 253

    <>~Market & (
        <>Return{.&pure&~digit&~TEN} & ~Since & Return{.&
            <>(oo|aoo|doo|doc|daoc|vp1dd)
            & index[0,1,2]
          }
        | Return{.&pure&~index} & ~Since & Return{.&
            <>(oo|aoo|doo|vp1dd)
            & [5:,10:,15:,10:5,15:10,20:15,15:5,20:10,20:5]
          }
        | (
            <>Return{(oo{.&[1:]}|aoo[1:])}
            & (
                | Drawdown[1:,10:,20:10]
                | Since{Max&index[0]}
                | Drawup[1:,10:,20:10]
                | Since{Min&index[0,10]}
              )
            & Since[21:, 125:, 250:]
          )
        | (
            <> Volatility[60:]
            | Volatility[ 20:]
            & (
                <>Drawdown[20:]
                | Since{Max & index[10]}
                | Since{Min & index[10]}
              )
            & Since[21:, 125:, 250:]
          )
      )
#<>#
    <>~Market & (
        | Return{.&pure&~index} & ~Since & Return{.&
            <>(oo|aoo|vp1dd)
            & [5:,10:,15:,10:5,15:10,20:15,15:5,20:10,20:5]
          }
      )
#<>#
0
#<>#0
len(samps) = 12
[[2010.0, 2010.25], [2010.5, 2010.75], [2011.0, 2011.25], [2011.5, 2011.75], [2012.0, 2012.25], [2012.5, 2012.75], [2013.0, 2013.25], [2013.5, 2013.75], [2014.0, 2014.25], [2014.5, 2014.75], [2015.0, 2015.25], []]
>>>  k = 0 ---------------------------------------------------------------------------------------------------
{'learning_rate': 0.05, 'max_depth': -1, 'num_leaves': 4096, 'num_iterations': 500}
{'min_data_in_leaf': 120, 'min_sum_hessian_in_leaf': 10, 'lambda_l1': 0, 'lambda_l2': 0}
>>> training...
nbest = 225
train = (1.9731164514799264, 1.949759698096404, 1.9738062403601628, 1.9400377089036871, 2.0210280386242561, 1.952478722611757, 1.9633936080153247, 1.9726059431738898, 1.9762752127484051, 1.9657759626223248, 1.9361151703244261, 1.9889287261023505)
scores = (0.6700652431697196, 0.72216165992639136, 0.56126626772166854, 0.43576114050725956, 0.40563825490199723, 0.7099972356415214, 0.71313322733449491, 0.73885513094905475, 0.37884609322742335, 0.60737993263479395, 0.31418370107711618, 1.9889287261023505)
score = 0.557074567320811
holdout = ((0.50070901829083136, 0.3307357300132111, 0.26127121135780768), (0.45489323736502646, 0.2636685166850587, 0.2672863524137038), (0.44175823724270585, 0.38357581475853481, 0.243284685384656), (0.43841285535103813, 0.41223385985972111, 0.17265530359758915), (0.41135960578912489, 0.24905390014465373, 0.18940382450534235), (0.41388795798016392, 0.33260429509328898, 0.15236791853144988), (0.44117516842481819, 0.30181028874003596, 0.2409042677351996), (0.4237822913253293, 0.32639420061711255, 0.18520672995265103), (0.37700318342898581, 0.42527832422771084, 0.22307263456583373), (0.35345270031580506, 0.35195107245771656, 0.17343691351929549), (0.32805715368873561, 0.33613803037451867, 0.22742608804472547), (0.47900556549987694, 0.36195321246044165, 0.18406631111185306))
>>> t = 8 ===================================================================================================
(pair) putting together... (pair) done
setup_training %%%%%%%%%%%%%%%%%%%%%%%%%%%%%%%%%%%%%%%%%%%%
len(feats) = 88

    <>~Market & (
        <>Return{.&pure&~digit&~TEN} & ~Since & Return{.&
            <>(oo|cc|aoo|acc|daoc)
            & index[0,1,2]
          }
        | Return{.&pure&~index} & ~Since & Return{.&
            <>(oo|aoo)
            & [5:,10:,15:,10:5,15:10,20:15,15:5,20:10,20:5]
          }
      )
    |
        <>AssetEnc{InUni}
#<>#
    <>~Market & (
        <>Return{.&pure&~digit&~TEN} & ~Since & Return{.&
            <>(oo|cc|aoo|acc|daoc)
            & index[0,1,2]
          }
        | Return{.&pure&~index} & ~Since & Return{.&
            <>(oo|aoo)
            & [5:,10:,15:,10:5,15:10,20:15,15:5,20:10,20:5]
          }
      )
    |
        <>AssetEnc{InUni}
#<># 0 #<>#
    <>0
    | Corr & Corr{
        <>[21,62,125,250]
        & ay[1,10]
      }
    | Corr{Uni}
    
len(samps) = 12
[[2010.0, 2010.25], [2010.5, 2010.75], [2011.0, 2011.25], [2011.5, 2011.75], [2012.0, 2012.25], [2012.5, 2012.75], [2013.0, 2013.25], [2013.5, 2013.75], [2014.0, 2014.25], [2014.5, 2014.75], [2015.0, 2015.25], []]
>>>  k = 0 ---------------------------------------------------------------------------------------------------
{'learning_rate': 0.05, 'max_depth': -1, 'num_leaves': 4096, 'num_iterations': 500}
{'min_data_in_leaf': 120, 'min_sum_hessian_in_leaf': 10, 'lambda_l1': 0, 'lambda_l2': 0}
>>> training...
nbest = 489
train = (1.9782420205374884, 1.9796942308047187, 2.0019724849728879, 1.9492843041789749, 2.0395000724703833, 1.9730465135345931, 1.9958595272952391, 1.9806545628213832, 2.0041387678987346, 1.9764405612382046, 1.9588276876859818, 2.0083580530113374)
scores = (0.84884691588114536, 0.84446787212596341, 0.6237048349756078, 0.55859154330344574, 0.091525476065119446, 0.67779875581167814, 0.51214342114538369, 0.68393118883239679, 0.56816149603990851, 0.53530853759129149, 0.42178874947521777, 2.0083580530113374)
score = 0.551357548796963
holdout = ((0.49012626736434167, 0.53029015309940197, 0.29648665592169904), (0.45606228306004148, 0.48565379719534646, 0.23459431789194296), (0.49754791630356376, 0.49575852846138979, 0.2465615288112312), (0.49057922091324752, 0.49898110597748052, 0.26882417955322213), (0.48526591946726932, 0.48114350671336525, 0.29928824654903075), (0.47077567194916875, 0.49996495135731445, 0.2604717892495812), (0.49159397019029949, 0.47930726550604735, 0.27384921983273353), (0.43050532105650524, 0.4953395997186128, 0.28960814905856486), (0.50374678234428716, 0.47487069161613293, 0.2788834619801972), (0.44762985929532367, 0.52482168990503142, 0.28454922266837274), (0.37798289999651696, 0.50947853694962886, 0.28343965352400868), (0.46928709333349244, 0.49341540767536185, 0.29602110109437252))
>>> t = 9 ===================================================================================================
(pair) putting together... (pair) done
setup_training %%%%%%%%%%%%%%%%%%%%%%%%%%%%%%%%%%%%%%%%%%%%
len(feats) = 81

    <>~Market & (
        <>Return{.&pure&~digit&~TEN} & ~Since & Return{.&
            <>(oo|cc|aoo|acc|daoc)
            & index[0,1,2]
          }
        | Return{.&pure&~index} & ~Since & Return{.&
            <>(oo|aoo)
            & [5:,10:,15:,10:5,15:10,20:15,15:5,20:10,20:5]
          }
      )
    |
        <>AssetEnc{InUni}
#<>#
    <>~Market & (
        <>Return{.&pure&~digit&~TEN} & ~Since & Return{.&
            <>(oo|cc|aoo|acc|daoc)
            & index[0,1,2]
          }
        | Return{.&pure&~index} & ~Since & Return{.&
            <>(oo|aoo)
            & [5:,10:,15:,10:5,15:10,20:15,15:5,20:10,20:5]
          }
      )
    |
        <>AssetEnc{InUni}
#<># 0 #<>#0
len(samps) = 12
[[2010.0, 2010.25], [2010.5, 2010.75], [2011.0, 2011.25], [2011.5, 2011.75], [2012.0, 2012.25], [2012.5, 2012.75], [2013.0, 2013.25], [2013.5, 2013.75], [2014.0, 2014.25], [2014.5, 2014.75], [2015.0, 2015.25], []]
>>>  k = 0 ---------------------------------------------------------------------------------------------------
{'learning_rate': 0.05, 'max_depth': -1, 'num_leaves': 4096, 'num_iterations': 500}
{'min_data_in_leaf': 120, 'min_sum_hessian_in_leaf': 10, 'lambda_l1': 0, 'lambda_l2': 0}
>>> training...
nbest = 495
train = (1.8991492955167446, 1.9029468570028152, 1.9198707475865902, 1.8750070930606388, 1.9607636664383874, 1.9103552921107958, 1.9203455236135722, 1.9104250421718885, 1.9286886408763053, 1.9109745702158845, 1.8853078839790072, 1.9324629318051445)
scores = (0.80947164885293432, 0.79491321712465535, 0.65139975262641114, 0.52436122816063768, 0.13407880929530805, 0.60723607844871674, 0.54097718521210214, 0.71558595182536533, 0.56624973227737596, 0.63442246605273034, 0.42298844893025328, 1.9324629318051445)
score = 0.561465899562143
holdout = ((0.44717559674645091, 0.48251412041443031, 0.26041593111962563), (0.44435391209798347, 0.4324864396293171, 0.20864180686999725), (0.44535149500833088, 0.41351915669861555, 0.20019158485858862), (0.4719255221448227, 0.48266647585812555, 0.24811420352503472), (0.43733025336487447, 0.42440229826776793, 0.27085336468983379), (0.43104997061020478, 0.41779316602768657, 0.2673258441503148), (0.42800877294135015, 0.44535892482809331, 0.23635753165092255), (0.42833503401897249, 0.43933308269740534, 0.22558458758884187), (0.44140901612789063, 0.42960869689826209, 0.2450601232431148), (0.38174070617113737, 0.48976615483969604, 0.24826336931265031), (0.3865448041426861, 0.44361718570049191, 0.28937834029500131), (0.43758297696965825, 0.45118938269332864, 0.25918280587087539))
>>> t = None ===================================================================================================
