>>> t = 0 ===================================================================================================
(pair) putting together... (pair) done
setup_training %%%%%%%%%%%%%%%%%%%%%%%%%%%%%%%%%%%%%%%%%%%%
len(feats) = 320
<SearchedPair>
    <>~Market & (
        <>Return{.&pure&~digit&~TEN} & ~Since & Return{.&
            <>(oo|doo|doc)
            & index[0,1,2, 0:1,1:2,0:2]
          }
        | Return{.&pure&~index} & ~Since & Return{.&
            <>(oo|doo|vp5dd|Volatility)
            & [5:,15:,10:5,20:10,20:5]
          }
        | (
            <>Return{(oo{.&[1:]}|aoo[1:])}
            & (
                | Drawdown[1:]
                | Since{Max&index[0]}
                | Drawup[1:,10:]
                | Since{Min&index[0,10]}
              )
            & Since[21:, 62:, 125:, 250:]
          )
        | (
            <> Volatility[20:]
            | Volatility[ 20:]
            & (
                <>Drawdown[20:10]
                | Since{Max & index[10]}
                | Since{Min & index[5,10]}
              )
            & Since[21:, 62:, 125:, 250:]
          )
      )
#<>#
    <>~Market & (
        | Return{.&pure&~index} & ~Since & Return{.&
            <>(oo|aoo|vp5dd)
            & [5:,20:10,20:5]
          }
      )
#<>#
0
#<>#
    <>0
    | Corr & Corr{
        <>[10,21,250]
        & ay[1]
      }
    | Corr{Uni}
    
len(samps) = 12
[[2010.0, 2010.25], [2010.5, 2010.75], [2011.0, 2011.25], [2011.5, 2011.75], [2012.0, 2012.25], [2012.5, 2012.75], [2013.0, 2013.25], [2013.5, 2013.75], [2014.0, 2014.25], [2014.5, 2014.75], [2015.0, 2015.25], []]
>>>  k = 0 ---------------------------------------------------------------------------------------------------
{'learning_rate': 0.05, 'max_depth': -1, 'num_leaves': 4096, 'num_iterations': 500}
{'min_data_in_leaf': 120, 'min_sum_hessian_in_leaf': 10, 'lambda_l1': 0, 'lambda_l2': 0}
>>> training...
nbest = 261
train = (2.0243347900844828, 2.0090510252682869, 2.0275425193444319, 1.9905864281529895, 2.0680985785649302, 2.0064970520721381, 2.0100248357125805, 2.0299493560929847, 2.0381072927191894, 2.0145427878747948, 1.9800993276874876, 2.0394488742038988)
scores = (0.68783607414513781, 0.74672894558018421, 0.72976202163286585, 0.5502835462162724, 0.31979776111611308, 0.63265881315350292, 0.71947287608997479, 0.70173484236712724, 0.45025803987455593, 0.53757377332522749, 0.41482315392181407, 2.0394488742038988)
score = 0.566954336181945
holdout = ((0.42446215745845889, 0.2776521009322071, 0.19155486628551269), (0.36718537645243765, 0.22744093735899767, 0.21129756904594948), (0.3809993169112586, 0.28035586023067094, 0.26631651471123119), (0.32114995844096272, 0.35521090327546601, 0.22975367964075497), (0.36754317808901288, 0.30772148295550134, 0.19270232696124354), (0.34406951619043435, 0.26515822807235961, 0.12090513660679744), (0.36290940866137661, 0.26238050405936736, 0.1646152815475356), (0.30485251468437541, 0.25777794719833369, 0.15374067598536675), (0.3380445550227168, 0.32027119601881832, 0.24693411346339564), (0.23572199028163851, 0.40694642662413977, 0.16055682732298548), (0.21324024060679911, 0.34112574105394355, 0.23739699244685303), (0.38837672905790821, 0.31617531087554335, 0.21520490352452584))
>>> t = 1 ===================================================================================================
(pair) putting together... (pair) done
setup_training %%%%%%%%%%%%%%%%%%%%%%%%%%%%%%%%%%%%%%%%%%%%
len(feats) = 316
<SearchedPair>
    <>~Market & (
        <>Return{.&pure&~digit&~TEN} & ~Since & Return{.&
            <>(oo|doo|doc)
            & index[0,1,2, 0:1,1:2,0:2]
          }
        | Return{.&pure&~index} & ~Since & Return{.&
            <>(oo|doo|vp5dd|Volatility)
            & [5:,15:,10:5,20:10,20:5]
          }
        | (
            <>Return{(oo{.&[1:]}|aoo[1:])}
            & (
                | Drawdown[1:]
                | Since{Max&index[0]}
                | Drawup[1:,10:]
                | Since{Min&index[0,10]}
              )
            & Since[21:, 62:, 125:, 250:]
          )
        | (
            <> Volatility[20:]
            | Volatility[ 20:]
            & (
                <>Drawdown[20:10]
                | Since{Max & index[10]}
                | Since{Min & index[5,10]}
              )
            & Since[21:, 62:, 125:, 250:]
          )
      )
#<>#
    <>~Market & (
        | Return{.&pure&~index} & ~Since & Return{.&
            <>(oo|aoo|vp5dd)
            & [5:,20:10,20:5]
          }
      )
#<>#
0
#<>#0
len(samps) = 12
[[2010.0, 2010.25], [2010.5, 2010.75], [2011.0, 2011.25], [2011.5, 2011.75], [2012.0, 2012.25], [2012.5, 2012.75], [2013.0, 2013.25], [2013.5, 2013.75], [2014.0, 2014.25], [2014.5, 2014.75], [2015.0, 2015.25], []]
>>>  k = 0 ---------------------------------------------------------------------------------------------------
{'learning_rate': 0.05, 'max_depth': -1, 'num_leaves': 4096, 'num_iterations': 500}
{'min_data_in_leaf': 120, 'min_sum_hessian_in_leaf': 10, 'lambda_l1': 0, 'lambda_l2': 0}
>>> training...
nbest = 473
train = (2.2329350394471064, 2.2172228788150203, 2.2341651494218406, 2.1950079264718547, 2.2869813592920014, 2.2067959089271829, 2.2184811933791186, 2.2314871176798254, 2.2405054190998053, 2.2319419533186733, 2.1800618382997996, 2.24170828333409)
scores = (0.74075292820984329, 0.67448117120550966, 0.70460542332076503, 0.52725744160419163, 0.39574125329475313, 0.63284262307435646, 0.67250454625414413, 0.63481360232176942, 0.43132941066639802, 0.48742346351471461, 0.38543824131190257, 2.24170828333409)
score = 0.5501155498269384
holdout = ((0.40281651064804264, 0.257954409735629, 0.22512321689696824), (0.35889631637240599, 0.26388538599665395, 0.19643667088379577), (0.33252823656150687, 0.23096197298053411, 0.25831816811248276), (0.36755294585979648, 0.33970103777250743, 0.21907499339670505), (0.34960658429755148, 0.27559071873349839, 0.19855795307557761), (0.35004955968812457, 0.2115896407306315, 0.080601593502787214), (0.34478018652579728, 0.20186116159280706, 0.2042048523946943), (0.24899744372410557, 0.23004437808916539, 0.20299440744519473), (0.26007943224368069, 0.37241597559438727, 0.22364243945332626), (0.21727498660873396, 0.3056758467195857, 0.18799357743111858), (0.23538021813425683, 0.38587367562374814, 0.27920131741912668), (0.29275153608283333, 0.29927834471709397, 0.23099403002932065))
>>> t = 2 ===================================================================================================
(pair) putting together... (pair) done
setup_training %%%%%%%%%%%%%%%%%%%%%%%%%%%%%%%%%%%%%%%%%%%%
len(feats) = 215
<IKGPair>
    <>~Market & (
        <>Return{.&pure&~digit&~TEN} & ~Since & Return{.&
            <>(oo|cc|aoo|acc|daoc)
            & index[0]
          }
        | Return{.&pure&~index} & ~Since & Return{.&
            <>(oo|aoo)
            & [5:,10:,15:,10:5,15:10,20:15,15:5,20:10,20:5]
          }
        | (
            <>Return{(oo{.&[1:]}|aoo[1:])}
            & (
                <> ~Drawdown&~Drawup&~Since{Min}&~Since{Max}
                | Drawdown[1:, 5:,10:]
                | Since{Max&index[0]}
                | Since{Min&index[0,10]}
              )
            & Since[21:,62:,125:,250:]
          )
      )
    |
        <>AssetEnc{InUni}
        | AssetEnc{Code}
    |
        <>FaceValue{Volume}
        | Return{mix[1,2,3,4,5,6,7,8,9,11,12,13,14,15,16,17,18,19]}
        | Return{rr|af|it}
#<># 0 #<># 0 #<>#
    <>0
    | Corr & Corr{
        <>[21,62,125,250]
        & ay[1,10]
      }
    | Corr{Uni}
    
len(samps) = 12
[[2010.0, 2010.25], [2010.5, 2010.75], [2011.0, 2011.25], [2011.5, 2011.75], [2012.0, 2012.25], [2012.5, 2012.75], [2013.0, 2013.25], [2013.5, 2013.75], [2014.0, 2014.25], [2014.5, 2014.75], [2015.0, 2015.25], []]
>>>  k = 0 ---------------------------------------------------------------------------------------------------
{'learning_rate': 0.05, 'max_depth': -1, 'num_leaves': 4096, 'num_iterations': 500}
{'min_data_in_leaf': 120, 'min_sum_hessian_in_leaf': 10, 'lambda_l1': 0, 'lambda_l2': 0}
>>> training...
nbest = 296
train = (2.0423169846648839, 2.0297229437111421, 2.0448550330528805, 2.0166025749420169, 2.1075484097884836, 2.0228913442632273, 2.0346220223179277, 2.04966108050214, 2.0562172177608762, 2.0442516516754137, 2.0015452228658548, 2.0645887814331227)
scores = (0.74347747595698599, 0.77968213767509242, 0.74978788159757215, 0.59930161791154923, 0.21174381316028379, 0.66721199046212598, 0.59698366889160637, 0.77623922724576433, 0.41640372865584235, 0.42559243645737815, 0.53789619748696715, 2.0645887814331227)
score = 0.5699850266951688
holdout = ((0.25371205520995427, 0.55464398824349215, 0.16990834545858052), (0.21807377697478628, 0.55167800798012234, 0.16501351370011336), (0.29396885095776082, 0.52926821303675031, 0.16140629081465166), (0.2636719380578445, 0.53818986204035613, 0.22707214523252633), (0.33459434351788298, 0.48561350912318135, 0.16573389474942868), (0.21492378863045433, 0.49791504072965675, 0.20475382463832079), (0.28315219734732433, 0.56900601615518842, 0.20722826112314696), (0.26020175244800559, 0.53252971954223594, 0.2300154494298958), (0.2296556750106821, 0.58048926483671714, 0.2769975809145192), (0.22675998752239243, 0.63141112710486746, 0.19834945625374817), (0.1350212377813986, 0.60698984829191316, 0.2507289987482112), (0.26976321912203471, 0.5577653659084707, 0.20513883132783822))
>>> t = 3 ===================================================================================================
(pair) putting together... (pair) done
setup_training %%%%%%%%%%%%%%%%%%%%%%%%%%%%%%%%%%%%%%%%%%%%
len(feats) = 208
<IKGPair>
    <>~Market & (
        <>Return{.&pure&~digit&~TEN} & ~Since & Return{.&
            <>(oo|cc|aoo|acc|daoc)
            & index[0]
          }
        | Return{.&pure&~index} & ~Since & Return{.&
            <>(oo|aoo)
            & [5:,10:,15:,10:5,15:10,20:15,15:5,20:10,20:5]
          }
        | (
            <>Return{(oo{.&[1:]}|aoo[1:])}
            & (
                <> ~Drawdown&~Drawup&~Since{Min}&~Since{Max}
                | Drawdown[1:, 5:,10:]
                | Since{Max&index[0]}
                | Since{Min&index[0,10]}
              )
            & Since[21:,62:,125:,250:]
          )
      )
    |
        <>AssetEnc{InUni}
        | AssetEnc{Code}
    |
        <>FaceValue{Volume}
        | Return{mix[1,2,3,4,5,6,7,8,9,11,12,13,14,15,16,17,18,19]}
        | Return{rr|af|it}
#<># 0 #<># 0 #<>#0
len(samps) = 12
[[2010.0, 2010.25], [2010.5, 2010.75], [2011.0, 2011.25], [2011.5, 2011.75], [2012.0, 2012.25], [2012.5, 2012.75], [2013.0, 2013.25], [2013.5, 2013.75], [2014.0, 2014.25], [2014.5, 2014.75], [2015.0, 2015.25], []]
>>>  k = 0 ---------------------------------------------------------------------------------------------------
{'learning_rate': 0.05, 'max_depth': -1, 'num_leaves': 4096, 'num_iterations': 500}
{'min_data_in_leaf': 120, 'min_sum_hessian_in_leaf': 10, 'lambda_l1': 0, 'lambda_l2': 0}
>>> training...
nbest = 442
train = (2.1502539295198324, 2.1343749731380575, 2.1531442123644267, 2.1195732390037629, 2.2094737213377664, 2.1273486171847376, 2.137997310632298, 2.1618904980402296, 2.1596023220498122, 2.1621123568489025, 2.1072661806063957, 2.1640476923202892)
scores = (0.78505853101946765, 0.76392020183441856, 0.69752171905881799, 0.57862424332881002, 0.22983890979582802, 0.68715983419750759, 0.52535674760703455, 0.76927495969840842, 0.40436243237122016, 0.39978636762900321, 0.52087805099875739, 2.1640476923202892)
score = 0.5586757174333151
holdout = ((0.20889294892346863, 0.52975006573615901, 0.2182844160612851), (0.17894928313047867, 0.57507849664784194, 0.20125723708199608), (0.22009375975944928, 0.55130214657291432, 0.18421984762586313), (0.15823596549837729, 0.49439942643372875, 0.29051605408484305), (0.23816931565330632, 0.47854420178586099, 0.17919602751415295), (0.23894593147722501, 0.55866604121145436, 0.21260230342413758), (0.13853406607235874, 0.56316386918971706, 0.26218081544207339), (0.15216974251617796, 0.51668090479012518, 0.23396175882472764), (0.19484156853995882, 0.56823727422823511, 0.30791162311089154), (0.16728439115081037, 0.64269106795471787, 0.25399899004197413), (0.082063196102893407, 0.54622088431657101, 0.24090719018131965), (0.21261903693316642, 0.59355437022185831, 0.20146547832458794))
>>> t = 4 ===================================================================================================
(pair) putting together... (pair) done
setup_training %%%%%%%%%%%%%%%%%%%%%%%%%%%%%%%%%%%%%%%%%%%%
len(feats) = 319
<IKGPairDiff>
    <>~Market & (
        <>Return{.&pure&~digit&~TEN} & ~Since & Return{.&
            <>(oo|cc|aoo|acc|daoc)
            & index[0]
          }
        | Return{.&pure&~index} & ~Since & Return{.&
            <>(oo|aoo)
            & [5:,10:,15:,10:5,15:10,20:15,15:5,20:10,20:5]
          }
        | (
            <>Return{(oo{.&[1:]}|aoo[1:])}
            & (
                <> ~Drawdown&~Drawup&~Since{Min}&~Since{Max}
                | Drawdown[1:, 5:,10:]
                | Since{Max&index[0]}
                | Since{Min&index[0,10]}
              )
            & Since[21:,62:,125:,250:]
          )
      )
    |
        <>AssetEnc{InUni}
        | AssetEnc{Code}
    |
        <>FaceValue{Volume}
        | Return{mix[1,2,3,4,5,6,7,8,9,11,12,13,14,15,16,17,18,19]}
        | Return{rr|af|it}
#<>#
    <>~Market & (
        <>Return{.&pure&~digit&~TEN} & ~Since & Return{.&
            <>(oo|cc|aoo|acc|daoc)
            & index[0]
          }
        | Return{.&pure&~index} & ~Since & Return{.&
            <>(oo|aoo)
            & [5:,10:,15:,10:5,15:10,20:15,15:5,20:10,20:5]
          }
        | (
            <>Return{(oo{.&[1:]}|aoo[1:])}
            & (
                <> ~Drawdown&~Drawup&~Since{Min}&~Since{Max}
                | Drawdown[1:, 5:,10:]
                | Since{Max&index[0]}
                | Since{Min&index[0,10]}
              )
            & Since[21:,62:,125:,250:]
          )
      )
    |
        <>AssetEnc{InUni}
        | AssetEnc{Code}
    |
        <>FaceValue{Volume}
        | Return{mix[1,2,3,4,5,6,7,8,9,11,12,13,14,15,16,17,18,19]}
        | Return{rr|af|it}
#<># 0 #<>#
    <>0
    | Corr & Corr{
        <>[21,62,125,250]
        & ay[1,10]
      }
    | Corr{Uni}
    
len(samps) = 12
[[2010.0, 2010.25], [2010.5, 2010.75], [2011.0, 2011.25], [2011.5, 2011.75], [2012.0, 2012.25], [2012.5, 2012.75], [2013.0, 2013.25], [2013.5, 2013.75], [2014.0, 2014.25], [2014.5, 2014.75], [2015.0, 2015.25], []]
>>>  k = 0 ---------------------------------------------------------------------------------------------------
{'learning_rate': 0.05, 'max_depth': -1, 'num_leaves': 4096, 'num_iterations': 500}
{'min_data_in_leaf': 120, 'min_sum_hessian_in_leaf': 10, 'lambda_l1': 0, 'lambda_l2': 0}
>>> training...
nbest = 355
train = (2.0967396234929163, 2.0898897188203462, 2.1030953299523727, 2.0742395363892374, 2.1559762518256069, 2.0829143855160739, 2.0887404463451138, 2.1006730155194275, 2.1098245772491206, 2.1093810297382456, 2.0643709352286361, 2.1241356931905995)
scores = (0.70454583407646465, 0.76909490161773508, 0.68988066653104974, 0.59182575686176331, 0.16807309256824277, 0.62431179791096469, 0.64169093148557077, 0.69882883199883405, 0.40249458932883858, 0.47303661320230284, 0.53698948977949323, 2.1241356931905995)
score = 0.5565992468265525
holdout = ((0.24651117386895768, 0.6086869202126699, 0.14240938494077832), (0.21426452741721758, 0.62133037664002788, 0.12586718795956536), (0.25243010780996661, 0.58128505102980821, 0.15904590019546536), (0.22614907521342401, 0.54665384538367257, 0.17895321917166751), (0.32902269524956629, 0.44069729178791822, 0.12175720572539206), (0.27038564798479847, 0.5723804064071194, 0.088018310838016006), (0.29385669298049771, 0.59054134931053348, 0.10996896629542981), (0.16794942545087099, 0.53824359244741315, 0.15930437294477881), (0.25344875636252978, 0.58253699989044316, 0.21567263126823316), (0.23095066115204071, 0.68464529090227599, 0.17379190013216389), (0.087922648369149203, 0.65792836019138656, 0.13993534650734366), (0.23376355778749353, 0.60953052803931607, 0.15879935309063153))
>>> t = 5 ===================================================================================================
(pair) putting together... (pair) done
setup_training %%%%%%%%%%%%%%%%%%%%%%%%%%%%%%%%%%%%%%%%%%%%
len(feats) = 312
<IKGPairDiff>
    <>~Market & (
        <>Return{.&pure&~digit&~TEN} & ~Since & Return{.&
            <>(oo|cc|aoo|acc|daoc)
            & index[0]
          }
        | Return{.&pure&~index} & ~Since & Return{.&
            <>(oo|aoo)
            & [5:,10:,15:,10:5,15:10,20:15,15:5,20:10,20:5]
          }
        | (
            <>Return{(oo{.&[1:]}|aoo[1:])}
            & (
                <> ~Drawdown&~Drawup&~Since{Min}&~Since{Max}
                | Drawdown[1:, 5:,10:]
                | Since{Max&index[0]}
                | Since{Min&index[0,10]}
              )
            & Since[21:,62:,125:,250:]
          )
      )
    |
        <>AssetEnc{InUni}
        | AssetEnc{Code}
    |
        <>FaceValue{Volume}
        | Return{mix[1,2,3,4,5,6,7,8,9,11,12,13,14,15,16,17,18,19]}
        | Return{rr|af|it}
#<>#
    <>~Market & (
        <>Return{.&pure&~digit&~TEN} & ~Since & Return{.&
            <>(oo|cc|aoo|acc|daoc)
            & index[0]
          }
        | Return{.&pure&~index} & ~Since & Return{.&
            <>(oo|aoo)
            & [5:,10:,15:,10:5,15:10,20:15,15:5,20:10,20:5]
          }
        | (
            <>Return{(oo{.&[1:]}|aoo[1:])}
            & (
                <> ~Drawdown&~Drawup&~Since{Min}&~Since{Max}
                | Drawdown[1:, 5:,10:]
                | Since{Max&index[0]}
                | Since{Min&index[0,10]}
              )
            & Since[21:,62:,125:,250:]
          )
      )
    |
        <>AssetEnc{InUni}
        | AssetEnc{Code}
    |
        <>FaceValue{Volume}
        | Return{mix[1,2,3,4,5,6,7,8,9,11,12,13,14,15,16,17,18,19]}
        | Return{rr|af|it}
#<># 0 #<>#0
len(samps) = 12
[[2010.0, 2010.25], [2010.5, 2010.75], [2011.0, 2011.25], [2011.5, 2011.75], [2012.0, 2012.25], [2012.5, 2012.75], [2013.0, 2013.25], [2013.5, 2013.75], [2014.0, 2014.25], [2014.5, 2014.75], [2015.0, 2015.25], []]
>>>  k = 0 ---------------------------------------------------------------------------------------------------
{'learning_rate': 0.05, 'max_depth': -1, 'num_leaves': 4096, 'num_iterations': 500}
{'min_data_in_leaf': 120, 'min_sum_hessian_in_leaf': 10, 'lambda_l1': 0, 'lambda_l2': 0}
>>> training...
nbest = 408
train = (2.1270142515852966, 2.1207762674584223, 2.1360593008424127, 2.0927460864347065, 2.190490038397686, 2.1096593171093194, 2.1226131222156353, 2.128224572963139, 2.138136585501706, 2.1375603843826521, 2.090801827977784, 2.1516755895139874)
scores = (0.70002482693046819, 0.75763765544917272, 0.65682942683869883, 0.50539745460077756, 0.2126482481019453, 0.6980061318933023, 0.61659372603791718, 0.75776054409937188, 0.43353906442692391, 0.45180083577480262, 0.48724309448258857, 2.1516755895139874)
score = 0.5553270917240234
holdout = ((0.1624119981257249, 0.57057209253583241, 0.22086474189025945), (0.16005075643756192, 0.4989025871310091, 0.10797206868500639), (0.15591981920444956, 0.55094332340565721, 0.18292637462317932), (0.15119444794129366, 0.58645940889703274, 0.19088131812391088), (0.26788577323258961, 0.44818066306012255, 0.14012604318441529), (0.22466510608641216, 0.53492592875240452, 0.17415050535466667), (0.18010459778023227, 0.55833855572704605, 0.17222650869578485), (0.12248681709341061, 0.56565848546110375, 0.1564069616524108), (0.1318904253590833, 0.61411220472335992, 0.20560665456277316), (0.19333879452675579, 0.7135990631091681, 0.21250772640557442), (0.069961737385502695, 0.60491462139118113, 0.18659248294048253), (0.23446862840690846, 0.55095257642941053, 0.1228441617560275))
>>> t = 6 ===================================================================================================
(pair) putting together... (pair) done
setup_training %%%%%%%%%%%%%%%%%%%%%%%%%%%%%%%%%%%%%%%%%%%%
len(feats) = 256
<TryPair>
    <>~Market & (
        <>Return{.&pure&~digit&~TEN} & ~Since & Return{.&
            <>(oo|aoo|doo|doc|daoc|vp1dd)
            & index[0,1,2]
          }
        | Return{.&pure&~index} & ~Since & Return{.&
            <>(oo|aoo|doo|vp1dd)
            & [5:,10:,15:,10:5,15:10,20:15,15:5,20:10,20:5]
          }
        | (
            <>Return{(oo{.&[1:]}|aoo[1:])}
            & (
                | Drawdown[1:,10:,20:10]
                | Since{Max&index[0]}
                | Drawup[1:,10:,20:10]
                | Since{Min&index[0,10]}
              )
            & Since[21:, 125:, 250:]
          )
        | (
            <> Volatility[60:]
            | Volatility[ 20:]
            & (
                <>Drawdown[20:]
                | Since{Max & index[10]}
                | Since{Min & index[10]}
              )
            & Since[21:, 125:, 250:]
          )
      )
#<>#
    <>~Market & (
        | Return{.&pure&~index} & ~Since & Return{.&
            <>(oo|aoo|vp1dd)
            & [5:,10:,15:,10:5,15:10,20:15,15:5,20:10,20:5]
          }
      )
#<>#
0
#<>#
    <>0
    | Corr & Corr{
        <>[21,250]
        & ay[1]
      }
    | Corr{Uni}
    
len(samps) = 12
[[2010.0, 2010.25], [2010.5, 2010.75], [2011.0, 2011.25], [2011.5, 2011.75], [2012.0, 2012.25], [2012.5, 2012.75], [2013.0, 2013.25], [2013.5, 2013.75], [2014.0, 2014.25], [2014.5, 2014.75], [2015.0, 2015.25], []]
>>>  k = 0 ---------------------------------------------------------------------------------------------------
{'learning_rate': 0.05, 'max_depth': -1, 'num_leaves': 4096, 'num_iterations': 500}
{'min_data_in_leaf': 120, 'min_sum_hessian_in_leaf': 10, 'lambda_l1': 0, 'lambda_l2': 0}
>>> training...
nbest = 394
train = (2.1644298280779606, 2.1477830665992323, 2.1619120412581609, 2.1215312013387422, 2.2232964294664588, 2.1400494562457695, 2.1582918301658891, 2.1610332277185602, 2.1754025422842802, 2.1689363534165844, 2.1202729012454919, 2.1767402690032052)
scores = (0.68934181290859053, 0.7798665934611404, 0.59071303072602588, 0.40006024523100764, 0.51289290626447315, 0.69416575043409634, 0.75527101348123327, 0.73151336605188488, 0.4168175177278724, 0.57459410026741398, 0.29667696408555899, 2.1767402690032052)
score = 0.5689533302944636
holdout = ((0.47236069153621757, 0.29070086429582415, 0.29827826012505998), (0.47163704461698769, 0.29206431852229986, 0.18889653291776062), (0.43615866459159358, 0.32302629778023378, 0.19340651718901072), (0.48532643181817725, 0.36688505785525921, 0.15792886612303017), (0.40197315773769476, 0.2313436780174947, 0.18106584275904863), (0.37614305619633653, 0.28867881836615961, 0.13103963003252683), (0.44530201690569066, 0.28987242873262881, 0.18189759081542622), (0.36834528808908057, 0.26225861793761296, 0.19098729665258066), (0.39792868423897343, 0.36459634431722582, 0.23345730840595891), (0.33161095073966934, 0.40626609201228742, 0.11812159587845382), (0.30092449585239972, 0.36075818665717879, 0.25035812265880553), (0.46038035063997029, 0.26229965997103261, 0.16809975060981452))
>>> t = 7 ===================================================================================================
(pair) putting together... (pair) done
setup_training %%%%%%%%%%%%%%%%%%%%%%%%%%%%%%%%%%%%%%%%%%%%
len(feats) = 253
<TryPair>
    <>~Market & (
        <>Return{.&pure&~digit&~TEN} & ~Since & Return{.&
            <>(oo|aoo|doo|doc|daoc|vp1dd)
            & index[0,1,2]
          }
        | Return{.&pure&~index} & ~Since & Return{.&
            <>(oo|aoo|doo|vp1dd)
            & [5:,10:,15:,10:5,15:10,20:15,15:5,20:10,20:5]
          }
        | (
            <>Return{(oo{.&[1:]}|aoo[1:])}
            & (
                | Drawdown[1:,10:,20:10]
                | Since{Max&index[0]}
                | Drawup[1:,10:,20:10]
                | Since{Min&index[0,10]}
              )
            & Since[21:, 125:, 250:]
          )
        | (
            <> Volatility[60:]
            | Volatility[ 20:]
            & (
                <>Drawdown[20:]
                | Since{Max & index[10]}
                | Since{Min & index[10]}
              )
            & Since[21:, 125:, 250:]
          )
      )
#<>#
    <>~Market & (
        | Return{.&pure&~index} & ~Since & Return{.&
            <>(oo|aoo|vp1dd)
            & [5:,10:,15:,10:5,15:10,20:15,15:5,20:10,20:5]
          }
      )
#<>#
0
#<>#0
len(samps) = 12
[[2010.0, 2010.25], [2010.5, 2010.75], [2011.0, 2011.25], [2011.5, 2011.75], [2012.0, 2012.25], [2012.5, 2012.75], [2013.0, 2013.25], [2013.5, 2013.75], [2014.0, 2014.25], [2014.5, 2014.75], [2015.0, 2015.25], []]
>>>  k = 0 ---------------------------------------------------------------------------------------------------
{'learning_rate': 0.05, 'max_depth': -1, 'num_leaves': 4096, 'num_iterations': 500}
{'min_data_in_leaf': 120, 'min_sum_hessian_in_leaf': 10, 'lambda_l1': 0, 'lambda_l2': 0}
>>> training...
nbest = 225
train = (1.9731164514795367, 1.9497596980964544, 1.9738062403601719, 1.9400377089037055, 2.0210280386242463, 1.9524787226117402, 1.9633936080156753, 1.9726059431738896, 1.9762752127483758, 1.965775962622319, 1.9361151703244244, 1.9889287261023427)
scores = (0.67006524317121441, 0.72216165992671799, 0.56126626772173394, 0.43576114050721321, 0.40563825490197897, 0.70999723564167105, 0.71313322733436668, 0.73884434998157311, 0.37884609322717477, 0.60738034364983295, 0.31418370107710575, 1.9889287261023427)
score = 0.55707380883873
holdout = ((0.50070901829336623, 0.3307357300146973, 0.26127121135840897), (0.45489323736464576, 0.26366851668537428, 0.26728635241412874), (0.44175823724276109, 0.38357581475838654, 0.24328468538455386), (0.43841285535098801, 0.41223385985972022, 0.17265530359753417), (0.41135960578910208, 0.2490548088547469, 0.18940670250716415), (0.41388795798049405, 0.33260429509307637, 0.15236791853159073), (0.44117516842380039, 0.30181028874015114, 0.24090426773561929), (0.42356253636570029, 0.32639564128003312, 0.18520672995265325), (0.37700318342897648, 0.42527832422762041, 0.2230726345659971), (0.35345270031580356, 0.35195107245771307, 0.17343691351935481), (0.32805963242711417, 0.33613825651522017, 0.22742608804473932), (0.47900556549990525, 0.3619532124605066, 0.18406631111189004))