>>> t = 0 ===================================================================================================
setup_training %%%%%%%%%%%%%%%%%%%%%%%%%%%%%%%%%%%%%%%%%%%%
len(feats) = 104
<IKGCover>
    <>~Market & (
        <>Return{.&pure&~digit&~TEN} & ~Since & Return{.&
            <>(oo|cc|aoo|acc|daoc)
            & index[0]
          }
        | Return{.&pure&~index} & ~Since & Return{.&
            <>(oo|aoo)
            & [5:,10:,15:,10:5,15:10,20:15,15:5,20:10,20:5]
          }
        | (
            <>Return{(oo{.&[1:]}|aoo[1:])}
            & (
                <> ~Drawdown&~Drawup&~Since{Min}&~Since{Max}
                | Drawdown[1:, 5:,10:]
                | Since{Max&index[0]}
                | Since{Min&index[0,10]}
              )
            & Since[21:,62:,125:,250:]
          )
      )
    |
        <>AssetEnc{InUni}
        | AssetEnc{Code}
    |
        <>FaceValue{Volume}
        | Return{mix[1,2,3,4,5,6,7,8,9,11,12,13,14,15,16,17,18,19]}
        | Return{rr|af|it}
    
len(samps) = 12
[[2010.0, 2010.25], [2010.5, 2010.75], [2011.0, 2011.25], [2011.5, 2011.75], [2012.0, 2012.25], [2012.5, 2012.75], [2013.0, 2013.25], [2013.5, 2013.75], [2014.0, 2014.25], [2014.5, 2014.75], [2015.0, 2015.25], []]
>>>  k = 0 ---------------------------------------------------------------------------------------------------
{'learning_rate': 0.05, 'max_depth': -1, 'num_leaves': 4096, 'num_iterations': 500}
{'min_data_in_leaf': 120, 'min_sum_hessian_in_leaf': 100, 'lambda_l1': 0, 'lambda_l2': 0}
<<<RESULTS>>>: walk 0 <IKGCover>
nbest = 434
train = [1.1922474529951892, 1.184463673544745, 1.203680039442191, 1.1819102091935039, 1.1631820178301602, 1.1985104249460257, 1.185444809754568, 1.1976776186128613, 1.2259834465000525, 1.2077949985337169, 1.2102536516769944, 1.207669497959171]
scores = [0.6035128015902872, 0.6655579943647982, 0.7749699577002658, 0.460013217257934, 1.0212432482464504, 0.6600974663453176, 0.8809805908104299, 0.8827157637216674, 0.5784593326025909, 0.6444242862163803, 0.44274058431378827, 1.207669497959171]
score = 0.658200408688181
holdout = [[0.5788359955534262, 0.7039758468242384, 0.39424420653459064], [0.5856062411999884, 0.7248030710873479, 0.38997149877827936], [0.5738262212595643, 0.7164215000061943, 0.4018704822457128], [0.5559729880960989, 0.822945834845832, 0.4270896420906323], [0.5493911980003632, 0.7464333815219325, 0.4315554916806281], [0.5495665363347573, 0.6906742524146587, 0.38634230222897825], [0.5328779539761366, 0.6939338741638117, 0.41394947780548924], [0.5780894976596154, 0.745053055919497, 0.3809045104013063], [0.5412171608781483, 0.6777235818438437, 0.3888086806819961], [0.5144492839891176, 0.7304168103130029, 0.41697168950346325], [0.5728737197051215, 0.7441717246101739, 0.4328267110303466], [0.566513844025062, 0.6981194254112304, 0.4054926392037816]]
>>> t = 1 ===================================================================================================
setup_training %%%%%%%%%%%%%%%%%%%%%%%%%%%%%%%%%%%%%%%%%%%%
len(feats) = 148
<TryIt>
    <>~Market & (
        <>Return{.&pure&~digit&~TEN} & ~Since & Return{.&
            <>(oo|aoo|doo|doc|daoc|vp1dd)
            & index[0,1,2]
          }
        | Return{.&pure&~index} & ~Since & Return{.&
            <>(oo|aoo|vp1dd)
            & [5:,10:,15:,10:5,15:10,20:15,15:5,20:10,20:5]
          }
        | (
            <>Return{(oo{.&[1:]}|aoo[1:]|oo{.&[10:]}|aoo[10:])}
            & (
                <> ~Drawdown&~Drawup&~Since{Min}&~Since{Max}
                | Drawdown[5:,10:,20:, 10:5,20:10]
                | Since{Min&index[0]}
              )
            & Since[21:,125:,250:]
          )
        | (
            <> Volatility[60:]
            | Volatility[20:]
            & (
                | Drawdown[20:]
                | Since{Max & index[0,20]}
                | Drawup[1:, 20:10]
              )
            & Since[21:,125:,250:]
          )
      )
    |
        <>Return{pure&~dd} & VP[10:,20:]
        | FracRec[21:,125:,250:]
    |
        <>AssetEnc{InUni}
    |
        Time{long | short}
    
len(samps) = 12
[[2010.0, 2010.25], [2010.5, 2010.75], [2011.0, 2011.25], [2011.5, 2011.75], [2012.0, 2012.25], [2012.5, 2012.75], [2013.0, 2013.25], [2013.5, 2013.75], [2014.0, 2014.25], [2014.5, 2014.75], [2015.0, 2015.25], []]
>>>  k = 0 ---------------------------------------------------------------------------------------------------
{'learning_rate': 0.05, 'max_depth': -1, 'num_leaves': 4096, 'num_iterations': 500}
{'min_data_in_leaf': 120, 'min_sum_hessian_in_leaf': 100, 'lambda_l1': 0, 'lambda_l2': 0}
<<<RESULTS>>>: walk 1 <TryIt>
nbest = 446
train = [1.3413656669760994, 1.3418457864717876, 1.3695550332212518, 1.3419906611880523, 1.331890419699728, 1.3611235156473966, 1.348764938038318, 1.3573654205846075, 1.3700980816017425, 1.3686106050101183, 1.3713688395448405, 1.3611289661622183]
scores = [0.5747197359542524, 0.3475912580020887, 0.8296689134790999, 0.4799745815858534, 0.8871979715661197, 0.6430868254764635, 1.0902417406663274, 0.8906820040766665, 0.6407505018134467, 0.5544016879623518, 0.5077475192347914, 1.3611289661622183]
score = 0.6294187012825736
holdout = [[0.7555400980391965, 0.7315248350881698, 0.48890045732341897], [0.767915042181156, 0.7914020186489592, 0.4547930427533661], [0.7854810656155439, 0.821378621578721, 0.43536620382611935], [0.6655697946973936, 0.8908443179672695, 0.5045757257464182], [0.7725325927269466, 0.873849486992632, 0.5022804622939381], [0.8604667157222055, 0.79034841869219, 0.47809425013353324], [0.7532699767371657, 0.7770932588934726, 0.5120776702335563], [0.7772956402565864, 0.815412414062383, 0.4966188150771584], [0.7690522810548394, 0.8279234930979859, 0.5149324524729133], [0.6484886016971863, 0.7811130426170693, 0.5397188213220991], [0.7855891122469664, 0.7589252569026105, 0.521892536711996], [0.7657373255071452, 0.8084512361935241, 0.5035755517311965]]
>>> t = 2 ===================================================================================================
setup_training %%%%%%%%%%%%%%%%%%%%%%%%%%%%%%%%%%%%%%%%%%%%
len(feats) = 139
<TryItVP5>
    <>~Market & (
        <>Return{.&pure&~digit&~TEN} & ~Since & Return{.&
            <>(oo|aoo|doo|doc|daoc|vp1dd)
            & index[0,1,2]
          }
        | Return{.&pure&~index} & ~Since & Return{.&
            <>(oo|aoo|vp5dd)
            & [5:,10:,15:,10:5,15:10,20:15,15:5,20:10,20:5]
          }
        | (
            <>Return{(oo{.&[1:]}|aoo[1:]|oo{.&[10:]}|aoo[10:])}
            & (
                <> ~Drawdown&~Drawup&~Since{Min}&~Since{Max}
                | Drawdown[5:,10:,20:, 10:5,20:10]
                | Since{Min&index[0]}
              )
            & Since[21:,125:,250:]
          )
        | (
            <> Volatility[60:]
            | Volatility[20:]
            & (
                | Drawdown[20:]
                | Since{Max & index[0,20]}
                | Drawup[1:, 20:10]
              )
            & Since[21:,125:,250:]
          )
      )
    |
        <>Return{pure&~dd} & VP[10:,20:]
        | FracRec[21:,125:,250:]
    |
        <>AssetEnc{InUni}
    |
        Time{long | short}
    
len(samps) = 12
[[2010.0, 2010.25], [2010.5, 2010.75], [2011.0, 2011.25], [2011.5, 2011.75], [2012.0, 2012.25], [2012.5, 2012.75], [2013.0, 2013.25], [2013.5, 2013.75], [2014.0, 2014.25], [2014.5, 2014.75], [2015.0, 2015.25], []]
>>>  k = 0 ---------------------------------------------------------------------------------------------------
{'learning_rate': 0.05, 'max_depth': -1, 'num_leaves': 4096, 'num_iterations': 500}
{'min_data_in_leaf': 120, 'min_sum_hessian_in_leaf': 100, 'lambda_l1': 0, 'lambda_l2': 0}
<<<RESULTS>>>: walk 2 <TryItVP5>
nbest = 421
train = [1.3355781707748928, 1.3342965514847538, 1.3626662374586436, 1.330502629383199, 1.323385037683548, 1.3508376807866016, 1.3429083468357126, 1.3352967811240948, 1.3606736157300652, 1.3502938652888266, 1.3694745713124883, 1.3581796354916706]
scores = [0.5733701960243296, 0.3669436683356763, 0.8201571074802667, 0.4840901108088872, 0.8522495810215557, 0.6114129253682602, 1.0835783731533357, 0.8615593532775884, 0.639263343407632, 0.553448077836432, 0.5242099058403303, 1.3581796354916706]
score = 0.6249424906097033
holdout = [[0.7460864433122418, 0.7321154301618856, 0.49605617396303275], [0.7762447926082475, 0.805822336853967, 0.4645524880116786], [0.7758444713813264, 0.7931317636879573, 0.4564320038655524], [0.652562455184385, 0.8591626377140591, 0.5090118263170778], [0.7642469878903804, 0.8583570529825068, 0.5124567347855556], [0.8368496538733696, 0.7624484714321172, 0.4541056659688229], [0.7504914712624522, 0.7877376800941505, 0.49249256041049944], [0.7600193721706539, 0.8024165076674918, 0.48555722638681403], [0.7677298103541705, 0.7916973219600252, 0.5322249600167337], [0.6381049256023326, 0.781700943059208, 0.5198163840248518], [0.7548515049043378, 0.7420998462662564, 0.5236193815628319], [0.750804227574137, 0.82083865720716, 0.5139828592861633]]
>>> t = 3 ===================================================================================================
setup_training %%%%%%%%%%%%%%%%%%%%%%%%%%%%%%%%%%%%%%%%%%%%
len(feats) = 148
<TryItHalfYear>
    <>~Market & (
        <>Return{.&pure&~digit&~TEN} & ~Since & Return{.&
            <>(oo|aoo|doo|doc|daoc|vp1dd)
            & index[0,1,2]
          }
        | Return{.&pure&~index} & ~Since & Return{.&
            <>(oo|aoo|vp1dd)
            & [5:,10:,15:,10:5,15:10,20:15,15:5,20:10,20:5]
          }
        | (
            <>Return{(oo{.&[1:]}|aoo[1:]|oo{.&[10:]}|aoo[10:])}
            & (
                <> ~Drawdown&~Drawup&~Since{Min}&~Since{Max}
                | Drawdown[5:,10:,20:, 10:5,20:10]
                | Since{Min&index[0]}
              )
            & Since[21:,62:,125:]
          )
        | (
            <> Volatility[60:]
            | Volatility[20:]
            & (
                | Drawdown[20:]
                | Since{Max & index[0,20]}
                | Drawup[1:, 20:10]
              )
            & Since[21:,62:,125:]
          )
      )
    |
        <>Return{pure&~dd} & VP[10:,20:]
        | FracRec[21:,62:,125:]
    |
        <>AssetEnc{InUni}
    |
        Time{long | short}
    
len(samps) = 12
[[2010.0, 2010.25], [2010.5, 2010.75], [2011.0, 2011.25], [2011.5, 2011.75], [2012.0, 2012.25], [2012.5, 2012.75], [2013.0, 2013.25], [2013.5, 2013.75], [2014.0, 2014.25], [2014.5, 2014.75], [2015.0, 2015.25], []]
>>>  k = 0 ---------------------------------------------------------------------------------------------------
{'learning_rate': 0.05, 'max_depth': -1, 'num_leaves': 4096, 'num_iterations': 500}
{'min_data_in_leaf': 120, 'min_sum_hessian_in_leaf': 100, 'lambda_l1': 0, 'lambda_l2': 0}
<<<RESULTS>>>: walk 3 <TryItHalfYear>
nbest = 437
train = [1.2829419407070632, 1.2944077997524954, 1.3156863354030532, 1.2838953012227934, 1.282161869306395, 1.3059823060294593, 1.299771633145904, 1.3049068613877706, 1.3142442110105195, 1.3044156022290108, 1.3136912198223416, 1.3071174757237434]
scores = [0.56067518874737, 0.3062749195109616, 0.7756854301684436, 0.4828801430339463, 0.7288925318064452, 0.602214278369093, 0.8721700155273461, 0.881176216657562, 0.6625479242316902, 0.5331475538404888, 0.400336145128614, 1.3071174757237434]
score = 0.5851998427924543
holdout = [[0.7312432902967569, 0.723775109954327, 0.46612339599410035], [0.7520846573995481, 0.7506814010180147, 0.4177765683607669], [0.7009471535007352, 0.7354185106418242, 0.4306999173634919], [0.5868948587250991, 0.8186914432207449, 0.5089258726198177], [0.7049074281307162, 0.7754061357305794, 0.4902990787868341], [0.7841971596962012, 0.7267180541808971, 0.45771660183251955], [0.7021238058271791, 0.7039847930698642, 0.4963322395227109], [0.7156001695181522, 0.7306481087685938, 0.4634792511367792], [0.7291000143084054, 0.796327531716995, 0.5214488941309732], [0.593381528790804, 0.7226241152250029, 0.48602828785900637], [0.6929395204561375, 0.6709897745666026, 0.48617487450678837], [0.7254383274359956, 0.7816548561157698, 0.484092822057653]]
>>> t = 4 ===================================================================================================
setup_training %%%%%%%%%%%%%%%%%%%%%%%%%%%%%%%%%%%%%%%%%%%%
len(feats) = 161
<TryMoreStandard>
    <>~Market & (
        <>Return{.&pure&~digit&~TEN} & ~Since & Return{.&
            <>(oo|aoo|doo|doc|daoc|vp1dd)
            & index[0,1,2]
          }
        | Return{.&pure&~index} & ~Since & Return{.&
            <>(oo|aoo|vp1dd)
            & [5:,10:,15:,10:5,15:10,20:15,15:5,20:10,20:5]
          }
        | (
            <>Return{(oo{.&[1:]}|aoo[1:]|oo{.&[10:]}|aoo[10:])}
            & (
                <> ~Drawdown&~Drawup&~Since{Min}&~Since{Max}
                | Drawdown[5:,10:,20:, 10:5,20:10]
                | Since{Min&index[0]}
              )
            & Since[21:,62:,125:,250:]
          )
      )
    |
        <>Return{pure&~dd} & VP[10:,20:]
        | FracRec[21:,62:,125:,250:]
    |
        <>AssetEnc{InUni}
    |
        Time{long | short}
    
len(samps) = 12
[[2010.0, 2010.25], [2010.5, 2010.75], [2011.0, 2011.25], [2011.5, 2011.75], [2012.0, 2012.25], [2012.5, 2012.75], [2013.0, 2013.25], [2013.5, 2013.75], [2014.0, 2014.25], [2014.5, 2014.75], [2015.0, 2015.25], []]
>>>  k = 0 ---------------------------------------------------------------------------------------------------
{'learning_rate': 0.05, 'max_depth': -1, 'num_leaves': 4096, 'num_iterations': 500}
{'min_data_in_leaf': 120, 'min_sum_hessian_in_leaf': 100, 'lambda_l1': 0, 'lambda_l2': 0}
<<<RESULTS>>>: walk 4 <TryMoreStandard>
nbest = 275
train = [1.2107302896015242, 1.2137040344651195, 1.2361626503629515, 1.2040793959406426, 1.1766192187852293, 1.2258692767714718, 1.2142924884801125, 1.2238530066677766, 1.2326785687810233, 1.2206542040392807, 1.2321257130118688, 1.2241291662793612]
scores = [0.5666327848030055, 0.38003962179135004, 0.8184855602345009, 0.4885783747715951, 0.8241482361962426, 0.6372519507088296, 0.9782638787550075, 0.8473483866806872, 0.6234254120364854, 0.4776170244010274, 0.5250482096102095, 1.2241291662793612]
score = 0.6112062769187826
holdout = [[0.6703477592236968, 0.7189501516697983, 0.5010634501532776], [0.7009007093757817, 0.7837291085675893, 0.4489286487382667], [0.7071986336506261, 0.7471621887650907, 0.44124193634933107], [0.6152122675731627, 0.8191182871146168, 0.5032245568007384], [0.691388353589116, 0.7889524563900117, 0.5035682890630025], [0.8096146005429928, 0.7174052975325659, 0.4577135969200796], [0.68584000639278, 0.7706368575844659, 0.488386495955342], [0.657213546053043, 0.7558769778298257, 0.4648970443952567], [0.6832841467866465, 0.7176305477818853, 0.5150254758076802], [0.6302026414422174, 0.7508323858511301, 0.5108495125572337], [0.6829126835571958, 0.7001036709081688, 0.5269468009576818], [0.6712339938475195, 0.7637884677549684, 0.49835055509482357]]
>>> t = 5 ===================================================================================================
setup_training %%%%%%%%%%%%%%%%%%%%%%%%%%%%%%%%%%%%%%%%%%%%
len(feats) = 55
<s20>    <>~Market & (
        | Return{.&pure&~index} & ~Since & Return{.&
            <>(oo|aoo|vp1dd|Volatility)
            & [15:,6:3,9:6,12:9,12:6,18:12,18:9,21:12,18:6,21:9,18:3,21:6,21:3]
          }
        | (
            <>Return{(oo{.&[10:]}|doo[10:])}
            & (
                | Drawdown[ 5:,10:,20:]
                | Since{Max&index[0,5]}
                | Since{Min&index[0,5]}
              )
            & Since[21:, 62:, 250:]
          )
        | (
            <> Volatility[ 60:]
            | Volatility[10:, 20:]
            & (
                | Since{Max & index[0,5]}
                | Since{Min & index[10]}
              )
            & Since[ 250:]
          )
      )
    |
        <>Return{pure&~dd} & VP[60:]
        | FracRec[21:]
    |
        Time{long}
len(samps) = 12
[[2010.0, 2010.25], [2010.5, 2010.75], [2011.0, 2011.25], [2011.5, 2011.75], [2012.0, 2012.25], [2012.5, 2012.75], [2013.0, 2013.25], [2013.5, 2013.75], [2014.0, 2014.25], [2014.5, 2014.75], [2015.0, 2015.25], []]
>>>  k = 0 ---------------------------------------------------------------------------------------------------
{'learning_rate': 0.05, 'max_depth': -1, 'num_leaves': 4096, 'num_iterations': 500}
{'min_data_in_leaf': 120, 'min_sum_hessian_in_leaf': 100, 'lambda_l1': 0, 'lambda_l2': 0}
<<<RESULTS>>>: walk 5 <s20>
nbest = 43
train = [0.8712362466764927, 0.8614199597815917, 0.8779147568006052, 0.8600770769400832, 0.8359572583810997, 0.8596318895368176, 0.8480260956504468, 0.8709149320128314, 0.8770235573981551, 0.875255994062862, 0.8891454067033228, 0.859212769214143]
scores = [0.589586176553323, 0.39298392906436314, 0.7098176689786956, 0.4428820175123921, 0.8933121316869302, 0.6167262498968434, 1.0309178163780242, 0.7418885007541778, 0.463481849175997, 0.5718828337607985, 0.3482939362152903, 0.859212769214143]
score = 0.5869876972337572
holdout = [[0.5403640504026237, 0.5464890990910507, 0.4195696333427058], [0.6794273486755987, 0.6089765239837353, 0.326031961374925], [0.5825668409998976, 0.6448479393046808, 0.3213998535499943], [0.5286722166715657, 0.593335040920396, 0.4429050693583949], [0.5333877218341851, 0.8099260248234079, 0.40940686458855774], [0.5695483389212442, 0.5951240366278143, 0.38310362457665653], [0.5658289839987074, 0.5517786177978666, 0.45582367463029194], [0.5882688250630516, 0.5836357165084839, 0.4056484246748749], [0.5895707431323148, 0.5613698937256036, 0.4135865482213042], [0.45693176564385085, 0.660518975353483, 0.40786563165694295], [0.4974447003756918, 0.6497173317782959, 0.4151389783161], [0.5936573951784337, 0.6129279606869248, 0.42553428127953585]]
>>> t = 6 ===================================================================================================
setup_training %%%%%%%%%%%%%%%%%%%%%%%%%%%%%%%%%%%%%%%%%%%%
len(feats) = 89
<s21>    <>~Market & (
        <>Return{.&pure&~digit&~TEN} & ~Since & Return{.&
            <>(vp1dd)
            & index[0,2, 0:1]
          }
        | Return{.&pure&~index} & ~Since & Return{.&
            <>(doo|vp5dd|Volatility)
            & [5:,15:,10:5,15:10,20:15,15:5,20:5]
          }
        | (
            <>Return{(oo{.&[1:]}|aoo[1:]|oo{.&[10:]})}
            & (
                <> ~Drawdown&~Drawup&~Since{Min}&~Since{Max}
                | Drawdown[1:,10:,20:]
                | Since{Max&index[0,10]}
                | Since{Min&index[0,20]}
              )
            & Since[21:, 125:, 250:]
          )
      )
    | Market{.&
        <>(~Weight)
        & (Return| Volatility)
        & [20:,60:]
      }
    |
        | FracRec[21:,125:,250:]
    |
len(samps) = 12
[[2010.0, 2010.25], [2010.5, 2010.75], [2011.0, 2011.25], [2011.5, 2011.75], [2012.0, 2012.25], [2012.5, 2012.75], [2013.0, 2013.25], [2013.5, 2013.75], [2014.0, 2014.25], [2014.5, 2014.75], [2015.0, 2015.25], []]
>>>  k = 0 ---------------------------------------------------------------------------------------------------
{'learning_rate': 0.05, 'max_depth': -1, 'num_leaves': 4096, 'num_iterations': 500}
{'min_data_in_leaf': 120, 'min_sum_hessian_in_leaf': 100, 'lambda_l1': 0, 'lambda_l2': 0}
<<<RESULTS>>>: walk 6 <s21>
nbest = 52
train = [0.9727909213356812, 0.9867629480416948, 1.0021692184839441, 0.9741691760272498, 0.9543677115129058, 0.9941649686992435, 0.9768663500116644, 0.9768847961773512, 1.0041255795998247, 0.9737312170535233, 0.98878600923495, 0.9841201551733183]
scores = [0.5192466991800784, 0.710406841166062, 0.831959600101187, 0.3837609755848039, 1.1342172072846617, 0.5283690148226873, 0.8450304693714209, 0.8899397408682285, 0.5108801339210846, 0.6868527525953925, 0.3631057225326886, 0.9841201551733183]
score = 0.6406036549074681
holdout = [[0.5379168868256571, 0.6097786028316806, 0.400732421355375], [0.5371993416829641, 0.7371901945275677, 0.3382437309860161], [0.4494418650251321, 0.6300606756771335, 0.36062952018995065], [0.43040237306096263, 0.5445017918598107, 0.37438717727261406], [0.4336397510590352, 0.5434808346348148, 0.377156004339292], [0.4345342323840222, 0.5621668831060267, 0.35109755366745593], [0.430276644661443, 0.5972600942839406, 0.40712174403876106], [0.48082473867369613, 0.6257277025986917, 0.33863109112861656], [0.47299763792631244, 0.6344455855901007, 0.31476131126418055], [0.4061794561494955, 0.558120045492998, 0.3608297308192383], [0.41615631290376875, 0.6150314113276623, 0.35813683266015217], [0.4622548207988543, 0.5873064476531152, 0.3679682921500985]]
>>> t = 7 ===================================================================================================
setup_training %%%%%%%%%%%%%%%%%%%%%%%%%%%%%%%%%%%%%%%%%%%%
len(feats) = 42
<s22>    <>~Market & (
        | Return{.&pure&~index} & ~Since & Return{.&
            <>(oo|aoo|doo|vp1dd|vp5dd)
            & [10:,10:5,15:10,15:5,20:5]
          }
        | (
            <>Return{(oo{.&[1:]})}
            & (
                | Drawdown[10:,20:10]
                | Since{Max&index[20]}
                | Since{Min&index[20]}
              )
            & Since[21:, 250:]
          )
        | (
            <>Return{dd} & VP[ 5:, 10:]
            & (
                | Drawdown[1:]
                | Since{Max & index[0]}
                | Since{Min & index[0]}
              )
            & Since[21:, 250:]
          )
      )
    |
        Time{long| short}
len(samps) = 12
[[2010.0, 2010.25], [2010.5, 2010.75], [2011.0, 2011.25], [2011.5, 2011.75], [2012.0, 2012.25], [2012.5, 2012.75], [2013.0, 2013.25], [2013.5, 2013.75], [2014.0, 2014.25], [2014.5, 2014.75], [2015.0, 2015.25], []]
>>>  k = 0 ---------------------------------------------------------------------------------------------------
{'learning_rate': 0.05, 'max_depth': -1, 'num_leaves': 4096, 'num_iterations': 500}
{'min_data_in_leaf': 120, 'min_sum_hessian_in_leaf': 100, 'lambda_l1': 0, 'lambda_l2': 0}
<<<RESULTS>>>: walk 7 <s22>
nbest = 76
train = [0.9427580725651643, 0.9503634541409189, 0.954649488484962, 0.9420395463437153, 0.9043528582436551, 0.9443687052908594, 0.9368401856885508, 0.938942646398305, 0.968457971898776, 0.9629744600890834, 0.95344288164735, 0.9477878980984291]
scores = [0.6796066807352472, 0.4644383219226422, 0.7525245718031756, 0.46927066286841457, 0.7371004909282372, 0.6276003725110779, 0.9668310621360482, 0.8671192374486979, 0.6216753494976494, 0.5257051185788946, 0.47965194729118027, 0.9477878980984291]
score = 0.6131395259612811
holdout = [[0.6446875386043388, 0.7764097465092709, 0.39371584748882127], [0.6998524342651877, 0.8376852304076655, 0.28417160873680203], [0.6776274431041692, 0.8503041539886073, 0.3255998267297724], [0.6488401487100838, 0.9322450895640934, 0.4163903054203968], [0.6704710801385951, 0.8796575456430149, 0.38658758110458424], [0.7310831291360735, 0.8389772800309325, 0.36384339740563376], [0.6356299264277155, 0.7885062232432076, 0.39577334672045733], [0.6249850394308446, 0.831383831796364, 0.39335637268017765], [0.6487331193979811, 0.8074432917223847, 0.3987883852845584], [0.5879619593946279, 0.8570030396201915, 0.39675646238676165], [0.6099420158598184, 0.8741077334799136, 0.3837360855657374], [0.6517131597599152, 0.8770574180778158, 0.39066899657009]]
>>> t = 8 ===================================================================================================
setup_training %%%%%%%%%%%%%%%%%%%%%%%%%%%%%%%%%%%%%%%%%%%%
len(feats) = 42
<s23>    <>~Market & (
        | Return{.&pure&~index} & ~Since & Return{.&
            <>(oo|aoo|doo|vp1dd|vp5dd)
            & [10:,10:5,15:10,15:5,20:5]
          }
        | (
            <>Return{(oo{.&[1:]})}
            & (
                | Drawdown[10:,20:10]
                | Since{Max&index[20]}
                | Since{Min&index[20]}
              )
            & Since[21:, 250:]
          )
        | (
            <>Return{dd} & VP[ 5:, 10:]
            & (
                | Drawdown[1:]
                | Since{Max & index[0]}
                | Since{Min & index[0]}
              )
            & Since[21:, 250:]
          )
      )
    |
        Time{long| short}
len(samps) = 12
[[2010.0, 2010.25], [2010.5, 2010.75], [2011.0, 2011.25], [2011.5, 2011.75], [2012.0, 2012.25], [2012.5, 2012.75], [2013.0, 2013.25], [2013.5, 2013.75], [2014.0, 2014.25], [2014.5, 2014.75], [2015.0, 2015.25], []]
>>>  k = 0 ---------------------------------------------------------------------------------------------------
{'learning_rate': 0.05, 'max_depth': -1, 'num_leaves': 4096, 'num_iterations': 500}
{'min_data_in_leaf': 120, 'min_sum_hessian_in_leaf': 100, 'lambda_l1': 0, 'lambda_l2': 0}
<<<RESULTS>>>: walk 8 <s23>
nbest = 76
train = [0.9427580725651643, 0.9503634541409189, 0.954649488484962, 0.9420395463437153, 0.9043528582436551, 0.9443687052908594, 0.9368401856885508, 0.938942646398305, 0.968457971898776, 0.9629744600890834, 0.95344288164735, 0.9477878980984291]
scores = [0.6796066807352472, 0.4644383219226422, 0.7525245718031756, 0.46927066286841457, 0.7371004909282372, 0.6276003725110779, 0.9668310621360482, 0.8671192374486979, 0.6216753494976494, 0.5257051185788946, 0.47965194729118027, 0.9477878980984291]
score = 0.6131395259612811
holdout = [[0.6446875386043388, 0.7764097465092709, 0.39371584748882127], [0.6998524342651877, 0.8376852304076655, 0.28417160873680203], [0.6776274431041692, 0.8503041539886073, 0.3255998267297724], [0.6488401487100838, 0.9322450895640934, 0.4163903054203968], [0.6704710801385951, 0.8796575456430149, 0.38658758110458424], [0.7310831291360735, 0.8389772800309325, 0.36384339740563376], [0.6356299264277155, 0.7885062232432076, 0.39577334672045733], [0.6249850394308446, 0.831383831796364, 0.39335637268017765], [0.6487331193979811, 0.8074432917223847, 0.3987883852845584], [0.5879619593946279, 0.8570030396201915, 0.39675646238676165], [0.6099420158598184, 0.8741077334799136, 0.3837360855657374], [0.6517131597599152, 0.8770574180778158, 0.39066899657009]]
>>> t = 9 ===================================================================================================
setup_training %%%%%%%%%%%%%%%%%%%%%%%%%%%%%%%%%%%%%%%%%%%%
len(feats) = 37
<s24>    <>~Market & (
        <>Return{.&pure&~digit&~TEN} & ~Since & Return{.&
            <>(oo|daoc)
            & index[0,1,2, 0:1,0:2]
          }
        | Return{.&pure&~index} & ~Since & Return{.&
            <>(oo|doo)
            & [10:,15:,20:15,15:5,20:10,20:5]
          }
        | (
            <>Return{(oo{.&[1:]}|oo{.&[10:]}|doo[10:])}
            & (
                | Drawdown[ 5:,20:10]
                | Since{Min&index[0]}
              )
            & Since[21:]
          )
        | (
            <>Return{dd} & VP[1:, 5:]
            & (
                | Since{Max & index[0,10]}
                | Since{Min & index[0]}
              )
            & Since[21:]
          )
      )
    |
        <>AssetEnc{InUni}
len(samps) = 12
[[2010.0, 2010.25], [2010.5, 2010.75], [2011.0, 2011.25], [2011.5, 2011.75], [2012.0, 2012.25], [2012.5, 2012.75], [2013.0, 2013.25], [2013.5, 2013.75], [2014.0, 2014.25], [2014.5, 2014.75], [2015.0, 2015.25], []]
>>>  k = 0 ---------------------------------------------------------------------------------------------------
{'learning_rate': 0.05, 'max_depth': -1, 'num_leaves': 4096, 'num_iterations': 500}
{'min_data_in_leaf': 120, 'min_sum_hessian_in_leaf': 100, 'lambda_l1': 0, 'lambda_l2': 0}
<<<RESULTS>>>: walk 9 <s24>
nbest = 88
train = [0.7475228579626936, 0.7560546193422286, 0.7605800300347771, 0.7248354603974958, 0.7376782413281479, 0.7520927819885146, 0.7490473386233834, 0.755432441778731, 0.7711096717141884, 0.7644956442999754, 0.7863500579488363, 0.760198598064766]
scores = [0.6630586513338694, 0.6328635110943082, 0.6658197085808881, 0.4825968355426706, 0.7071083149412829, 0.6752293217619845, 0.7486821060998825, 0.8604546364062154, 0.6237045109332406, 0.5809975306564732, 0.3075370130326658, 0.760198598064766]
score = 0.6062286699154976
holdout = [[0.4988845395500651, 0.7104565408153793, 0.4151768877453533], [0.4944937742302486, 0.6974848731590749, 0.4082777682949775], [0.48579554228632343, 0.7041566820337236, 0.41384407547750995], [0.5107211317068662, 0.7646899842631325, 0.4358491043680487], [0.4542258049705899, 0.7063607662509324, 0.4162142831087267], [0.4809588877258106, 0.7070091599595152, 0.4266660089569534], [0.44629054157580156, 0.7041214423358437, 0.4529889094041611], [0.5111918729890008, 0.7500960800502574, 0.4353523868733836], [0.5061972541291552, 0.7249162386678163, 0.4226570800161292], [0.45913875585008784, 0.7506784037637242, 0.4565883453436401], [0.49683836267969295, 0.7357318861456044, 0.4257834477074102], [0.4811094392903493, 0.7210459778722792, 0.42554168759358696]]
>>> t = 10 ===================================================================================================
setup_training %%%%%%%%%%%%%%%%%%%%%%%%%%%%%%%%%%%%%%%%%%%%
len(feats) = 64
<s00>    <>~Market & (
        <>Return{.&pure&~digit&~TEN} & ~Since & Return{.&
            <>(oo|cc|aoo|acc|doo|vp1dd)
            & index[0,1,2, 0:1,0:2]
          }
        | Return{.&pure&~index} & ~Since & Return{.&
            <>(oo|aoo|vp1dd)
            & [5:,10:,15:,15:10,20:15,15:5,20:10]
          }
        | (
            <>Return{(oo{.&[1:]})}
            & (
                | Drawdown[10:,20:]
                | Since{Max&index[10,20]}
                | Drawup[1:]
                | Since{Min&index[0,5]}
              )
            & Since[ 62:, 250:]
          )
        | (
            <> Volatility[ 60:]
            | Volatility[ 20:]
            & (
                | Since{Max & index[0,5]}
                | Drawup[ 10:5,20:10]
                | Since{Min & index[20]}
              )
            & Since[ 62:, 250:]
          )
      )
    |
        <>Return{pure&~dd} & VP[10:]
    |
len(samps) = 12
[[2010.0, 2010.25], [2010.5, 2010.75], [2011.0, 2011.25], [2011.5, 2011.75], [2012.0, 2012.25], [2012.5, 2012.75], [2013.0, 2013.25], [2013.5, 2013.75], [2014.0, 2014.25], [2014.5, 2014.75], [2015.0, 2015.25], []]
>>>  k = 0 ---------------------------------------------------------------------------------------------------
{'learning_rate': 0.05, 'max_depth': -1, 'num_leaves': 4096, 'num_iterations': 500}
{'min_data_in_leaf': 120, 'min_sum_hessian_in_leaf': 100, 'lambda_l1': 0, 'lambda_l2': 0}
<<<RESULTS>>>: walk 10 <s00>
nbest = 391
train = [1.1964670513090483, 1.1886720054516615, 1.201541677911814, 1.1930616133255887, 1.1510556094840314, 1.1938258140917253, 1.1785592994497749, 1.1906228427274703, 1.2268577280553543, 1.2159167847675036, 1.2051600617875018, 1.2043229077602313]
scores = [0.5594143343261585, 0.633832087363817, 0.7791934930771812, 0.384258945174343, 1.0125038014129568, 0.6492335213672655, 0.888757169421539, 0.8552140357803397, 0.6090155755115783, 0.6548762830157822, 0.4507089660063733, 1.2043229077602313]
score = 0.6447794023492911
holdout = [[0.6297315963058688, 0.819725121598098, 0.40109482779863154], [0.6494551342877832, 0.835953691363805, 0.3933540630900623], [0.6114719484394492, 0.8157301130099405, 0.3991543978169951], [0.6133179068628131, 0.8966085481238839, 0.41253472428952465], [0.5689165063372084, 0.8160132656281857, 0.423451472199254], [0.6398674671813744, 0.8163700266129029, 0.40101252529730413], [0.5903627290162212, 0.8291652461377913, 0.41781368393807145], [0.6381102689169361, 0.8736792733880359, 0.4138712933554352], [0.6293499357712645, 0.8016499225549347, 0.39623623557663984], [0.5407835240253578, 0.8216270122131063, 0.4224519561268805], [0.5900556432326554, 0.8168946821741613, 0.4419650333944736], [0.6229886409277465, 0.847460967110662, 0.4112123426964074]]
>>> t = 11 ===================================================================================================
setup_training %%%%%%%%%%%%%%%%%%%%%%%%%%%%%%%%%%%%%%%%%%%%
len(feats) = 54
<s01>    <>~Market & (
        <>Return{.&pure&~digit&~TEN} & ~Since & Return{.&
            <>(oo|cc|vp1dd)
            & index[1,2, 0:1,1:2,0:2]
          }
        | Return{.&pure&~index} & ~Since & Return{.&
            <>(oo|aoo|vp1dd)
            & [10:,15:,10:5,20:15,15:5,20:10]
          }
        | (
            <>Return{(oo{.&[1:]}|oo{.&[10:]})}
            & (
                | Drawdown[10:,20:, 10:5]
                | Since{Min&index[0]}
              )
            & Since[21:, 125:, 250:]
          )
      )
    |
        <>AssetEnc{InUni}
        | AssetEnc{Code}
len(samps) = 12
[[2010.0, 2010.25], [2010.5, 2010.75], [2011.0, 2011.25], [2011.5, 2011.75], [2012.0, 2012.25], [2012.5, 2012.75], [2013.0, 2013.25], [2013.5, 2013.75], [2014.0, 2014.25], [2014.5, 2014.75], [2015.0, 2015.25], []]
>>>  k = 0 ---------------------------------------------------------------------------------------------------
{'learning_rate': 0.05, 'max_depth': -1, 'num_leaves': 4096, 'num_iterations': 500}
{'min_data_in_leaf': 120, 'min_sum_hessian_in_leaf': 100, 'lambda_l1': 0, 'lambda_l2': 0}
<<<RESULTS>>>: walk 11 <s01>
nbest = 211
train = [0.9916554863975067, 0.9963680650299046, 1.008247434714787, 0.9766510578639447, 0.9494263882360131, 0.9984495862191701, 0.9867566104553317, 0.9984935122152021, 1.0220940798811597, 1.0135162379274953, 1.0032061926567384, 1.0010956971426155]
scores = [0.5843898353051238, 0.6034881664453414, 0.7939441767745744, 0.49783897248407105, 0.9044238651928184, 0.5957147427217899, 0.7938851562859404, 0.8380264481670436, 0.5476966643661734, 0.5931908275198229, 0.526532240245194, 1.0010956971426155]
score = 0.6424927132288868
holdout = [[0.6377982045146878, 0.6802845010317513, 0.32435206067583217], [0.5786984204774666, 0.6896198072286533, 0.31349329786329927], [0.544471989054237, 0.6916132510169118, 0.3228038246403079], [0.5525826960849157, 0.7366324726892625, 0.36675355965007667], [0.5413347782049994, 0.6871369990409297, 0.349951459531256], [0.5610304633765886, 0.6769678587867908, 0.3190297453736775], [0.5213895452423841, 0.6833564466440346, 0.34780622236670394], [0.5729691472213571, 0.7124424455597854, 0.32424768394571185], [0.565194254286696, 0.6810780814419818, 0.31403989238478797], [0.48297302312008494, 0.683394523547626, 0.3625836725936219], [0.5624616630027189, 0.6935676205270104, 0.3646349927575234], [0.5730186738917563, 0.7044654079195777, 0.33453898911871016]]
>>> t = 12 ===================================================================================================
setup_training %%%%%%%%%%%%%%%%%%%%%%%%%%%%%%%%%%%%%%%%%%%%
len(feats) = 47
<s02>    <>~Market & (
        <>Return{.&pure&~digit&~TEN} & ~Since & Return{.&
            <>(daoc|vp1dd)
            & index[0,1:2,0:2]
          }
        | Return{.&pure&~index} & ~Since & Return{.&
            <>(oo|aoo|vp1dd)
            & [6:,9:,12:,15:,12:9,18:12,15:6,15:3,18:6,21:9]
          }
        | (
            <>Return{(oo{.&[10:]})}
            & (
                <> ~Drawdown&~Drawup&~Since{Min}&~Since{Max}
                | Drawdown[1:, 5:,20:,20:10]
                | Since{Min&index[20]}
              )
            & Since[21:, 62:, 125:, 250:]
          )
      )
    |
        | FracRec[21:,62:,125:,250:]
    |
        Time{long| short}
len(samps) = 12
[[2010.0, 2010.25], [2010.5, 2010.75], [2011.0, 2011.25], [2011.5, 2011.75], [2012.0, 2012.25], [2012.5, 2012.75], [2013.0, 2013.25], [2013.5, 2013.75], [2014.0, 2014.25], [2014.5, 2014.75], [2015.0, 2015.25], []]
>>>  k = 0 ---------------------------------------------------------------------------------------------------
{'learning_rate': 0.05, 'max_depth': -1, 'num_leaves': 4096, 'num_iterations': 500}
{'min_data_in_leaf': 120, 'min_sum_hessian_in_leaf': 100, 'lambda_l1': 0, 'lambda_l2': 0}
<<<RESULTS>>>: walk 12 <s02>
nbest = 72
train = [0.9060080169519426, 0.9095977817416053, 0.9232843451267487, 0.8896473857589368, 0.866489571936227, 0.9107218350132953, 0.9036287031852158, 0.9125136021102225, 0.9309927726372182, 0.9309127792195833, 0.8976176115027779, 0.9034784212325441]
scores = [0.5277198352193132, 0.39800656456256467, 0.780563244463737, 0.4794357967699318, 0.7950853750245126, 0.6595739954931145, 0.8705445961925722, 0.8309937020056629, 0.5890175406418292, 0.4630941297790878, 0.5921391210740862, 0.9034784212325441]
score = 0.5956793590511039
holdout = [[0.6906152913861653, 0.6465232451984791, 0.3247328669323047], [0.7250493411135588, 0.6602711659305505, 0.25155888913538366], [0.6581543753214972, 0.6908773889162857, 0.25936759122419], [0.661888274555172, 0.751424580865176, 0.34585515796486277], [0.6624033335009125, 0.7549139301338076, 0.3074594537014536], [0.7158846924495008, 0.6651084760766968, 0.3158852347665846], [0.6832773331971491, 0.6187241299828187, 0.32615381082000977], [0.6065478676377816, 0.683417378747367, 0.29844588137922345], [0.672306187917382, 0.6412449693971832, 0.3394934983361582], [0.5938006495061522, 0.6460714698637505, 0.3248050929337833], [0.6665105600183955, 0.6527977035802626, 0.31177116209541095], [0.6673011561816077, 0.6815791225146145, 0.30279294957549796]]
>>> t = 13 ===================================================================================================
setup_training %%%%%%%%%%%%%%%%%%%%%%%%%%%%%%%%%%%%%%%%%%%%
len(feats) = 54
<s03>    <>~Market & (
        <>Return{.&pure&~digit&~TEN} & ~Since & Return{.&
            <>(oo|cc|vp1dd)
            & index[1,2, 0:1,1:2,0:2]
          }
        | Return{.&pure&~index} & ~Since & Return{.&
            <>(oo|aoo|vp1dd)
            & [10:,15:,10:5,20:15,15:5,20:10]
          }
        | (
            <>Return{(oo{.&[1:]}|oo{.&[10:]})}
            & (
                | Drawdown[10:,20:, 10:5]
                | Since{Min&index[0]}
              )
            & Since[21:, 125:, 250:]
          )
      )
    |
        <>AssetEnc{InUni}
        | AssetEnc{Code}
len(samps) = 12
[[2010.0, 2010.25], [2010.5, 2010.75], [2011.0, 2011.25], [2011.5, 2011.75], [2012.0, 2012.25], [2012.5, 2012.75], [2013.0, 2013.25], [2013.5, 2013.75], [2014.0, 2014.25], [2014.5, 2014.75], [2015.0, 2015.25], []]
>>>  k = 0 ---------------------------------------------------------------------------------------------------
{'learning_rate': 0.05, 'max_depth': -1, 'num_leaves': 4096, 'num_iterations': 500}
{'min_data_in_leaf': 120, 'min_sum_hessian_in_leaf': 100, 'lambda_l1': 0, 'lambda_l2': 0}
<<<RESULTS>>>: walk 13 <s03>
nbest = 211
train = [0.9916554863975067, 0.9963680650299046, 1.008247434714787, 0.9766510578639447, 0.9494263882360131, 0.9984495862191701, 0.9867566104553317, 0.9984935122152021, 1.0220940798811597, 1.0135162379274953, 1.0032061926567384, 1.0010956971426155]
scores = [0.5843898353051238, 0.6034881664453414, 0.7939441767745744, 0.49783897248407105, 0.9044238651928184, 0.5957147427217899, 0.7938851562859404, 0.8380264481670436, 0.5476966643661734, 0.5931908275198229, 0.526532240245194, 1.0010956971426155]
score = 0.6424927132288868
holdout = [[0.6377982045146878, 0.6802845010317513, 0.32435206067583217], [0.5786984204774666, 0.6896198072286533, 0.31349329786329927], [0.544471989054237, 0.6916132510169118, 0.3228038246403079], [0.5525826960849157, 0.7366324726892625, 0.36675355965007667], [0.5413347782049994, 0.6871369990409297, 0.349951459531256], [0.5610304633765886, 0.6769678587867908, 0.3190297453736775], [0.5213895452423841, 0.6833564466440346, 0.34780622236670394], [0.5729691472213571, 0.7124424455597854, 0.32424768394571185], [0.565194254286696, 0.6810780814419818, 0.31403989238478797], [0.48297302312008494, 0.683394523547626, 0.3625836725936219], [0.5624616630027189, 0.6935676205270104, 0.3646349927575234], [0.5730186738917563, 0.7044654079195777, 0.33453898911871016]]
>>> t = 14 ===================================================================================================
setup_training %%%%%%%%%%%%%%%%%%%%%%%%%%%%%%%%%%%%%%%%%%%%
len(feats) = 127
<s10>    <>~Market & (
        <>Return{.&pure&~digit&~TEN} & ~Since & Return{.&
            <>(oo|cc|dcc)
            & index[0,1,2, 0:1,1:2]
          }
        | (
            <>Return{(oo{.&[1:]}|oo{.&[10:]}|doo[10:])}
            & (
                <> ~Drawdown&~Drawup&~Since{Min}&~Since{Max}
                | Drawdown[1:, 5:,10:, 10:5]
                | Since{Max&index[0]}
                | Since{Min&index[0,5]}
              )
            & Since[21:, 125:, 250:]
          )
        | (
            <>Return{dd} & VP[1:, 5:, 10:]
            & (
                <> ~Drawdown&~Drawup&~Since{Min}&~Since{Max}
                | Since{Max & index[5]}
                | Drawup[20:10]
                | Since{Min & index[20]}
              )
            & Since[21:, 125:, 250:]
          )
        | (
            <> Volatility[ 60:]
            | Volatility[10:]
            & (
                | Since{Max & index[20]}
                | Since{Min & index[20]}
              )
            & Since[21:, 125:, 250:]
          )
      )
    |
        Time{long| short}
len(samps) = 12
[[2010.0, 2010.25], [2010.5, 2010.75], [2011.0, 2011.25], [2011.5, 2011.75], [2012.0, 2012.25], [2012.5, 2012.75], [2013.0, 2013.25], [2013.5, 2013.75], [2014.0, 2014.25], [2014.5, 2014.75], [2015.0, 2015.25], []]
>>>  k = 0 ---------------------------------------------------------------------------------------------------
{'learning_rate': 0.05, 'max_depth': -1, 'num_leaves': 4096, 'num_iterations': 500}
{'min_data_in_leaf': 120, 'min_sum_hessian_in_leaf': 100, 'lambda_l1': 0, 'lambda_l2': 0}
<<<RESULTS>>>: walk 14 <s10>
nbest = 83
train = [1.0290297541486835, 1.014483754765883, 1.0456056555222326, 1.0158419757256028, 0.9853660666469046, 1.02492256459735, 1.0138302193506101, 1.0310041122017786, 1.0433349261472025, 1.0245406398106514, 1.0357096663522414, 1.0223991930865601]
scores = [0.5543529172142808, 0.5176252899619402, 0.6816690387152402, 0.48519604623982837, 1.0049969111864627, 0.6648855290485061, 1.0521262244032465, 0.8549185869137037, 0.5669433412802128, 0.5869568721376005, 0.3914257045878923, 1.0223991930865601]
score = 0.6463919597295524
holdout = [[0.597563861392159, 0.4698660441423137, 0.4441624170116945], [0.7578061079504008, 0.5240748278901509, 0.321082813492152], [0.608398140378124, 0.5185588137094396, 0.39351721883630947], [0.5302656223501966, 0.5790242024476732, 0.46748974978315067], [0.601389622082872, 0.7357319901873779, 0.4314639059998063], [0.6837877271847758, 0.5405998547835275, 0.4277006303201513], [0.5462016406832552, 0.4878967351135946, 0.45719649234072246], [0.5805757669139653, 0.5241850585162996, 0.406549938899874], [0.6178770547579172, 0.4616260917474238, 0.4538381446439521], [0.49068437054559433, 0.4963471938404696, 0.43585548552221753], [0.526945954943726, 0.5181985495747855, 0.4441696438752888], [0.617130178459033, 0.5375416516159524, 0.45537113288551295]]
>>> t = 15 ===================================================================================================
setup_training %%%%%%%%%%%%%%%%%%%%%%%%%%%%%%%%%%%%%%%%%%%%
len(feats) = 114
<s11>    <>~Market & (
        <>Return{.&pure&~digit&~TEN} & ~Since & Return{.&
            <>(oo|cc|acc|doo|dcc|daoc)
            & index[0,1]
          }
        | Return{.&pure&~index} & ~Since & Return{.&
            <>(aoo|doo|vp1dd|vp5dd|Volatility)
            & [10:,10:5,15:5,20:5]
          }
        | (
            <>Return{(oo{.&[1:]}|oo{.&[10:]})}
            & (
                | Drawdown[1:,10:, 10:5,20:10]
                | Since{Max&index[10]}
                | Drawup[20:10]
                | Since{Min&index[0]}
              )
            & Since[21:, 62:, 125:, 250:]
          )
        | (
            <>Return{dd} & VP[1:, 10:]
            & (
                <> ~Drawdown&~Drawup&~Since{Min}&~Since{Max}
                | Since{Max & index[0]}
                | Since{Min & index[0]}
              )
            & Since[21:, 62:, 125:, 250:]
          )
      )
    |
        <>FaceValue{ Close}
        | Return{mix[1,3,5,6,7,8,9,11,12,13,14,18,19]}
        | Return{rr}
len(samps) = 12
[[2010.0, 2010.25], [2010.5, 2010.75], [2011.0, 2011.25], [2011.5, 2011.75], [2012.0, 2012.25], [2012.5, 2012.75], [2013.0, 2013.25], [2013.5, 2013.75], [2014.0, 2014.25], [2014.5, 2014.75], [2015.0, 2015.25], []]
>>>  k = 0 ---------------------------------------------------------------------------------------------------
{'learning_rate': 0.05, 'max_depth': -1, 'num_leaves': 4096, 'num_iterations': 500}
{'min_data_in_leaf': 120, 'min_sum_hessian_in_leaf': 100, 'lambda_l1': 0, 'lambda_l2': 0}
<<<RESULTS>>>: walk 15 <s11>
nbest = 216
train = [1.0586862476041043, 1.0633940458697502, 1.0769632386519405, 1.0565158379890518, 1.0245204459868227, 1.0692643959310733, 1.0613530507257725, 1.0699221487645096, 1.094041501394509, 1.0787810409725935, 1.0789881744354108, 1.0734024547110355]
scores = [0.5760084844694158, 0.5994170498954821, 0.7346344579664659, 0.4748098593853946, 0.9079477476765268, 0.6526685848257286, 0.8092720173827298, 0.8544228669336662, 0.5576190663463538, 0.6137173507631526, 0.417818600912203, 1.0734024547110355]
score = 0.6323201555161985
holdout = [[0.5832541899151067, 0.6456722597203537, 0.4425991405629235], [0.5612126852243908, 0.655400629434708, 0.4169919399358429], [0.54839358966405, 0.6303259555247361, 0.427473204808541], [0.5482660786031734, 0.6828286927378114, 0.4680917386988732], [0.5310552360361565, 0.7030699056197339, 0.44517257451825654], [0.566557316515424, 0.6198733052010433, 0.41825992163265774], [0.49759281622204027, 0.6288673969586721, 0.43648298602029256], [0.5553275051143703, 0.6161139024992707, 0.4239920613139575], [0.5464533588297735, 0.6070261927631407, 0.4209710443594431], [0.4774016163496652, 0.6331639679355043, 0.46442833155430363], [0.5167815694182334, 0.6520743470006796, 0.45311386925474534], [0.5457553544641517, 0.6456285384314572, 0.4373002585803098]]
>>> t = 16 ===================================================================================================
setup_training %%%%%%%%%%%%%%%%%%%%%%%%%%%%%%%%%%%%%%%%%%%%
len(feats) = 160
<IKGCoverTenDraw>
    <>~Market & (
        <>Return{.&pure&~digit&~TEN} & ~Since & Return{.&
            <>(oo|cc|aoo|acc|daoc)
            & index[0]
          }
        | Return{.&pure&~index} & ~Since & Return{.&
            <>(oo|aoo)
            & [5:,10:,15:,10:5,15:10,20:15,15:5,20:10,20:5]
          }
        | (
            <>Return{(oo{.&[1:]}|aoo[1:]|oo{.&[10:]}|aoo[10:])}
            & (
                <> ~Drawdown&~Drawup&~Since{Min}&~Since{Max}
                | Drawdown[1:, 5:,10:]
                | Since{Max&index[0]}
                | Since{Min&index[0,10]}
              )
            & Since[21:,62:,125:,250:]
          )
      )
    |
        <>AssetEnc{InUni}
        | AssetEnc{Code}
    |
        <>FaceValue{Volume}
        | Return{mix[1,2,3,4,5,6,7,8,9,11,12,13,14,15,16,17,18,19]}
        | Return{rr|af|it}
    
len(samps) = 12
[[2010.0, 2010.25], [2010.5, 2010.75], [2011.0, 2011.25], [2011.5, 2011.75], [2012.0, 2012.25], [2012.5, 2012.75], [2013.0, 2013.25], [2013.5, 2013.75], [2014.0, 2014.25], [2014.5, 2014.75], [2015.0, 2015.25], []]
>>>  k = 0 ---------------------------------------------------------------------------------------------------
{'learning_rate': 0.05, 'max_depth': -1, 'num_leaves': 4096, 'num_iterations': 500}
{'min_data_in_leaf': 120, 'min_sum_hessian_in_leaf': 100, 'lambda_l1': 0, 'lambda_l2': 0}
<<<RESULTS>>>: walk 16 <IKGCoverTenDraw>
nbest = 400
train = [1.2216186206070316, 1.2156308040158965, 1.2394351769084864, 1.2131150586779038, 1.1989042643430752, 1.2292788207197147, 1.2230031800855306, 1.2322062429187306, 1.26383395672579, 1.2475339665528553, 1.2455919169376735, 1.2381880775390093]
scores = [0.6127277480848637, 0.5903625841977377, 0.7794153460343108, 0.4356189419288095, 1.0337134358919124, 0.649117828978108, 0.8243055026911164, 0.87517696799207, 0.5741185784972455, 0.6467242851784123, 0.45166921328577375, 1.2381880775390093]
score = 0.6473571075691977
holdout = [[0.6130787191172576, 0.6057773766517212, 0.4127661929696886], [0.5945727772759355, 0.5905055363854397, 0.4270982678371072], [0.6057718995941203, 0.5910391585181244, 0.41609078873165645], [0.5818355799969103, 0.6927290929237063, 0.44767752665454524], [0.5527657125101533, 0.6901828979329377, 0.450852060682367], [0.6098542418967645, 0.5422304581922844, 0.39333321789351183], [0.5698417920387144, 0.5880874635186412, 0.4353896640767364], [0.6114165180936817, 0.6310539958020421, 0.41400643301717327], [0.5634490670370359, 0.5368524427781844, 0.39664503454468564], [0.5283247375536207, 0.5909046436000134, 0.4378095621697729], [0.5943775591377084, 0.6094524197938356, 0.434752249741527], [0.5815890824876916, 0.602412499458852, 0.4351926195612737]]
>>> t = 17 ===================================================================================================
setup_training %%%%%%%%%%%%%%%%%%%%%%%%%%%%%%%%%%%%%%%%%%%%
len(feats) = 98
<IKGCoverThree>
    <>~Market & (
        <>Return{.&pure&~digit&~TEN} & ~Since & Return{.&
            <>(oo|cc|aoo|acc|daoc)
            & index[0]
          }
        | Return{.&pure&~index} & ~Since & Return{.&
            <>(oo|aoo)
            & [3:,6:,9:,12:,15:,18:,6:3,9:6,12:9,15:12,18:15,21:18,9:3,12:6,            15:9,18:12,21:15,12:3,15:6,18:9,21:12,15:3,18:6,21:9,18:3,21:6,21:3]
          }
        | (
            <>Return{(oo{.&[1:]}|aoo[1:])}
            & (
                <> ~Drawdown&~Drawup&~Since{Min}&~Since{Max}
                | Drawdown[1:, 5:,10:]
                | Since{Max&index[0]}
                | Since{Min&index[0,10]}
              )
            & Since[21:,62:,125:,250:]
          )
      )
    |
        <>AssetEnc{InUni}
        | AssetEnc{Code}
    |
        <>FaceValue{Volume}
        | Return{mix[1,2,3,4,5,6,7,8,9,11,12,13,14,15,16,17,18,19]}
        | Return{rr|af|it}
    
len(samps) = 12
[[2010.0, 2010.25], [2010.5, 2010.75], [2011.0, 2011.25], [2011.5, 2011.75], [2012.0, 2012.25], [2012.5, 2012.75], [2013.0, 2013.25], [2013.5, 2013.75], [2014.0, 2014.25], [2014.5, 2014.75], [2015.0, 2015.25], []]
>>>  k = 0 ---------------------------------------------------------------------------------------------------
{'learning_rate': 0.05, 'max_depth': -1, 'num_leaves': 4096, 'num_iterations': 500}
{'min_data_in_leaf': 120, 'min_sum_hessian_in_leaf': 100, 'lambda_l1': 0, 'lambda_l2': 0}
<<<RESULTS>>>: walk 17 <IKGCoverThree>
nbest = 479
train = [1.2163057948486913, 1.2180648344833025, 1.233032949422481, 1.2088778969228189, 1.186811098495632, 1.2250375557636544, 1.2149043939821875, 1.2249921234693109, 1.2583162308256295, 1.2408451026419425, 1.2404430483085247, 1.2291985791628635]
scores = [0.6060969327024143, 0.681916062635381, 0.7512735229746008, 0.4747091177619504, 1.0426840434663494, 0.6476231116064443, 0.8665042718546283, 0.8919448718739271, 0.5737112342439958, 0.6396832785157314, 0.4640947071659588, 1.2291985791628635]
score = 0.6614503176751367
holdout = [[0.5892113233282208, 0.6939961504118085, 0.38573314274032316], [0.588140089424712, 0.700438552151451, 0.40627605389305055], [0.5807924666428076, 0.6936871312748313, 0.4074958192970508], [0.5654312551015604, 0.7778907776769705, 0.42683315959324614], [0.5465774782633277, 0.7263490249460585, 0.4228271833117006], [0.5954421111401759, 0.6465961832946661, 0.40273760612639287], [0.5572621072292709, 0.6990916534128027, 0.41457207463881485], [0.5810755960013055, 0.7289584166353635, 0.3778266580425029], [0.5730847686626722, 0.664261763398122, 0.38970422907087576], [0.5101592968506455, 0.7045568986674654, 0.4226854887311498], [0.5858256552521334, 0.7063431383769294, 0.4406679337235178], [0.5701175169904031, 0.6889585034825171, 0.4011649914946592]]
>>> t = 18 ===================================================================================================
setup_training %%%%%%%%%%%%%%%%%%%%%%%%%%%%%%%%%%%%%%%%%%%%
len(feats) = 115
<IKGCoverVolatility>
    <>~Market & (
        <>Return{.&pure&~digit&~TEN} & ~Since & Return{.&
            <>(oo|cc|aoo|acc|daoc)
            & index[0]
          }
        | Return{.&pure&~index} & ~Since & Return{.&
            <>(oo|aoo)
            & [5:,10:,15:,10:5,15:10,20:15,15:5,20:10,20:5]
          }
        | (
            <>Return{(oo{.&[1:]}|aoo[1:])}
            & (
                <> ~Drawdown&~Drawup&~Since{Min}&~Since{Max}
                | Drawdown[1:, 5:,10:]
                | Since{Max&index[0]}
                | Since{Min&index[0,10]}
              )
            & Since[21:,62:,125:,250:]
          )
        | (
            <> Volatility[60:]
            | Volatility[20:]
            & (
                | Since{Max & index[0,10]}
                | Since{Min & index[0,10]}
              )
            & Since[21:,65:,125:,250:]
          )
      )
    |
        <>FaceValue{Volume}
        | Return{mix[1,2,3,4,5,6,7,8,9,11,12,13,14,15,16,17,18,19]}
        | Return{rr|af|it}
    
len(samps) = 12
[[2010.0, 2010.25], [2010.5, 2010.75], [2011.0, 2011.25], [2011.5, 2011.75], [2012.0, 2012.25], [2012.5, 2012.75], [2013.0, 2013.25], [2013.5, 2013.75], [2014.0, 2014.25], [2014.5, 2014.75], [2015.0, 2015.25], []]
>>>  k = 0 ---------------------------------------------------------------------------------------------------
{'learning_rate': 0.05, 'max_depth': -1, 'num_leaves': 4096, 'num_iterations': 500}
{'min_data_in_leaf': 120, 'min_sum_hessian_in_leaf': 100, 'lambda_l1': 0, 'lambda_l2': 0}
<<<RESULTS>>>: walk 18 <IKGCoverVolatility>
nbest = 282
train = [1.1201483711629456, 1.1288875187930922, 1.143664446258078, 1.1110754704869934, 1.0872367224031605, 1.1392858137003563, 1.1173798707761071, 1.1306621685468743, 1.1586383036247048, 1.1488068669475562, 1.1387101206692183, 1.1404392281340698]
scores = [0.5309781205767857, 0.674112246968721, 0.7847113763655668, 0.4790196726656025, 0.9747945902221239, 0.5956872466760251, 0.8580137194822823, 0.8658389308972206, 0.5392081308228994, 0.6221996054275545, 0.4159961077218215, 1.1404392281340698]
score = 0.6335937227946715
holdout = [[0.6049762401917568, 0.6576970762246789, 0.35819175447631646], [0.5644510566147701, 0.6681756758823121, 0.39154345599053925], [0.5594439286861126, 0.6645638930156964, 0.3877331895980754], [0.5458277755875479, 0.7821461511646952, 0.38825426902028415], [0.5507428541558014, 0.7431212301526335, 0.41303136594875817], [0.5847631932727138, 0.6679702796082788, 0.3647131555060385], [0.5382929883058718, 0.6526352714433202, 0.38722325734074314], [0.5872469935346686, 0.7079130611355522, 0.371288035519334], [0.558907925750994, 0.6581792187017648, 0.3834003239402149], [0.49397190417601755, 0.684507811782017, 0.3984204686073069], [0.5626822663402858, 0.6904256532574253, 0.41471419344629656], [0.566487365899764, 0.6594579058738155, 0.3713027061556511]]
>>> t = 19 ===================================================================================================
setup_training %%%%%%%%%%%%%%%%%%%%%%%%%%%%%%%%%%%%%%%%%%%%
len(feats) = 102
<IKGCoverHomo>
    <>~Market & (
        <>Return{.&pure&~digit&~TEN} & ~Since & Return{.&
            <>(oo|cc|aoo|acc|daoc)
            & index[0]
          }
        | Return{.&pure&~index} & ~Since & Return{.&
            <>(oo|aoo)
            & [5:,10:,15:,10:5,15:10,20:15,15:5,20:10,20:5]
          }
        | (
            <>Return{(oo{.&[1:]}|aoo[1:])}
            & (
                <> ~Drawdown&~Drawup&~Since{Min}&~Since{Max}
                | Drawdown[1:, 5:,10:]
                | Since{Max&index[0]}
                | Since{Min&index[0,10]}
              )
            & Since[21:,62:,125:,250:]
          )
      )
    |
        <>FaceValue{Volume}
        | Return{mix[1,2,3,4,5,6,7,8,9,11,12,13,14,15,16,17,18,19]}
        | Return{rr|af|it}
    
len(samps) = 12
[[2010.0, 2010.25], [2010.5, 2010.75], [2011.0, 2011.25], [2011.5, 2011.75], [2012.0, 2012.25], [2012.5, 2012.75], [2013.0, 2013.25], [2013.5, 2013.75], [2014.0, 2014.25], [2014.5, 2014.75], [2015.0, 2015.25], []]
>>>  k = 0 ---------------------------------------------------------------------------------------------------
{'learning_rate': 0.05, 'max_depth': -1, 'num_leaves': 4096, 'num_iterations': 500}
{'min_data_in_leaf': 120, 'min_sum_hessian_in_leaf': 100, 'lambda_l1': 0, 'lambda_l2': 0}
<<<RESULTS>>>: walk 19 <IKGCoverHomo>
nbest = 478
train = [1.1611320663228941, 1.1616340895897332, 1.1790893936263949, 1.1548200808760019, 1.1333012263212816, 1.1762999548336295, 1.1637245625902568, 1.1724386461285434, 1.2055725179943124, 1.1831767927014216, 1.1838604045396537, 1.183484909229866]
scores = [0.5907677204305404, 0.7073050892101915, 0.7618881371309897, 0.4460670438786136, 0.9529299823702853, 0.6445143417953588, 0.8315334419319559, 0.9125972814949002, 0.5769907730114519, 0.6462092825439153, 0.42239725483416435, 1.183484909229866]
score = 0.6449191349243099
holdout = [[0.5582621563051493, 0.6579653333630133, 0.39208172181801443], [0.5370573398555506, 0.6501856462385837, 0.39344887590970284], [0.5277237447089599, 0.6515062064555887, 0.4057705274824865], [0.5022765664088014, 0.7880330075588471, 0.42476687970597143], [0.49093091974362174, 0.7051198523830281, 0.43704172257892443], [0.5203911023474879, 0.6188961793878908, 0.38904103693760944], [0.4744701139328507, 0.6486956173218215, 0.4146489511828805], [0.5280186792549324, 0.682649857700037, 0.3815857857026487], [0.5420748794894896, 0.6448439127402853, 0.39417519437269916], [0.47525433497351993, 0.6690058455679528, 0.41764942949853306], [0.5034531486004785, 0.6747112950679649, 0.42412541257241015], [0.5240116671544222, 0.6736549228151162, 0.39519145798431315]]
>>> t = 20 ===================================================================================================
setup_training %%%%%%%%%%%%%%%%%%%%%%%%%%%%%%%%%%%%%%%%%%%%
len(feats) = 133
<IKGCoverThreeVP1>
    <>~Market & (
        <>Return{.&pure&~digit&~TEN} & ~Since & Return{.&
            <>(oo|cc|aoo|acc|daoc|vp1dd)
            & index[0]
          }
        | Return{.&pure&~index} & ~Since & Return{.&
            <>(oo|aoo|vp1dd)
            & [3:,6:,9:,12:,15:,18:,6:3,9:6,12:9,15:12,18:15,21:18,9:3,12:6,            15:9,18:12,21:15,12:3,15:6,18:9,21:12,15:3,18:6,21:9,18:3,21:6,21:3]
          }
        | (
            <>Return{(oo{.&[1:]}|aoo[1:]|vp1dd)}
            & (
                <> ~Drawdown&~Drawup&~Since{Min}&~Since{Max}
                | Drawdown[1:, 5:,10:]
                | Since{Max&index[0]}
                | Since{Min&index[0,10]}
              )
            & Since[21:,62:,125:,250:]
          )
      )
    |
        <>AssetEnc{InUni}
        | AssetEnc{Code}
    |
        <>FaceValue{Volume}
        | Return{mix[1,2,3,4,5,6,7,8,9,11,12,13,14,15,16,17,18,19]}
        | Return{rr|af|it}
    
len(samps) = 12
[[2010.0, 2010.25], [2010.5, 2010.75], [2011.0, 2011.25], [2011.5, 2011.75], [2012.0, 2012.25], [2012.5, 2012.75], [2013.0, 2013.25], [2013.5, 2013.75], [2014.0, 2014.25], [2014.5, 2014.75], [2015.0, 2015.25], []]
>>>  k = 0 ---------------------------------------------------------------------------------------------------
{'learning_rate': 0.05, 'max_depth': -1, 'num_leaves': 4096, 'num_iterations': 500}
{'min_data_in_leaf': 120, 'min_sum_hessian_in_leaf': 100, 'lambda_l1': 0, 'lambda_l2': 0}
<<<RESULTS>>>: walk 20 <IKGCoverThreeVP1>
nbest = 487
train = [1.2326283089295063, 1.2377550685712477, 1.250710330619481, 1.2330844813545574, 1.2060475259264098, 1.240578363660467, 1.2327132275124564, 1.2437332830072254, 1.269202645353629, 1.2523494533658017, 1.2564314266295638, 1.2531638127043527]
scores = [0.5758289268764412, 0.6304688082138594, 0.759548841875461, 0.5411203138161305, 1.0640258453520004, 0.6488226732222699, 0.8477084931177505, 0.9055502251258332, 0.5991124661624095, 0.6205595628535101, 0.48253594911209474, 1.2531638127043527]
score = 0.6692415947706878
holdout = [[0.6818695865302946, 0.6349743031922884, 0.39638919473098805], [0.6659647641211619, 0.6450838787149455, 0.37798404427614746], [0.6876743505210637, 0.6241663971297723, 0.3783221417070705], [0.643090899061142, 0.7435810201161377, 0.44242073329188697], [0.6513532514647778, 0.6572052869580294, 0.42462080778357286], [0.6917710880776137, 0.5884982566927831, 0.3910291462828063], [0.6780712348483617, 0.6414275864069986, 0.41690251805314693], [0.7042674407873178, 0.6790355621673689, 0.38548174695654064], [0.680879089205661, 0.6023196495172725, 0.37345538617231283], [0.627541025150007, 0.6275693185403732, 0.4227342197317486], [0.7007127252090057, 0.6600410819460953, 0.4120095594516503], [0.6784610765797554, 0.6443531833125542, 0.4036109431682915]]
>>> t = 21 ===================================================================================================
setup_training %%%%%%%%%%%%%%%%%%%%%%%%%%%%%%%%%%%%%%%%%%%%
len(feats) = 94
<IKGCoverThreeNoShort>
    <>~Market & (
        | Return{.&pure&~index} & ~Since & Return{.&
            <>(oo|aoo)
            & [3:,6:,9:,12:,15:,18:,6:3,9:6,12:9,15:12,18:15,21:18,9:3,12:6,            15:9,18:12,21:15,12:3,15:6,18:9,21:12,15:3,18:6,21:9,18:3,21:6,21:3]
          }
        | (
            <>Return{(oo{.&[1:]}|aoo[1:])}
            & (
                <> ~Drawdown&~Drawup&~Since{Min}&~Since{Max}
                | Drawdown[1:, 5:,10:]
                | Since{Max&index[0]}
                | Since{Min&index[0,10]}
              )
            & Since[21:,62:,125:,250:]
          )
      )
    |
        <>AssetEnc{InUni}
        | AssetEnc{Code}
    |
        <>FaceValue{Volume}
        | Return{mix[1,2,3,4,5,6,7,8,9,11,12,13,14,15,16,17,18,19]}
        | Return{rr|af|it}
    
len(samps) = 12
[[2010.0, 2010.25], [2010.5, 2010.75], [2011.0, 2011.25], [2011.5, 2011.75], [2012.0, 2012.25], [2012.5, 2012.75], [2013.0, 2013.25], [2013.5, 2013.75], [2014.0, 2014.25], [2014.5, 2014.75], [2015.0, 2015.25], []]
>>>  k = 0 ---------------------------------------------------------------------------------------------------
{'learning_rate': 0.05, 'max_depth': -1, 'num_leaves': 4096, 'num_iterations': 500}
{'min_data_in_leaf': 120, 'min_sum_hessian_in_leaf': 100, 'lambda_l1': 0, 'lambda_l2': 0}
<<<RESULTS>>>: walk 21 <IKGCoverThreeNoShort>
nbest = 482
train = [1.2225830076243285, 1.2195067113108151, 1.2407832296784842, 1.2130421182814597, 1.1888418319194591, 1.2263389307283512, 1.2175918907172811, 1.2276851697150282, 1.261239177629189, 1.2448183466942402, 1.2402347479504785, 1.2332132048163076]
scores = [0.5945045710457806, 0.6711941545798609, 0.7522540216679479, 0.45795003850349314, 1.0233171717206395, 0.6470586313372606, 0.8714604049811722, 0.8876079349915404, 0.5740715846031215, 0.6382527305258846, 0.47373792967250317, 1.2332132048163076]
score = 0.6567148831015744
holdout = [[0.5969236989460752, 0.6731613768139285, 0.38714301570739373], [0.5664807911700241, 0.6708395065658174, 0.4152664910065205], [0.5908558766553406, 0.6793191559444284, 0.41122542872022105], [0.5629244641687594, 0.7922791821115699, 0.4383378569423208], [0.5557604687441339, 0.7160450172156, 0.4254811988032522], [0.590516966875768, 0.6462903484935256, 0.38469011060686636], [0.5562456162739053, 0.6913286084806879, 0.4263076218864054], [0.599369515648091, 0.7294884322554375, 0.3976968443742495], [0.5771331806658626, 0.6671261060307221, 0.38690065404515367], [0.5191302376274736, 0.6815543009148929, 0.41866632282725375], [0.6102951484942266, 0.7008881891249178, 0.42200075682765914], [0.5858036391646013, 0.6919542660534307, 0.42111948612312056]]
>>> t = 22 ===================================================================================================
setup_training %%%%%%%%%%%%%%%%%%%%%%%%%%%%%%%%%%%%%%%%%%%%
len(feats) = 108
<IKGCoverThreeMoreShort>
    <>~Market & (
        <>Return{.&pure&~digit&~TEN} & ~Since & Return{.&
            <>(oo|cc|aoo|acc|daoc)
            & index[0,1,2,0:1,1:2,0:2]
          }
        | Return{.&pure&~index} & ~Since & Return{.&
            <>(oo|aoo)
            & [3:,6:,9:,12:,15:,18:,6:3,9:6,12:9,15:12,18:15,21:18,9:3,12:6,            15:9,18:12,21:15,12:3,15:6,18:9,21:12,15:3,18:6,21:9,18:3,21:6,21:3]
          }
        | (
            <>Return{(oo{.&[1:]}|aoo[1:])}
            & (
                <> ~Drawdown&~Drawup&~Since{Min}&~Since{Max}
                | Drawdown[1:, 5:,10:]
                | Since{Max&index[0]}
                | Since{Min&index[0,10]}
              )
            & Since[21:,62:,125:,250:]
          )
      )
    |
        <>AssetEnc{InUni}
        | AssetEnc{Code}
    |
        <>FaceValue{Volume}
        | Return{mix[1,2,3,4,5,6,7,8,9,11,12,13,14,15,16,17,18,19]}
        | Return{rr|af|it}
    
len(samps) = 12
[[2010.0, 2010.25], [2010.5, 2010.75], [2011.0, 2011.25], [2011.5, 2011.75], [2012.0, 2012.25], [2012.5, 2012.75], [2013.0, 2013.25], [2013.5, 2013.75], [2014.0, 2014.25], [2014.5, 2014.75], [2015.0, 2015.25], []]
>>>  k = 0 ---------------------------------------------------------------------------------------------------
{'learning_rate': 0.05, 'max_depth': -1, 'num_leaves': 4096, 'num_iterations': 500}
{'min_data_in_leaf': 120, 'min_sum_hessian_in_leaf': 100, 'lambda_l1': 0, 'lambda_l2': 0}
<<<RESULTS>>>: walk 22 <IKGCoverThreeMoreShort>
nbest = 490
train = [1.2222183875741477, 1.2216948783580945, 1.243675443103565, 1.217739501453775, 1.1893469740332794, 1.2265535390196207, 1.2238506869772363, 1.2306186923748963, 1.259391877531561, 1.2372965333263377, 1.2462849246434506, 1.2409383384980148]
scores = [0.6019121513058118, 0.7042989951499136, 0.756653930673502, 0.4657360576027507, 1.0270821471140597, 0.6621895758215454, 0.8767266551111361, 0.8934599584856681, 0.5758859796580278, 0.6277800299865178, 0.45475082364731645, 1.2409383384980148]
score = 0.6603317898261682
holdout = [[0.5916611794621444, 0.6720734327600535, 0.4071604451618798], [0.5980994048457915, 0.6874112236195591, 0.40872534043662834], [0.5942032515991247, 0.6947198897891936, 0.4067122061855534], [0.5669194342709348, 0.8078025689111916, 0.4349332803411045], [0.5461313233570579, 0.728037074180171, 0.4406505281402285], [0.5669309500102582, 0.6573144698062136, 0.3860405205301638], [0.5789092572609889, 0.6926027164077625, 0.41643711739705025], [0.6144306882769119, 0.7503312006955535, 0.399587891731781], [0.569487419436319, 0.6717888187756968, 0.38807191855950324], [0.5260429497504595, 0.6814570500176105, 0.4145030159981927], [0.6065492383069675, 0.7159535173367666, 0.4290790491445042], [0.5800592903526133, 0.7276337554687456, 0.4119985008372166]]
>>> t = 23 ===================================================================================================
setup_training %%%%%%%%%%%%%%%%%%%%%%%%%%%%%%%%%%%%%%%%%%%%
len(feats) = 96
<IKGCoverThreeHomo>
    <>~Market & (
        <>Return{.&pure&~digit&~TEN} & ~Since & Return{.&
            <>(oo|cc|aoo|acc|daoc)
            & index[0]
          }
        | Return{.&pure&~index} & ~Since & Return{.&
            <>(oo|aoo)
            & [3:,6:,9:,12:,15:,18:,6:3,9:6,12:9,15:12,18:15,21:18,9:3,12:6,            15:9,18:12,21:15,12:3,15:6,18:9,21:12,15:3,18:6,21:9,18:3,21:6,21:3]
          }
        | (
            <>Return{(oo{.&[1:]}|aoo[1:])}
            & (
                <> ~Drawdown&~Drawup&~Since{Min}&~Since{Max}
                | Drawdown[1:, 5:,10:]
                | Since{Max&index[0]}
                | Since{Min&index[0,10]}
              )
            & Since[21:,62:,125:,250:]
          )
      )
    |
        <>FaceValue{Volume}
        | Return{mix[1,2,3,4,5,6,7,8,9,11,12,13,14,15,16,17,18,19]}
        | Return{rr|af|it}
    